2025-12-23T20:18:48,126 INFO [main] org.hibernate.validator.internal.util.Version - HV000001: Hibernate Validator 6.2.5.Final
2025-12-23T20:18:48,738 INFO [main] org.apache.druid.guice.ExtensionsLoader - Loading extension [druid-histogram], jars: druid-histogram-34.0.0.jar. Druid extension dependencies [[]]
2025-12-23T20:18:48,790 INFO [main] org.apache.druid.guice.ExtensionsLoader - Loading extension [druid-datasketches], jars: druid-datasketches-34.0.0.jar, commons-math3-3.6.1.jar. Druid extension dependencies [[]]
2025-12-23T20:18:48,821 INFO [main] org.apache.druid.guice.ExtensionsLoader - Loading extension [druid-lookups-cached-global], jars: mapdb-1.0.8.jar, druid-lookups-cached-global-34.0.0.jar. Druid extension dependencies [[]]
2025-12-23T20:18:48,848 INFO [main] org.apache.druid.guice.ExtensionsLoader - Loading extension [postgresql-metadata-storage], jars: checker-qual-3.42.0.jar, postgresql-42.7.2.jar, postgresql-metadata-storage-34.0.0.jar. Druid extension dependencies [[]]
2025-12-23T20:18:48,852 INFO [main] org.apache.druid.guice.ExtensionsLoader - Loading extension [druid-multi-stage-query], jars: druid-multi-stage-query-34.0.0.jar. Druid extension dependencies [[]]
2025-12-23T20:18:48,864 INFO [main] org.apache.druid.guice.ExtensionsLoader - Loading extension [druid-kafka-indexing-service], jars: druid-kafka-indexing-service-34.0.0.jar, kafka-clients-3.9.1.jar, snappy-java-1.1.10.7.jar, lz4-java-1.8.0.jar, zstd-jni-1.5.2-3.jar. Druid extension dependencies [[]]
2025-12-23T20:18:49,312 INFO [main] org.apache.druid.guice.ExtensionsLoader - Loading extension [druid-histogram], jars: druid-histogram-34.0.0.jar. Druid extension dependencies [[]]
2025-12-23T20:18:49,315 INFO [main] org.apache.druid.guice.ExtensionsLoader - Loading extension [druid-datasketches], jars: druid-datasketches-34.0.0.jar, commons-math3-3.6.1.jar. Druid extension dependencies [[]]
2025-12-23T20:18:49,322 INFO [main] org.apache.druid.guice.ExtensionsLoader - Loading extension [druid-lookups-cached-global], jars: mapdb-1.0.8.jar, druid-lookups-cached-global-34.0.0.jar. Druid extension dependencies [[]]
2025-12-23T20:18:49,324 INFO [main] org.apache.druid.guice.ExtensionsLoader - Loading extension [postgresql-metadata-storage], jars: checker-qual-3.42.0.jar, postgresql-42.7.2.jar, postgresql-metadata-storage-34.0.0.jar. Druid extension dependencies [[]]
2025-12-23T20:18:49,327 INFO [main] org.apache.druid.guice.ExtensionsLoader - Loading extension [druid-multi-stage-query], jars: druid-multi-stage-query-34.0.0.jar. Druid extension dependencies [[]]
2025-12-23T20:18:49,341 INFO [main] org.apache.druid.guice.ExtensionsLoader - Loading extension [druid-kafka-indexing-service], jars: druid-kafka-indexing-service-34.0.0.jar, kafka-clients-3.9.1.jar, snappy-java-1.1.10.7.jar, lz4-java-1.8.0.jar, zstd-jni-1.5.2-3.jar. Druid extension dependencies [[]]
2025-12-23T20:18:50,143 INFO [main] org.apache.druid.guice.JsonConfigurator - Skipping property [druid.emitter.logging.logLevel]: one of it's prefixes [druid] is also used as a property key.
2025-12-23T20:18:50,195 INFO [main] org.apache.druid.server.emitter.EmitterModule - Using emitter [NoopEmitter{}] for metrics and alerts, with dimensions [{version=34.0.0}].
2025-12-23T20:18:50,525 INFO [main] org.apache.druid.server.metrics.MetricsModule - Loaded 5 monitors: org.apache.druid.java.util.metrics.JvmMonitor, org.apache.druid.server.metrics.ServiceStatusMonitor, org.apache.druid.query.ExecutorServiceMonitor, org.apache.druid.curator.DruidConnectionStateListener, org.apache.druid.server.initialization.jetty.JettyServerModule$JettyMonitor
2025-12-23T20:18:50,536 INFO [main] org.apache.druid.cli.CliPeon - Starting up with processors [4], memory [1,073,741,824], maxMemory [1,073,741,824], directMemory [3,221,225,472]. Properties follow.
2025-12-23T20:18:50,537 INFO [main] org.apache.druid.cli.CliPeon - * attemptId: 1
2025-12-23T20:18:50,537 INFO [main] org.apache.druid.cli.CliPeon - * druid.emitter: noop
2025-12-23T20:18:50,537 INFO [main] org.apache.druid.cli.CliPeon - * druid.emitter.logging.logLevel: debug
2025-12-23T20:18:50,537 INFO [main] org.apache.druid.cli.CliPeon - * druid.extensions.loadList: ["druid-histogram","druid-datasketches","druid-lookups-cached-global","postgresql-metadata-storage","druid-multi-stage-query","druid-kafka-indexing-service"]
2025-12-23T20:18:50,537 INFO [main] org.apache.druid.cli.CliPeon - * druid.host: 172.20.0.10
2025-12-23T20:18:50,537 INFO [main] org.apache.druid.cli.CliPeon - * druid.indexer.fork.property.druid.processing.buffer.sizeBytes: 256MiB
2025-12-23T20:18:50,537 INFO [main] org.apache.druid.cli.CliPeon - * druid.indexer.logs.directory: /opt/shared/indexing-logs
2025-12-23T20:18:50,537 INFO [main] org.apache.druid.cli.CliPeon - * druid.indexer.logs.type: file
2025-12-23T20:18:50,537 INFO [main] org.apache.druid.cli.CliPeon - * druid.indexer.runner.javaOptsArray: ["-server", "-Xmx1g", "-Xms1g", "-XX:MaxDirectMemorySize=3g", "-Duser.timezone=UTC", "-Dfile.encoding=UTF-8", "-Djava.util.logging.manager=org.apache.logging.log4j.jul.LogManager"]
2025-12-23T20:18:50,537 INFO [main] org.apache.druid.cli.CliPeon - * druid.indexer.task.baseTaskDir: /opt/druid/var/druid/task/slot1
2025-12-23T20:18:50,537 INFO [main] org.apache.druid.cli.CliPeon - * druid.indexer.task.hadoopWorkingPath: var/druid/hadoop-tmp
2025-12-23T20:18:50,537 INFO [main] org.apache.druid.cli.CliPeon - * druid.indexer.task.tmpStorageBytesPerTask: 4611686018427387903
2025-12-23T20:18:50,537 INFO [main] org.apache.druid.cli.CliPeon - * druid.indexing.doubleStorage: double
2025-12-23T20:18:50,537 INFO [main] org.apache.druid.cli.CliPeon - * druid.lookup.enableLookupSyncOnStartup: false
2025-12-23T20:18:50,537 INFO [main] org.apache.druid.cli.CliPeon - * druid.metadata.storage.connector.connectURI: jdbc:postgresql://postgres:5432/druid
2025-12-23T20:18:50,537 INFO [main] org.apache.druid.cli.CliPeon - * druid.metadata.storage.connector.host: localhost
2025-12-23T20:18:50,538 INFO [main] org.apache.druid.cli.CliPeon - * druid.metadata.storage.connector.password: <masked>
2025-12-23T20:18:50,538 INFO [main] org.apache.druid.cli.CliPeon - * druid.metadata.storage.connector.port: 1527
2025-12-23T20:18:50,538 INFO [main] org.apache.druid.cli.CliPeon - * druid.metadata.storage.connector.user: druid
2025-12-23T20:18:50,538 INFO [main] org.apache.druid.cli.CliPeon - * druid.metadata.storage.host: 
2025-12-23T20:18:50,538 INFO [main] org.apache.druid.cli.CliPeon - * druid.metadata.storage.type: postgresql
2025-12-23T20:18:50,538 INFO [main] org.apache.druid.cli.CliPeon - * druid.metrics.emitter.dimension.dataSource: system-metrics
2025-12-23T20:18:50,538 INFO [main] org.apache.druid.cli.CliPeon - * druid.metrics.emitter.dimension.groupId: index_kafka_system-metrics
2025-12-23T20:18:50,538 INFO [main] org.apache.druid.cli.CliPeon - * druid.metrics.emitter.dimension.taskId: index_kafka_system-metrics_2fc61c1672bd198_dfjikglg
2025-12-23T20:18:50,538 INFO [main] org.apache.druid.cli.CliPeon - * druid.metrics.emitter.dimension.taskType: index_kafka
2025-12-23T20:18:50,538 INFO [main] org.apache.druid.cli.CliPeon - * druid.monitoring.monitors: ["org.apache.druid.java.util.metrics.JvmMonitor", "org.apache.druid.server.metrics.ServiceStatusMonitor"]
2025-12-23T20:18:50,538 INFO [main] org.apache.druid.cli.CliPeon - * druid.node.type: middleManager
2025-12-23T20:18:50,538 INFO [main] org.apache.druid.cli.CliPeon - * druid.plaintextPort: 8101
2025-12-23T20:18:50,538 INFO [main] org.apache.druid.cli.CliPeon - * druid.processing.buffer.sizeBytes: 256MiB
2025-12-23T20:18:50,538 INFO [main] org.apache.druid.cli.CliPeon - * druid.processing.numMergeBuffers: 2
2025-12-23T20:18:50,538 INFO [main] org.apache.druid.cli.CliPeon - * druid.processing.numThreads: 2
2025-12-23T20:18:50,539 INFO [main] org.apache.druid.cli.CliPeon - * druid.selectors.coordinator.serviceName: druid/coordinator
2025-12-23T20:18:50,539 INFO [main] org.apache.druid.cli.CliPeon - * druid.selectors.indexing.serviceName: druid/overlord
2025-12-23T20:18:50,539 INFO [main] org.apache.druid.cli.CliPeon - * druid.server.hiddenProperties: ["druid.s3.accessKey","druid.s3.secretKey","druid.metadata.storage.connector.password", "password", "key", "token", "pwd"]
2025-12-23T20:18:50,539 INFO [main] org.apache.druid.cli.CliPeon - * druid.server.http.numThreads: 12
2025-12-23T20:18:50,539 INFO [main] org.apache.druid.cli.CliPeon - * druid.service: druid/middleManager
2025-12-23T20:18:50,539 INFO [main] org.apache.druid.cli.CliPeon - * druid.sql.enable: true
2025-12-23T20:18:50,539 INFO [main] org.apache.druid.cli.CliPeon - * druid.sql.planner.useGroupingSetForExactDistinct: true
2025-12-23T20:18:50,539 INFO [main] org.apache.druid.cli.CliPeon - * druid.startup.logging.logProperties: true
2025-12-23T20:18:50,539 INFO [main] org.apache.druid.cli.CliPeon - * druid.storage.storageDirectory: /opt/shared/segments
2025-12-23T20:18:50,539 INFO [main] org.apache.druid.cli.CliPeon - * druid.storage.type: local
2025-12-23T20:18:50,539 INFO [main] org.apache.druid.cli.CliPeon - * druid.task.executor.enablePlaintextPort: true
2025-12-23T20:18:50,539 INFO [main] org.apache.druid.cli.CliPeon - * druid.task.executor.enableTlsPort: false
2025-12-23T20:18:50,539 INFO [main] org.apache.druid.cli.CliPeon - * druid.task.executor.host: 172.20.0.10
2025-12-23T20:18:50,539 INFO [main] org.apache.druid.cli.CliPeon - * druid.task.executor.plaintextPort: 8091
2025-12-23T20:18:50,539 INFO [main] org.apache.druid.cli.CliPeon - * druid.task.executor.service: druid/middleManager
2025-12-23T20:18:50,539 INFO [main] org.apache.druid.cli.CliPeon - * druid.task.executor.tlsPort: -1
2025-12-23T20:18:50,539 INFO [main] org.apache.druid.cli.CliPeon - * druid.tlsPort: -1
2025-12-23T20:18:50,540 INFO [main] org.apache.druid.cli.CliPeon - * druid.worker.baseTaskDirs: ["var/druid/task"]
2025-12-23T20:18:50,540 INFO [main] org.apache.druid.cli.CliPeon - * druid.worker.capacity: 2
2025-12-23T20:18:50,540 INFO [main] org.apache.druid.cli.CliPeon - * druid.zk.paths.base: /druid
2025-12-23T20:18:50,540 INFO [main] org.apache.druid.cli.CliPeon - * druid.zk.service.host: zookeeper
2025-12-23T20:18:50,540 INFO [main] org.apache.druid.cli.CliPeon - * file.encoding: UTF-8
2025-12-23T20:18:50,540 INFO [main] org.apache.druid.cli.CliPeon - * file.separator: /
2025-12-23T20:18:50,540 INFO [main] org.apache.druid.cli.CliPeon - * java.class.path: /tmp/conf/druid/single-server/micro-quickstart/_common:/tmp/conf/druid/single-server/micro-quickstart/middleManager:lib/joni-2.1.34.jar:lib/jcodings-1.0.50.jar:lib/commons-dbcp2-2.0.1.jar:lib/airline-2.8.4.jar:lib/jackson-datatype-guava-2.18.4.jar:lib/cron-scheduler-0.1.jar:lib/jackson-dataformat-cbor-2.18.4.jar:lib/commons-beanutils-1.11.0.jar:lib/netty-codec-socks-4.1.122.Final.jar:lib/jmespath-java-1.12.784.jar:lib/calcite-core-1.37.0.jar:lib/netty-handler-4.1.122.Final.jar:lib/jboss-logging-3.4.1.Final.jar:lib/commons-codec-1.16.1.jar:lib/maven-model-builder-3.6.0.jar:lib/httpclient5-5.2.1.jar:lib/commons-collections-3.2.2.jar:lib/joda-time-2.14.0.jar:lib/xz-1.9.jar:lib/maven-resolver-spi-1.3.1.jar:lib/druid-processing-34.0.0.jar:lib/antlr4-runtime-4.5.3.jar:lib/jna-5.13.0.jar:lib/apiguardian-api-1.1.2.jar:lib/janino-3.1.11.jar:lib/maven-resolver-connector-basic-1.3.1.jar:lib/jts-core-1.19.0.jar:lib/log4j-api-2.22.1.jar:lib/jakarta.inject-api-1.0.3.jar:lib/jersey-servlet-1.19.4.jar:lib/jackson-core-2.18.4.1.jar:lib/rhino-1.7.14.jar:lib/istack-commons-runtime-3.0.11.jar:lib/maven-resolver-transport-http-1.3.1.jar:lib/google-api-client-2.2.0.jar:lib/log4j-1.2-api-2.22.1.jar:lib/jakarta.activation-1.2.2.jar:lib/jetty-util-9.4.57.v20241219.jar:lib/RoaringBitmap-0.9.49.jar:lib/maven-artifact-3.6.0.jar:lib/sigar-1.6.5.132.jar:lib/netty-buffer-4.1.122.Final.jar:lib/netty-codec-http-4.1.122.Final.jar:lib/maven-model-3.6.0.jar:lib/aws-java-sdk-kms-1.12.784.jar:lib/commons-text-1.13.1.jar:lib/jakarta.activation-api-1.2.2.jar:lib/javax.el-api-3.0.0.jar:lib/jackson-dataformat-smile-2.18.4.jar:lib/json-simple-1.1.1.jar:lib/resilience4j-bulkhead-1.3.1.jar:lib/jetty-security-9.4.57.v20241219.jar:lib/google-http-client-1.42.3.jar:lib/httpcore5-5.2.3.jar:lib/cron-utils-9.2.0.jar:lib/netty-transport-4.1.122.Final.jar:lib/ipaddress-5.3.4.jar:lib/jdbi-2.63.1.jar:lib/google-oauth-client-1.34.1.jar:lib/maven-resolver-impl-1.3.1.jar:lib/grpc-context-1.27.2.jar:lib/jetty-client-9.4.57.v20241219.jar:lib/commons-math3-3.6.1.jar:lib/commons-collections4-4.2.jar:lib/aws-java-sdk-core-1.12.784.jar:lib/zstd-jni-1.5.2-3.jar:lib/jna-platform-5.13.0.jar:lib/commons-io-2.17.0.jar:lib/gson-2.10.1.jar:lib/guice-5.1.0.jar:lib/netty-resolver-dns-4.1.122.Final.jar:lib/jcl-over-slf4j-2.0.16.jar:lib/zookeeper-jute-3.8.4.jar:lib/asm-commons-9.8.jar:lib/zookeeper-3.8.4.jar:lib/druid-server-34.0.0.jar:lib/plexus-utils-3.1.0.jar:lib/jackson-jq-0.0.10.jar:lib/google-http-client-jackson2-1.42.3.jar:lib/checker-qual-3.48.1.jar:lib/asm-9.8.jar:lib/jackson-jaxrs-smile-provider-2.18.4.jar:lib/jackson-annotations-2.18.4.jar:lib/netty-resolver-4.1.122.Final.jar:lib/jakarta.validation-api-2.0.2.jar:lib/failureaccess-1.0.1.jar:lib/jackson-module-guice-2.18.4.jar:lib/aopalliance-1.0.jar:lib/javax.inject-1.jar:lib/opencsv-4.6.jar:lib/jackson-databind-2.18.4.jar:lib/asm-tree-9.8.jar:lib/google-http-client-gson-1.42.3.jar:lib/fastutil-core-8.5.4.jar:lib/fastutil-8.5.4.jar:lib/opencensus-contrib-http-util-0.31.1.jar:lib/audience-annotations-0.12.0.jar:lib/disruptor-3.3.6.jar:lib/jetty-proxy-9.4.57.v20241219.jar:lib/httpclient-4.5.13.jar:lib/icu4j-73.2.jar:lib/js-22.3.5.jar:lib/jetty-http-9.4.57.v20241219.jar:lib/curator-x-discovery-5.8.0.jar:lib/datasketches-memory-2.2.0.jar:lib/commons-compiler-3.1.11.jar:lib/classmate-1.5.1.jar:lib/jersey-core-1.19.4.jar:lib/opencensus-api-0.31.1.jar:lib/log4j-slf4j2-impl-2.22.1.jar:lib/derbynet-10.14.2.0.jar:lib/jetty-server-9.4.57.v20241219.jar:lib/jaxb-runtime-2.3.3.jar:lib/lz4-java-1.8.0.jar:lib/curator-client-5.8.0.jar:lib/datasketches-java-4.2.0.jar:lib/commons-logging-1.3.5.jar:lib/avatica-core-1.25.0.jar:lib/web-console-34.0.0.jar:lib/jetty-servlets-9.4.57.v20241219.jar:lib/aws-java-sdk-ec2-1.12.784.jar:lib/jakarta.el-3.0.4.jar:lib/druid-indexing-service-34.0.0.jar:lib/log4j-jul-2.22.1.jar:lib/snappy-java-1.1.10.7.jar:lib/fastutil-extra-8.5.4.jar:lib/commons-pool2-2.2.jar:lib/netty-handler-proxy-4.1.122.Final.jar:lib/httpcore5-h2-5.2.jar:lib/httpcore-4.4.16.jar:lib/jackson-jaxrs-base-2.18.4.jar:lib/metrics-core-4.2.22.jar:lib/plexus-component-annotations-1.7.1.jar:lib/plexus-interpolation-1.25.jar:lib/derbyclient-10.14.2.0.jar:lib/uzaygezen-core-0.2.jar:lib/netty-transport-native-unix-common-4.1.122.Final.jar:lib/hibernate-validator-6.2.5.Final.jar:lib/jetty-servlet-9.4.57.v20241219.jar:lib/accessors-smart-2.5.2.jar:lib/regex-22.3.5.jar:lib/aws-java-sdk-s3-1.12.784.jar:lib/druid-gcp-common-34.0.0.jar:lib/derby-10.14.2.0.jar:lib/javax.servlet-api-3.1.0.jar:lib/maven-resolver-util-1.3.1.jar:lib/druid-indexing-hadoop-34.0.0.jar:lib/airline-io-2.8.4.jar:lib/vavr-match-0.10.2.jar:lib/maven-resolver-provider-3.6.0.jar:lib/js-scriptengine-22.3.5.jar:lib/calcite-linq4j-1.37.0.jar:lib/slf4j-api-2.0.16.jar:lib/jetty-io-9.4.57.v20241219.jar:lib/curator-recipes-5.8.0.jar:lib/jts-io-common-1.19.0.jar:lib/jsr311-api-1.1.1.jar:lib/compress-lzf-1.0.4.jar:lib/json-path-2.9.0.jar:lib/elasticache-java-cluster-client-1.2.0.jar:lib/jackson-module-jaxb-annotations-2.18.4.jar:lib/guice-servlet-5.1.0.jar:lib/commons-lang3-3.17.0.jar:lib/jackson-datatype-joda-2.18.4.jar:lib/guava-32.1.3-jre.jar:lib/maven-repository-metadata-3.6.0.jar:lib/json-smart-2.5.2.jar:lib/graal-sdk-22.3.5.jar:lib/jetty-util-ajax-9.4.57.v20241219.jar:lib/caffeine-2.8.0.jar:lib/jakarta.xml.bind-api-2.3.3.jar:lib/aws-java-sdk-sts-1.12.784.jar:lib/netty-common-4.1.122.Final.jar:lib/avatica-metrics-1.25.0.jar:lib/maven-builder-support-3.6.0.jar:lib/google-http-client-apache-v2-1.42.3.jar:lib/guice-assistedinject-5.1.0.jar:lib/jersey-guice-1.19.4.jar:lib/jackson-jaxrs-json-provider-2.18.4.jar:lib/druid-aws-common-34.0.0.jar:lib/error_prone_annotations-2.35.1.jar:lib/jetty-rewrite-9.4.57.v20241219.jar:lib/maven-resolver-api-1.3.1.jar:lib/druid-services-34.0.0.jar:lib/jetty-continuation-9.4.57.v20241219.jar:lib/oshi-core-6.4.4.jar:lib/log4j-core-2.22.1.jar:lib/txw2-2.3.3.jar:lib/protobuf-java-3.25.5.jar:lib/j2objc-annotations-2.8.jar:lib/vavr-0.10.2.jar:lib/commons-compress-1.26.0.jar:lib/annotations-26.0.2.jar:lib/jersey-server-1.19.4.jar:lib/truffle-api-22.3.5.jar:lib/netty-codec-dns-4.1.122.Final.jar:lib/proj4j-1.2.2.jar:lib/resilience4j-core-1.3.1.jar:lib/jsr305-3.0.2.jar:lib/druid-sql-34.0.0.jar:lib/shims-0.9.49.jar:lib/async-http-client-3.0.2.jar:lib/curator-framework-5.8.0.jar:lib/avatica-server-1.25.0.jar:lib/netty-3.10.6.Final.jar:lib/netty-codec-4.1.122.Final.jar:
2025-12-23T20:18:50,540 INFO [main] org.apache.druid.cli.CliPeon - * java.class.version: 61.0
2025-12-23T20:18:50,540 INFO [main] org.apache.druid.cli.CliPeon - * java.home: /usr/lib/jvm/java-17-openjdk-amd64
2025-12-23T20:18:50,540 INFO [main] org.apache.druid.cli.CliPeon - * java.io.tmpdir: var/tmp
2025-12-23T20:18:50,540 INFO [main] org.apache.druid.cli.CliPeon - * java.library.path: /usr/java/packages/lib:/usr/lib/x86_64-linux-gnu/jni:/lib/x86_64-linux-gnu:/usr/lib/x86_64-linux-gnu:/usr/lib/jni:/lib:/usr/lib
2025-12-23T20:18:50,541 INFO [main] org.apache.druid.cli.CliPeon - * java.runtime.name: OpenJDK Runtime Environment
2025-12-23T20:18:50,541 INFO [main] org.apache.druid.cli.CliPeon - * java.runtime.version: 17.0.15+6-Debian-1deb12u1
2025-12-23T20:18:50,541 INFO [main] org.apache.druid.cli.CliPeon - * java.specification.maintenance.version: 1
2025-12-23T20:18:50,541 INFO [main] org.apache.druid.cli.CliPeon - * java.specification.name: Java Platform API Specification
2025-12-23T20:18:50,541 INFO [main] org.apache.druid.cli.CliPeon - * java.specification.vendor: Oracle Corporation
2025-12-23T20:18:50,541 INFO [main] org.apache.druid.cli.CliPeon - * java.specification.version: 17
2025-12-23T20:18:50,541 INFO [main] org.apache.druid.cli.CliPeon - * java.util.logging.manager: org.apache.logging.log4j.jul.LogManager
2025-12-23T20:18:50,541 INFO [main] org.apache.druid.cli.CliPeon - * java.vendor: Debian
2025-12-23T20:18:50,541 INFO [main] org.apache.druid.cli.CliPeon - * java.vendor.url: https://tracker.debian.org/openjdk-17
2025-12-23T20:18:50,541 INFO [main] org.apache.druid.cli.CliPeon - * java.vendor.url.bug: https://bugs.debian.org/openjdk-17
2025-12-23T20:18:50,541 INFO [main] org.apache.druid.cli.CliPeon - * java.version: 17.0.15
2025-12-23T20:18:50,541 INFO [main] org.apache.druid.cli.CliPeon - * java.version.date: 2025-04-15
2025-12-23T20:18:50,541 INFO [main] org.apache.druid.cli.CliPeon - * java.vm.compressedOopsMode: 32-bit
2025-12-23T20:18:50,541 INFO [main] org.apache.druid.cli.CliPeon - * java.vm.info: mixed mode, sharing
2025-12-23T20:18:50,541 INFO [main] org.apache.druid.cli.CliPeon - * java.vm.name: OpenJDK 64-Bit Server VM
2025-12-23T20:18:50,541 INFO [main] org.apache.druid.cli.CliPeon - * java.vm.specification.name: Java Virtual Machine Specification
2025-12-23T20:18:50,541 INFO [main] org.apache.druid.cli.CliPeon - * java.vm.specification.vendor: Oracle Corporation
2025-12-23T20:18:50,542 INFO [main] org.apache.druid.cli.CliPeon - * java.vm.specification.version: 17
2025-12-23T20:18:50,542 INFO [main] org.apache.druid.cli.CliPeon - * java.vm.vendor: Debian
2025-12-23T20:18:50,542 INFO [main] org.apache.druid.cli.CliPeon - * java.vm.version: 17.0.15+6-Debian-1deb12u1
2025-12-23T20:18:50,542 INFO [main] org.apache.druid.cli.CliPeon - * jdk.debug: release
2025-12-23T20:18:50,542 INFO [main] org.apache.druid.cli.CliPeon - * line.separator: 

2025-12-23T20:18:50,542 INFO [main] org.apache.druid.cli.CliPeon - * log4j.shutdownCallbackRegistry: org.apache.druid.common.config.Log4jShutdown
2025-12-23T20:18:50,542 INFO [main] org.apache.druid.cli.CliPeon - * log4j.shutdownHookEnabled: true
2025-12-23T20:18:50,542 INFO [main] org.apache.druid.cli.CliPeon - * log4j2.configurationFactory: org.apache.druid.indexing.common.tasklogs.ConsoleLoggingEnforcementConfigurationFactory
2025-12-23T20:18:50,542 INFO [main] org.apache.druid.cli.CliPeon - * log4j2.is.webapp: false
2025-12-23T20:18:50,542 INFO [main] org.apache.druid.cli.CliPeon - * native.encoding: UTF-8
2025-12-23T20:18:50,542 INFO [main] org.apache.druid.cli.CliPeon - * os.arch: amd64
2025-12-23T20:18:50,542 INFO [main] org.apache.druid.cli.CliPeon - * os.name: Linux
2025-12-23T20:18:50,542 INFO [main] org.apache.druid.cli.CliPeon - * os.version: 6.14.0-37-generic
2025-12-23T20:18:50,542 INFO [main] org.apache.druid.cli.CliPeon - * path.separator: :
2025-12-23T20:18:50,542 INFO [main] org.apache.druid.cli.CliPeon - * sun.arch.data.model: 64
2025-12-23T20:18:50,542 INFO [main] org.apache.druid.cli.CliPeon - * sun.boot.library.path: /usr/lib/jvm/java-17-openjdk-amd64/lib
2025-12-23T20:18:50,542 INFO [main] org.apache.druid.cli.CliPeon - * sun.cpu.endian: little
2025-12-23T20:18:50,543 INFO [main] org.apache.druid.cli.CliPeon - * sun.io.unicode.encoding: UnicodeLittle
2025-12-23T20:18:50,543 INFO [main] org.apache.druid.cli.CliPeon - * sun.java.command: org.apache.druid.cli.Main internal peon var/druid/task/slot1/index_kafka_system-metrics_2fc61c1672bd198_dfjikglg 1 --loadBroadcastSegments true --loadBroadcastDatasourceMode ALL
2025-12-23T20:18:50,543 INFO [main] org.apache.druid.cli.CliPeon - * sun.java.launcher: SUN_STANDARD
2025-12-23T20:18:50,543 INFO [main] org.apache.druid.cli.CliPeon - * sun.jnu.encoding: UTF-8
2025-12-23T20:18:50,543 INFO [main] org.apache.druid.cli.CliPeon - * sun.management.compiler: HotSpot 64-Bit Tiered Compilers
2025-12-23T20:18:50,543 INFO [main] org.apache.druid.cli.CliPeon - * user.dir: /opt/druid
2025-12-23T20:18:50,543 INFO [main] org.apache.druid.cli.CliPeon - * user.home: /root
2025-12-23T20:18:50,543 INFO [main] org.apache.druid.cli.CliPeon - * user.language: en
2025-12-23T20:18:50,543 INFO [main] org.apache.druid.cli.CliPeon - * user.name: root
2025-12-23T20:18:50,543 INFO [main] org.apache.druid.cli.CliPeon - * user.timezone: UTC
2025-12-23T20:18:50,805 INFO [main] org.apache.druid.query.DruidProcessingConfig - Detected max direct memory size of [3,221,225,472] bytes
2025-12-23T20:18:50,835 INFO [main] org.apache.druid.segment.loading.SegmentLocalCacheManager - Using storage location strategy[LeastBytesUsedStorageLocationSelectorStrategy].
2025-12-23T20:18:50,835 INFO [main] org.apache.druid.segment.loading.SegmentLocalCacheManager - Number of threads to load segments into page cache - on bootstrap: [0], on download: [0].
2025-12-23T20:18:50,882 INFO [main] org.apache.druid.guice.StorageNodeModule - Segment cache not configured on ServerType [indexer-executor]. It will not be assignable for segment placement
2025-12-23T20:18:50,961 INFO [main] org.eclipse.jetty.util.log - Logging initialized @4006ms to org.eclipse.jetty.util.log.Slf4jLog
2025-12-23T20:18:50,999 INFO [main] org.apache.druid.server.initialization.jetty.JettyServerModule - Creating http connector with port [8101]
2025-12-23T20:18:51,350 WARN [main] org.eclipse.jetty.server.handler.gzip.GzipHandler - minGzipSize of 0 is inefficient for short content, break even is size 23
2025-12-23T20:18:51,611 INFO [main] org.apache.druid.offheap.OffheapBufferGenerator - Allocating new result merging buffer[0] of size[268,435,456]
2025-12-23T20:18:54,406 INFO [main] org.apache.druid.offheap.OffheapBufferGenerator - Allocating new result merging buffer[1] of size[268,435,456]
2025-12-23T20:18:56,375 INFO [main] org.apache.druid.offheap.OffheapBufferGenerator - Allocating new intermediate processing buffer[0] of size[268,435,456]
2025-12-23T20:18:57,593 INFO [main] org.apache.druid.offheap.OffheapBufferGenerator - Allocating new intermediate processing buffer[1] of size[268,435,456]
2025-12-23T20:18:58,164 INFO [main] org.apache.druid.java.util.common.lifecycle.Lifecycle - Starting lifecycle [module] stage [INIT]
2025-12-23T20:18:58,164 INFO [main] org.apache.druid.java.util.common.lifecycle.Lifecycle$AnnotationBasedHandler - Starting lifecycle [Log4jShutterDowner#start]
2025-12-23T20:18:58,165 INFO [main] org.apache.druid.java.util.common.lifecycle.Lifecycle - Starting lifecycle [module] stage [NORMAL]
2025-12-23T20:18:58,165 INFO [main] org.apache.druid.java.util.common.lifecycle.Lifecycle$AnnotationBasedHandler - Starting lifecycle [ServiceEmitter#start]
2025-12-23T20:18:58,165 INFO [main] org.apache.druid.java.util.common.lifecycle.Lifecycle$AnnotationBasedHandler - Starting lifecycle [BasicMonitorScheduler#start]
2025-12-23T20:18:58,198 INFO [main] org.apache.druid.java.util.common.lifecycle.Lifecycle$AnnotationBasedHandler - Starting lifecycle [NettyHttpClient#start]
2025-12-23T20:18:58,199 INFO [main] org.apache.curator.framework.imps.CuratorFrameworkImpl - Starting
2025-12-23T20:18:58,206 INFO [main] org.apache.zookeeper.ZooKeeper - Client environment:zookeeper.version=3.8.4-9316c2a7a97e1666d8f4593f34dd6fc36ecc436c, built on 2024-02-12 22:16 UTC
2025-12-23T20:18:58,206 INFO [main] org.apache.zookeeper.ZooKeeper - Client environment:host.name=a0725c41d30f
2025-12-23T20:18:58,207 INFO [main] org.apache.zookeeper.ZooKeeper - Client environment:java.version=17.0.15
2025-12-23T20:18:58,207 INFO [main] org.apache.zookeeper.ZooKeeper - Client environment:java.vendor=Debian
2025-12-23T20:18:58,207 INFO [main] org.apache.zookeeper.ZooKeeper - Client environment:java.home=/usr/lib/jvm/java-17-openjdk-amd64
2025-12-23T20:18:58,207 INFO [main] org.apache.zookeeper.ZooKeeper - Client environment:java.class.path=/tmp/conf/druid/single-server/micro-quickstart/_common:/tmp/conf/druid/single-server/micro-quickstart/middleManager:lib/joni-2.1.34.jar:lib/jcodings-1.0.50.jar:lib/commons-dbcp2-2.0.1.jar:lib/airline-2.8.4.jar:lib/jackson-datatype-guava-2.18.4.jar:lib/cron-scheduler-0.1.jar:lib/jackson-dataformat-cbor-2.18.4.jar:lib/commons-beanutils-1.11.0.jar:lib/netty-codec-socks-4.1.122.Final.jar:lib/jmespath-java-1.12.784.jar:lib/calcite-core-1.37.0.jar:lib/netty-handler-4.1.122.Final.jar:lib/jboss-logging-3.4.1.Final.jar:lib/commons-codec-1.16.1.jar:lib/maven-model-builder-3.6.0.jar:lib/httpclient5-5.2.1.jar:lib/commons-collections-3.2.2.jar:lib/joda-time-2.14.0.jar:lib/xz-1.9.jar:lib/maven-resolver-spi-1.3.1.jar:lib/druid-processing-34.0.0.jar:lib/antlr4-runtime-4.5.3.jar:lib/jna-5.13.0.jar:lib/apiguardian-api-1.1.2.jar:lib/janino-3.1.11.jar:lib/maven-resolver-connector-basic-1.3.1.jar:lib/jts-core-1.19.0.jar:lib/log4j-api-2.22.1.jar:lib/jakarta.inject-api-1.0.3.jar:lib/jersey-servlet-1.19.4.jar:lib/jackson-core-2.18.4.1.jar:lib/rhino-1.7.14.jar:lib/istack-commons-runtime-3.0.11.jar:lib/maven-resolver-transport-http-1.3.1.jar:lib/google-api-client-2.2.0.jar:lib/log4j-1.2-api-2.22.1.jar:lib/jakarta.activation-1.2.2.jar:lib/jetty-util-9.4.57.v20241219.jar:lib/RoaringBitmap-0.9.49.jar:lib/maven-artifact-3.6.0.jar:lib/sigar-1.6.5.132.jar:lib/netty-buffer-4.1.122.Final.jar:lib/netty-codec-http-4.1.122.Final.jar:lib/maven-model-3.6.0.jar:lib/aws-java-sdk-kms-1.12.784.jar:lib/commons-text-1.13.1.jar:lib/jakarta.activation-api-1.2.2.jar:lib/javax.el-api-3.0.0.jar:lib/jackson-dataformat-smile-2.18.4.jar:lib/json-simple-1.1.1.jar:lib/resilience4j-bulkhead-1.3.1.jar:lib/jetty-security-9.4.57.v20241219.jar:lib/google-http-client-1.42.3.jar:lib/httpcore5-5.2.3.jar:lib/cron-utils-9.2.0.jar:lib/netty-transport-4.1.122.Final.jar:lib/ipaddress-5.3.4.jar:lib/jdbi-2.63.1.jar:lib/google-oauth-client-1.34.1.jar:lib/maven-resolver-impl-1.3.1.jar:lib/grpc-context-1.27.2.jar:lib/jetty-client-9.4.57.v20241219.jar:lib/commons-math3-3.6.1.jar:lib/commons-collections4-4.2.jar:lib/aws-java-sdk-core-1.12.784.jar:lib/zstd-jni-1.5.2-3.jar:lib/jna-platform-5.13.0.jar:lib/commons-io-2.17.0.jar:lib/gson-2.10.1.jar:lib/guice-5.1.0.jar:lib/netty-resolver-dns-4.1.122.Final.jar:lib/jcl-over-slf4j-2.0.16.jar:lib/zookeeper-jute-3.8.4.jar:lib/asm-commons-9.8.jar:lib/zookeeper-3.8.4.jar:lib/druid-server-34.0.0.jar:lib/plexus-utils-3.1.0.jar:lib/jackson-jq-0.0.10.jar:lib/google-http-client-jackson2-1.42.3.jar:lib/checker-qual-3.48.1.jar:lib/asm-9.8.jar:lib/jackson-jaxrs-smile-provider-2.18.4.jar:lib/jackson-annotations-2.18.4.jar:lib/netty-resolver-4.1.122.Final.jar:lib/jakarta.validation-api-2.0.2.jar:lib/failureaccess-1.0.1.jar:lib/jackson-module-guice-2.18.4.jar:lib/aopalliance-1.0.jar:lib/javax.inject-1.jar:lib/opencsv-4.6.jar:lib/jackson-databind-2.18.4.jar:lib/asm-tree-9.8.jar:lib/google-http-client-gson-1.42.3.jar:lib/fastutil-core-8.5.4.jar:lib/fastutil-8.5.4.jar:lib/opencensus-contrib-http-util-0.31.1.jar:lib/audience-annotations-0.12.0.jar:lib/disruptor-3.3.6.jar:lib/jetty-proxy-9.4.57.v20241219.jar:lib/httpclient-4.5.13.jar:lib/icu4j-73.2.jar:lib/js-22.3.5.jar:lib/jetty-http-9.4.57.v20241219.jar:lib/curator-x-discovery-5.8.0.jar:lib/datasketches-memory-2.2.0.jar:lib/commons-compiler-3.1.11.jar:lib/classmate-1.5.1.jar:lib/jersey-core-1.19.4.jar:lib/opencensus-api-0.31.1.jar:lib/log4j-slf4j2-impl-2.22.1.jar:lib/derbynet-10.14.2.0.jar:lib/jetty-server-9.4.57.v20241219.jar:lib/jaxb-runtime-2.3.3.jar:lib/lz4-java-1.8.0.jar:lib/curator-client-5.8.0.jar:lib/datasketches-java-4.2.0.jar:lib/commons-logging-1.3.5.jar:lib/avatica-core-1.25.0.jar:lib/web-console-34.0.0.jar:lib/jetty-servlets-9.4.57.v20241219.jar:lib/aws-java-sdk-ec2-1.12.784.jar:lib/jakarta.el-3.0.4.jar:lib/druid-indexing-service-34.0.0.jar:lib/log4j-jul-2.22.1.jar:lib/snappy-java-1.1.10.7.jar:lib/fastutil-extra-8.5.4.jar:lib/commons-pool2-2.2.jar:lib/netty-handler-proxy-4.1.122.Final.jar:lib/httpcore5-h2-5.2.jar:lib/httpcore-4.4.16.jar:lib/jackson-jaxrs-base-2.18.4.jar:lib/metrics-core-4.2.22.jar:lib/plexus-component-annotations-1.7.1.jar:lib/plexus-interpolation-1.25.jar:lib/derbyclient-10.14.2.0.jar:lib/uzaygezen-core-0.2.jar:lib/netty-transport-native-unix-common-4.1.122.Final.jar:lib/hibernate-validator-6.2.5.Final.jar:lib/jetty-servlet-9.4.57.v20241219.jar:lib/accessors-smart-2.5.2.jar:lib/regex-22.3.5.jar:lib/aws-java-sdk-s3-1.12.784.jar:lib/druid-gcp-common-34.0.0.jar:lib/derby-10.14.2.0.jar:lib/javax.servlet-api-3.1.0.jar:lib/maven-resolver-util-1.3.1.jar:lib/druid-indexing-hadoop-34.0.0.jar:lib/airline-io-2.8.4.jar:lib/vavr-match-0.10.2.jar:lib/maven-resolver-provider-3.6.0.jar:lib/js-scriptengine-22.3.5.jar:lib/calcite-linq4j-1.37.0.jar:lib/slf4j-api-2.0.16.jar:lib/jetty-io-9.4.57.v20241219.jar:lib/curator-recipes-5.8.0.jar:lib/jts-io-common-1.19.0.jar:lib/jsr311-api-1.1.1.jar:lib/compress-lzf-1.0.4.jar:lib/json-path-2.9.0.jar:lib/elasticache-java-cluster-client-1.2.0.jar:lib/jackson-module-jaxb-annotations-2.18.4.jar:lib/guice-servlet-5.1.0.jar:lib/commons-lang3-3.17.0.jar:lib/jackson-datatype-joda-2.18.4.jar:lib/guava-32.1.3-jre.jar:lib/maven-repository-metadata-3.6.0.jar:lib/json-smart-2.5.2.jar:lib/graal-sdk-22.3.5.jar:lib/jetty-util-ajax-9.4.57.v20241219.jar:lib/caffeine-2.8.0.jar:lib/jakarta.xml.bind-api-2.3.3.jar:lib/aws-java-sdk-sts-1.12.784.jar:lib/netty-common-4.1.122.Final.jar:lib/avatica-metrics-1.25.0.jar:lib/maven-builder-support-3.6.0.jar:lib/google-http-client-apache-v2-1.42.3.jar:lib/guice-assistedinject-5.1.0.jar:lib/jersey-guice-1.19.4.jar:lib/jackson-jaxrs-json-provider-2.18.4.jar:lib/druid-aws-common-34.0.0.jar:lib/error_prone_annotations-2.35.1.jar:lib/jetty-rewrite-9.4.57.v20241219.jar:lib/maven-resolver-api-1.3.1.jar:lib/druid-services-34.0.0.jar:lib/jetty-continuation-9.4.57.v20241219.jar:lib/oshi-core-6.4.4.jar:lib/log4j-core-2.22.1.jar:lib/txw2-2.3.3.jar:lib/protobuf-java-3.25.5.jar:lib/j2objc-annotations-2.8.jar:lib/vavr-0.10.2.jar:lib/commons-compress-1.26.0.jar:lib/annotations-26.0.2.jar:lib/jersey-server-1.19.4.jar:lib/truffle-api-22.3.5.jar:lib/netty-codec-dns-4.1.122.Final.jar:lib/proj4j-1.2.2.jar:lib/resilience4j-core-1.3.1.jar:lib/jsr305-3.0.2.jar:lib/druid-sql-34.0.0.jar:lib/shims-0.9.49.jar:lib/async-http-client-3.0.2.jar:lib/curator-framework-5.8.0.jar:lib/avatica-server-1.25.0.jar:lib/netty-3.10.6.Final.jar:lib/netty-codec-4.1.122.Final.jar:
2025-12-23T20:18:58,207 INFO [main] org.apache.zookeeper.ZooKeeper - Client environment:java.library.path=/usr/java/packages/lib:/usr/lib/x86_64-linux-gnu/jni:/lib/x86_64-linux-gnu:/usr/lib/x86_64-linux-gnu:/usr/lib/jni:/lib:/usr/lib
2025-12-23T20:18:58,207 INFO [main] org.apache.zookeeper.ZooKeeper - Client environment:java.io.tmpdir=var/tmp
2025-12-23T20:18:58,207 INFO [main] org.apache.zookeeper.ZooKeeper - Client environment:java.compiler=<NA>
2025-12-23T20:18:58,207 INFO [main] org.apache.zookeeper.ZooKeeper - Client environment:os.name=Linux
2025-12-23T20:18:58,207 INFO [main] org.apache.zookeeper.ZooKeeper - Client environment:os.arch=amd64
2025-12-23T20:18:58,207 INFO [main] org.apache.zookeeper.ZooKeeper - Client environment:os.version=6.14.0-37-generic
2025-12-23T20:18:58,207 INFO [main] org.apache.zookeeper.ZooKeeper - Client environment:user.name=root
2025-12-23T20:18:58,207 INFO [main] org.apache.zookeeper.ZooKeeper - Client environment:user.home=/root
2025-12-23T20:18:58,207 INFO [main] org.apache.zookeeper.ZooKeeper - Client environment:user.dir=/opt/druid
2025-12-23T20:18:58,207 INFO [main] org.apache.zookeeper.ZooKeeper - Client environment:os.memory.free=897MB
2025-12-23T20:18:58,207 INFO [main] org.apache.zookeeper.ZooKeeper - Client environment:os.memory.max=1024MB
2025-12-23T20:18:58,207 INFO [main] org.apache.zookeeper.ZooKeeper - Client environment:os.memory.total=1024MB
2025-12-23T20:18:58,211 INFO [main] org.apache.zookeeper.ZooKeeper - Initiating client connection, connectString=zookeeper sessionTimeout=30000 watcher=org.apache.curator.ConnectionState@6207145c
2025-12-23T20:18:58,216 INFO [main] org.apache.zookeeper.common.X509Util - Setting -D jdk.tls.rejectClientInitiatedRenegotiation=true to disable client-initiated TLS renegotiation
2025-12-23T20:18:58,219 INFO [main] org.apache.zookeeper.ClientCnxnSocket - jute.maxbuffer value is 1048575 Bytes
2025-12-23T20:18:58,268 INFO [main] org.apache.zookeeper.ClientCnxn - zookeeper.request.timeout value is 0. feature enabled=false
2025-12-23T20:18:58,377 INFO [main-SendThread(zookeeper:2181)] org.apache.zookeeper.ClientCnxn - Opening socket connection to server zookeeper/172.20.0.4:2181.
2025-12-23T20:18:58,378 INFO [main-SendThread(zookeeper:2181)] org.apache.zookeeper.ClientCnxn - SASL config status: Will not attempt to authenticate using SASL (unknown error)
2025-12-23T20:18:58,386 INFO [main] org.apache.curator.framework.imps.CuratorFrameworkImpl - Default schema
2025-12-23T20:18:58,387 INFO [main] org.apache.druid.java.util.common.lifecycle.Lifecycle$AnnotationBasedHandler - Starting lifecycle [CuratorDruidNodeDiscoveryProvider#start]
2025-12-23T20:18:58,387 INFO [main-SendThread(zookeeper:2181)] org.apache.zookeeper.ClientCnxn - Socket connection established, initiating session, client: /172.20.0.10:40378, server: zookeeper/172.20.0.4:2181
2025-12-23T20:18:58,387 INFO [main] org.apache.druid.java.util.common.lifecycle.Lifecycle$AnnotationBasedHandler - Starting lifecycle [DiscoveryServiceLocator#start]
2025-12-23T20:18:58,439 INFO [main-SendThread(zookeeper:2181)] org.apache.zookeeper.ClientCnxn - Session establishment complete on server zookeeper/172.20.0.4:2181, session id = 0x100014cbc380006, negotiated timeout = 30000
2025-12-23T20:18:58,453 INFO [main] org.apache.druid.java.util.common.lifecycle.Lifecycle$AnnotationBasedHandler - Starting lifecycle [DiscoveryServiceLocator#start]
2025-12-23T20:18:58,468 INFO [main] org.apache.druid.java.util.common.lifecycle.Lifecycle$AnnotationBasedHandler - Starting lifecycle [LookupReferencesManager#start]
2025-12-23T20:18:58,468 INFO [main] org.apache.druid.query.lookup.LookupReferencesManager - Loading lookups using spec[LookupLoadingSpec{mode=ALL, lookupsToLoad=null}].
2025-12-23T20:18:58,470 INFO [main] org.apache.druid.java.util.common.lifecycle.Lifecycle$AnnotationBasedHandler - Starting lifecycle [LocalIntermediaryDataManager#start]
2025-12-23T20:18:58,472 INFO [main] org.apache.druid.java.util.common.lifecycle.Lifecycle$AnnotationBasedHandler - Starting lifecycle [NettyHttpClient#start]
2025-12-23T20:18:58,472 INFO [main-EventThread] org.apache.curator.framework.state.ConnectionStateManager - State change: CONNECTED
2025-12-23T20:18:58,472 INFO [main] org.apache.druid.java.util.common.lifecycle.Lifecycle$AnnotationBasedHandler - Starting lifecycle [ExecutorLifecycle#start]
2025-12-23T20:18:58,493 INFO [main-EventThread] org.apache.curator.framework.imps.EnsembleTracker - New config event received: {}
2025-12-23T20:18:58,517 INFO [main-EventThread] org.apache.curator.framework.imps.EnsembleTracker - New config event received: {}
2025-12-23T20:18:58,543 WARN [NodeRoleWatcher[COORDINATOR]] org.apache.druid.curator.discovery.CuratorDruidNodeDiscoveryProvider$NodeRoleWatcher - Ignored event type [CONNECTION_RECONNECTED] for node watcher of role [coordinator].
2025-12-23T20:18:58,556 INFO [NodeRoleWatcher[COORDINATOR]] org.apache.druid.discovery.BaseNodeRoleWatcher - Node [http://172.20.0.6:8081] of role [coordinator] detected.
2025-12-23T20:18:58,557 INFO [NodeRoleWatcher[COORDINATOR]] org.apache.druid.discovery.BaseNodeRoleWatcher - Node watcher of role [coordinator] is now initialized with 1 nodes.
2025-12-23T20:18:58,575 WARN [NodeRoleWatcher[OVERLORD]] org.apache.druid.curator.discovery.CuratorDruidNodeDiscoveryProvider$NodeRoleWatcher - Ignored event type [CONNECTION_RECONNECTED] for node watcher of role [overlord].
2025-12-23T20:18:58,579 INFO [NodeRoleWatcher[OVERLORD]] org.apache.druid.discovery.BaseNodeRoleWatcher - Node [http://172.20.0.6:8081] of role [overlord] detected.
2025-12-23T20:18:58,579 INFO [NodeRoleWatcher[OVERLORD]] org.apache.druid.discovery.BaseNodeRoleWatcher - Node watcher of role [overlord] is now initialized with 1 nodes.
2025-12-23T20:18:58,743 INFO [main] org.apache.druid.indexing.worker.executor.ExecutorLifecycle - Running with task: {
  "type" : "index_kafka",
  "id" : "index_kafka_system-metrics_2fc61c1672bd198_dfjikglg",
  "supervisorId" : "system-metrics",
  "resource" : {
    "availabilityGroup" : "index_kafka_system-metrics_2fc61c1672bd198",
    "requiredCapacity" : 1
  },
  "dataSchema" : {
    "dataSource" : "system-metrics",
    "timestampSpec" : {
      "column" : "timestamp",
      "format" : "iso",
      "missingValue" : null
    },
    "dimensionsSpec" : {
      "dimensions" : [ ],
      "dimensionExclusions" : [ "__time", "timestamp" ],
      "includeAllDimensions" : false,
      "useSchemaDiscovery" : true
    },
    "metricsSpec" : [ ],
    "granularitySpec" : {
      "type" : "uniform",
      "segmentGranularity" : "DAY",
      "queryGranularity" : {
        "type" : "none"
      },
      "rollup" : false,
      "intervals" : [ ]
    },
    "transformSpec" : {
      "filter" : null,
      "transforms" : [ ]
    }
  },
  "tuningConfig" : {
    "type" : "KafkaTuningConfig",
    "appendableIndexSpec" : {
      "type" : "onheap",
      "preserveExistingMetrics" : false
    },
    "maxRowsInMemory" : 150000,
    "maxBytesInMemory" : 0,
    "skipBytesInMemoryOverheadCheck" : false,
    "maxRowsPerSegment" : 5000000,
    "maxTotalRows" : null,
    "intermediatePersistPeriod" : "PT10M",
    "maxPendingPersists" : 0,
    "indexSpec" : {
      "bitmap" : {
        "type" : "roaring"
      },
      "dimensionCompression" : "lz4",
      "stringDictionaryEncoding" : {
        "type" : "utf8"
      },
      "metricCompression" : "lz4",
      "longEncoding" : "longs"
    },
    "indexSpecForIntermediatePersists" : {
      "bitmap" : {
        "type" : "roaring"
      },
      "dimensionCompression" : "lz4",
      "stringDictionaryEncoding" : {
        "type" : "utf8"
      },
      "metricCompression" : "lz4",
      "longEncoding" : "longs"
    },
    "reportParseExceptions" : false,
    "handoffConditionTimeout" : 900000,
    "resetOffsetAutomatically" : false,
    "segmentWriteOutMediumFactory" : null,
    "intermediateHandoffPeriod" : "P2147483647D",
    "logParseExceptions" : false,
    "maxParseExceptions" : 2147483647,
    "maxSavedParseExceptions" : 0,
    "numPersistThreads" : 1,
    "maxColumnsToMerge" : -1,
    "skipSequenceNumberAvailabilityCheck" : false
  },
  "ioConfig" : {
    "type" : "kafka",
    "taskGroupId" : 0,
    "baseSequenceName" : "index_kafka_system-metrics_2fc61c1672bd198",
    "startPartitions" : {
      "type" : "end",
      "stream" : "system-metrics",
      "topic" : "system-metrics",
      "partitionSequenceNumberMap" : {
        "0" : 0
      },
      "partitionOffsetMap" : {
        "0" : 0
      }
    },
    "endPartitions" : {
      "type" : "end",
      "stream" : "system-metrics",
      "topic" : "system-metrics",
      "partitionSequenceNumberMap" : {
        "0" : 9223372036854775807
      },
      "partitionOffsetMap" : {
        "0" : 9223372036854775807
      }
    },
    "startSequenceNumbers" : {
      "type" : "start",
      "stream" : "system-metrics",
      "topic" : "system-metrics",
      "partitionSequenceNumberMap" : {
        "0" : 0
      },
      "partitionOffsetMap" : {
        "0" : 0
      },
      "exclusivePartitions" : [ ]
    },
    "endSequenceNumbers" : {
      "type" : "end",
      "stream" : "system-metrics",
      "topic" : "system-metrics",
      "partitionSequenceNumberMap" : {
        "0" : 9223372036854775807
      },
      "partitionOffsetMap" : {
        "0" : 9223372036854775807
      }
    },
    "consumerProperties" : {
      "bootstrap.servers" : "kafka:29092"
    },
    "pollTimeout" : 100,
    "useTransaction" : true,
    "inputFormat" : {
      "type" : "json",
      "flattenSpec" : {
        "useFieldDiscovery" : true,
        "fields" : [ {
          "type" : "path",
          "name" : "location.lat",
          "expr" : "$.location.lat",
          "nodes" : null
        } ]
      }
    },
    "configOverrides" : null,
    "multiTopic" : false,
    "refreshRejectionPeriodsInMinutes" : 60
  },
  "context" : {
    "checkpoints" : "{\"0\":{\"0\":0}}",
    "useLineageBasedSegmentAllocation" : true,
    "forceTimeChunkLock" : true
  },
  "groupId" : "index_kafka_system-metrics",
  "dataSource" : "system-metrics"
}
2025-12-23T20:18:58,744 INFO [main] org.apache.druid.indexing.worker.executor.ExecutorLifecycle - Attempting to lock file[/opt/druid/var/druid/task/slot1/index_kafka_system-metrics_2fc61c1672bd198_dfjikglg/lock].
2025-12-23T20:18:58,745 INFO [main] org.apache.druid.indexing.worker.executor.ExecutorLifecycle - Acquired lock file[/opt/druid/var/druid/task/slot1/index_kafka_system-metrics_2fc61c1672bd198_dfjikglg/lock] in 0ms.
2025-12-23T20:18:58,746 INFO [main] org.apache.druid.segment.loading.SegmentLocalCacheManager - Using storage location strategy[LeastBytesUsedStorageLocationSelectorStrategy].
2025-12-23T20:18:58,746 INFO [main] org.apache.druid.segment.loading.SegmentLocalCacheManager - Number of threads to load segments into page cache - on bootstrap: [0], on download: [0].
2025-12-23T20:18:58,751 INFO [task-runner-0-priority-0] org.apache.druid.indexing.overlord.SingleTaskBackgroundRunner - Running task: index_kafka_system-metrics_2fc61c1672bd198_dfjikglg
2025-12-23T20:18:58,753 INFO [main] org.apache.druid.java.util.common.lifecycle.Lifecycle$AnnotationBasedHandler - Starting lifecycle [ZkCoordinator#start]
2025-12-23T20:18:58,753 INFO [main] org.apache.druid.server.coordination.ZkCoordinator - Starting zkCoordinator for server[172.20.0.10:8101]
2025-12-23T20:18:58,753 INFO [main] org.apache.druid.server.coordination.ZkCoordinator - Creating zkPath[/druid/segments/172.20.0.10:8101] for announcing live segments.
2025-12-23T20:18:58,830 INFO [main] org.apache.druid.java.util.common.lifecycle.Lifecycle$AnnotationBasedHandler - Starting lifecycle [SegmentBootstrapper#start]
2025-12-23T20:18:58,830 INFO [main] org.apache.druid.server.coordination.SegmentBootstrapper - Starting...
2025-12-23T20:18:58,832 INFO [main] org.apache.druid.server.coordination.SegmentBootstrapper - Fetching bootstrap segments from the coordinator with BroadcastDatasourceLoadingSpec mode[ALL].
2025-12-23T20:18:58,913 INFO [task-runner-0-priority-0] org.apache.druid.indexing.seekablestream.SeekableStreamIndexTaskRunner - Starting with sequences: [SequenceMetadata{sequenceId=0, sequenceName='index_kafka_system-metrics_2fc61c1672bd198_0', assignments=[KafkaTopicPartition{partition=0, topic='null', multiTopicPartition=false}], startOffsets={KafkaTopicPartition{partition=0, topic='null', multiTopicPartition=false}=0}, exclusiveStartPartitions=[], endOffsets={KafkaTopicPartition{partition=0, topic='null', multiTopicPartition=false}=9223372036854775807}, sentinel=false, checkpointed=false}]
2025-12-23T20:18:58,958 INFO [task-runner-0-priority-0] org.apache.kafka.clients.consumer.ConsumerConfig - ConsumerConfig values: 
	allow.auto.create.topics = true
	auto.commit.interval.ms = 5000
	auto.include.jmx.reporter = true
	auto.offset.reset = none
	bootstrap.servers = [kafka:29092]
	check.crcs = true
	client.dns.lookup = use_all_dns_ips
	client.id = consumer-kafka-supervisor-knfhkffl-1
	client.rack = 
	connections.max.idle.ms = 540000
	default.api.timeout.ms = 60000
	enable.auto.commit = false
	enable.metrics.push = true
	exclude.internal.topics = true
	fetch.max.bytes = 52428800
	fetch.max.wait.ms = 500
	fetch.min.bytes = 1
	group.id = kafka-supervisor-knfhkffl
	group.instance.id = null
	group.protocol = classic
	group.remote.assignor = null
	heartbeat.interval.ms = 3000
	interceptor.classes = []
	internal.leave.group.on.close = true
	internal.throw.on.fetch.stable.offset.unsupported = false
	isolation.level = read_committed
	key.deserializer = class org.apache.kafka.common.serialization.ByteArrayDeserializer
	max.partition.fetch.bytes = 1048576
	max.poll.interval.ms = 300000
	max.poll.records = 500
	metadata.max.age.ms = 10000
	metadata.recovery.strategy = none
	metric.reporters = []
	metrics.num.samples = 2
	metrics.recording.level = INFO
	metrics.sample.window.ms = 30000
	partition.assignment.strategy = [class org.apache.kafka.clients.consumer.RangeAssignor, class org.apache.kafka.clients.consumer.CooperativeStickyAssignor]
	receive.buffer.bytes = 65536
	reconnect.backoff.max.ms = 1000
	reconnect.backoff.ms = 50
	request.timeout.ms = 30000
	retry.backoff.max.ms = 1000
	retry.backoff.ms = 100
	sasl.client.callback.handler.class = null
	sasl.jaas.config = null
	sasl.kerberos.kinit.cmd = /usr/bin/kinit
	sasl.kerberos.min.time.before.relogin = 60000
	sasl.kerberos.service.name = null
	sasl.kerberos.ticket.renew.jitter = 0.05
	sasl.kerberos.ticket.renew.window.factor = 0.8
	sasl.login.callback.handler.class = null
	sasl.login.class = null
	sasl.login.connect.timeout.ms = null
	sasl.login.read.timeout.ms = null
	sasl.login.refresh.buffer.seconds = 300
	sasl.login.refresh.min.period.seconds = 60
	sasl.login.refresh.window.factor = 0.8
	sasl.login.refresh.window.jitter = 0.05
	sasl.login.retry.backoff.max.ms = 10000
	sasl.login.retry.backoff.ms = 100
	sasl.mechanism = GSSAPI
	sasl.oauthbearer.clock.skew.seconds = 30
	sasl.oauthbearer.expected.audience = null
	sasl.oauthbearer.expected.issuer = null
	sasl.oauthbearer.header.urlencode = false
	sasl.oauthbearer.jwks.endpoint.refresh.ms = 3600000
	sasl.oauthbearer.jwks.endpoint.retry.backoff.max.ms = 10000
	sasl.oauthbearer.jwks.endpoint.retry.backoff.ms = 100
	sasl.oauthbearer.jwks.endpoint.url = null
	sasl.oauthbearer.scope.claim.name = scope
	sasl.oauthbearer.sub.claim.name = sub
	sasl.oauthbearer.token.endpoint.url = null
	security.protocol = PLAINTEXT
	security.providers = null
	send.buffer.bytes = 131072
	session.timeout.ms = 45000
	socket.connection.setup.timeout.max.ms = 30000
	socket.connection.setup.timeout.ms = 10000
	ssl.cipher.suites = null
	ssl.enabled.protocols = [TLSv1.2, TLSv1.3]
	ssl.endpoint.identification.algorithm = https
	ssl.engine.factory.class = null
	ssl.key.password = null
	ssl.keymanager.algorithm = SunX509
	ssl.keystore.certificate.chain = null
	ssl.keystore.key = null
	ssl.keystore.location = null
	ssl.keystore.password = null
	ssl.keystore.type = JKS
	ssl.protocol = TLSv1.3
	ssl.provider = null
	ssl.secure.random.implementation = null
	ssl.trustmanager.algorithm = PKIX
	ssl.truststore.certificates = null
	ssl.truststore.location = null
	ssl.truststore.password = null
	ssl.truststore.type = JKS
	value.deserializer = class org.apache.kafka.common.serialization.ByteArrayDeserializer

2025-12-23T20:18:59,045 INFO [main] org.apache.druid.server.coordination.SegmentBootstrapper - Fetched [0] bootstrap segments in [196]ms.
2025-12-23T20:18:59,046 INFO [main] org.apache.druid.server.coordination.SegmentBootstrapper$BackgroundSegmentAnnouncer - Skipping background segment announcing as announceIntervalMillis is [0].
2025-12-23T20:18:59,048 INFO [main] org.apache.druid.server.coordination.SegmentBootstrapper$BackgroundSegmentAnnouncer - Completed background segment announcing
2025-12-23T20:18:59,049 INFO [main] org.apache.druid.server.coordination.SegmentBootstrapper - Loaded [0] segments on startup in [3]ms.
2025-12-23T20:18:59,053 INFO [main] org.apache.druid.server.coordination.CuratorDataSegmentServerAnnouncer - Announcing self[DruidServerMetadata{name='172.20.0.10:8101', hostAndPort='172.20.0.10:8101', hostAndTlsPort='null', maxSize=0, tier='_default_tier', type=indexer-executor, priority=0}] at [/druid/announcements/172.20.0.10:8101]
2025-12-23T20:18:59,055 INFO [main] org.apache.druid.server.coordination.SegmentBootstrapper - Started.
2025-12-23T20:18:59,056 INFO [main] org.apache.druid.java.util.common.lifecycle.Lifecycle - Starting lifecycle [module] stage [SERVER]
2025-12-23T20:18:59,056 INFO [main] org.apache.druid.java.util.common.lifecycle.Lifecycle$AnnotationBasedHandler - Starting lifecycle [SingleTaskBackgroundRunner#start]
2025-12-23T20:18:59,059 INFO [main] org.eclipse.jetty.server.Server - jetty-9.4.57.v20241219; built: 2025-01-08T21:24:30.412Z; git: df524e6b29271c2e09ba9aea83c18dc9db464a31; jvm 17.0.15+6-Debian-1deb12u1
2025-12-23T20:18:59,105 INFO [task-runner-0-priority-0] org.apache.kafka.common.telemetry.internals.KafkaMetricsCollector - initializing Kafka metrics collector
2025-12-23T20:18:59,107 INFO [main] org.eclipse.jetty.server.session - DefaultSessionIdManager workerName=node0
2025-12-23T20:18:59,107 INFO [main] org.eclipse.jetty.server.session - No SessionScavenger set, using defaults
2025-12-23T20:18:59,108 INFO [main] org.eclipse.jetty.server.session - node0 Scavenging every 660000ms
2025-12-23T20:18:59,158 INFO [main] com.sun.jersey.guice.spi.container.GuiceComponentProviderFactory - Registering com.fasterxml.jackson.jaxrs.json.JacksonJsonProvider as a provider class
2025-12-23T20:18:59,158 INFO [main] com.sun.jersey.guice.spi.container.GuiceComponentProviderFactory - Registering com.fasterxml.jackson.jaxrs.smile.JacksonSmileProvider as a provider class
2025-12-23T20:18:59,158 INFO [main] com.sun.jersey.guice.spi.container.GuiceComponentProviderFactory - Registering org.apache.druid.server.initialization.jetty.CustomExceptionMapper as a provider class
2025-12-23T20:18:59,159 INFO [main] com.sun.jersey.guice.spi.container.GuiceComponentProviderFactory - Registering org.apache.druid.server.initialization.jetty.ForbiddenExceptionMapper as a provider class
2025-12-23T20:18:59,159 INFO [main] com.sun.jersey.guice.spi.container.GuiceComponentProviderFactory - Registering org.apache.druid.server.initialization.jetty.BadRequestExceptionMapper as a provider class
2025-12-23T20:18:59,159 INFO [main] com.sun.jersey.guice.spi.container.GuiceComponentProviderFactory - Registering org.apache.druid.server.initialization.jetty.ServiceUnavailableExceptionMapper as a provider class
2025-12-23T20:18:59,159 INFO [main] com.sun.jersey.guice.spi.container.GuiceComponentProviderFactory - Registering org.apache.druid.server.initialization.jetty.HttpExceptionMapper as a provider class
2025-12-23T20:18:59,159 INFO [main] com.sun.jersey.guice.spi.container.GuiceComponentProviderFactory - Registering org.apache.druid.server.StatusResource as a root resource class
2025-12-23T20:18:59,161 INFO [main] com.sun.jersey.server.impl.application.WebApplicationImpl - Initiating Jersey application, version 'Jersey: 1.19.4 05/24/2017 03:20 PM'
2025-12-23T20:18:59,283 INFO [task-runner-0-priority-0] org.apache.kafka.common.utils.AppInfoParser - Kafka version: 3.9.1
2025-12-23T20:18:59,283 INFO [task-runner-0-priority-0] org.apache.kafka.common.utils.AppInfoParser - Kafka commitId: f745dfdcee2b9851
2025-12-23T20:18:59,283 INFO [task-runner-0-priority-0] org.apache.kafka.common.utils.AppInfoParser - Kafka startTimeMs: 1766521139281
2025-12-23T20:18:59,293 INFO [task-runner-0-priority-0] org.apache.druid.curator.discovery.CuratorDruidNodeAnnouncer - Announced self [{"druidNode":{"service":"druid/middleManager","host":"172.20.0.10","bindOnHost":false,"plaintextPort":8101,"port":-1,"tlsPort":-1,"enablePlaintextPort":true,"enableTlsPort":false},"nodeType":"peon","services":{"dataNodeService":{"type":"dataNodeService","tier":"_default_tier","maxSize":0,"type":"indexer-executor","serverType":"indexer-executor","priority":0},"lookupNodeService":{"type":"lookupNodeService","lookupTier":"__default"}},"startTime":"2025-12-23T20:18:58.915Z"}].
2025-12-23T20:18:59,301 INFO [main] com.sun.jersey.guice.spi.container.GuiceComponentProviderFactory - Binding org.apache.druid.server.initialization.jetty.CustomExceptionMapper to GuiceManagedComponentProvider with the scope "Singleton"
2025-12-23T20:18:59,303 INFO [main] com.sun.jersey.guice.spi.container.GuiceComponentProviderFactory - Binding org.apache.druid.server.initialization.jetty.ForbiddenExceptionMapper to GuiceManagedComponentProvider with the scope "Singleton"
2025-12-23T20:18:59,304 INFO [main] com.sun.jersey.guice.spi.container.GuiceComponentProviderFactory - Binding org.apache.druid.server.initialization.jetty.BadRequestExceptionMapper to GuiceManagedComponentProvider with the scope "Singleton"
2025-12-23T20:18:59,304 INFO [main] com.sun.jersey.guice.spi.container.GuiceComponentProviderFactory - Binding org.apache.druid.server.initialization.jetty.ServiceUnavailableExceptionMapper to GuiceManagedComponentProvider with the scope "Singleton"
2025-12-23T20:18:59,305 INFO [main] com.sun.jersey.guice.spi.container.GuiceComponentProviderFactory - Binding org.apache.druid.server.initialization.jetty.HttpExceptionMapper to GuiceManagedComponentProvider with the scope "Singleton"
2025-12-23T20:18:59,306 INFO [main] com.sun.jersey.guice.spi.container.GuiceComponentProviderFactory - Binding com.fasterxml.jackson.jaxrs.json.JacksonJsonProvider to GuiceManagedComponentProvider with the scope "Singleton"
2025-12-23T20:18:59,313 INFO [main] com.sun.jersey.guice.spi.container.GuiceComponentProviderFactory - Binding com.fasterxml.jackson.jaxrs.smile.JacksonSmileProvider to GuiceManagedComponentProvider with the scope "Singleton"
2025-12-23T20:18:59,315 INFO [task-runner-0-priority-0] org.apache.druid.segment.realtime.appenderator.StreamAppenderator - Number of persist threads [1]
2025-12-23T20:18:59,367 INFO [task-runner-0-priority-0] org.apache.druid.indexing.seekablestream.SeekableStreamIndexTaskRunner - Initialized sequences: SequenceMetadata{sequenceId=0, sequenceName='index_kafka_system-metrics_2fc61c1672bd198_0', assignments=[KafkaTopicPartition{partition=0, topic='null', multiTopicPartition=false}], startOffsets={KafkaTopicPartition{partition=0, topic='null', multiTopicPartition=false}=0}, exclusiveStartPartitions=[], endOffsets={KafkaTopicPartition{partition=0, topic='null', multiTopicPartition=false}=9223372036854775807}, sentinel=false, checkpointed=false}
2025-12-23T20:18:59,368 INFO [task-runner-0-priority-0] org.apache.druid.indexing.seekablestream.SeekableStreamIndexTaskRunner - Adding partition[KafkaTopicPartition{partition=0, topic='null', multiTopicPartition=false}], start[0] -> end[9223372036854775807] to assignment.
2025-12-23T20:18:59,396 INFO [task-runner-0-priority-0] org.apache.kafka.clients.consumer.internals.ClassicKafkaConsumer - [Consumer clientId=consumer-kafka-supervisor-knfhkffl-1, groupId=kafka-supervisor-knfhkffl] Assigned to partition(s): system-metrics-0
2025-12-23T20:18:59,404 INFO [task-runner-0-priority-0] org.apache.druid.indexing.seekablestream.SeekableStreamIndexTaskRunner - Seeking partition[KafkaTopicPartition{partition=0, topic='null', multiTopicPartition=false}] to[0].
2025-12-23T20:18:59,405 INFO [task-runner-0-priority-0] org.apache.kafka.clients.consumer.internals.ClassicKafkaConsumer - [Consumer clientId=consumer-kafka-supervisor-knfhkffl-1, groupId=kafka-supervisor-knfhkffl] Seeking to offset 0 for partition system-metrics-0
2025-12-23T20:18:59,623 INFO [main] com.sun.jersey.guice.spi.container.GuiceComponentProviderFactory - Binding org.apache.druid.server.http.security.StateResourceFilter to GuiceInstantiatedComponentProvider
2025-12-23T20:18:59,649 INFO [main] com.sun.jersey.guice.spi.container.GuiceComponentProviderFactory - Binding org.apache.druid.server.http.SegmentListerResource to GuiceInstantiatedComponentProvider
2025-12-23T20:18:59,655 INFO [main] com.sun.jersey.guice.spi.container.GuiceComponentProviderFactory - Binding org.apache.druid.server.http.HistoricalResource to GuiceInstantiatedComponentProvider
2025-12-23T20:18:59,658 INFO [main] com.sun.jersey.guice.spi.container.GuiceComponentProviderFactory - Binding org.apache.druid.server.QueryResource to GuiceInstantiatedComponentProvider
2025-12-23T20:18:59,661 INFO [main] com.sun.jersey.guice.spi.container.GuiceComponentProviderFactory - Binding org.apache.druid.segment.realtime.ChatHandlerResource to GuiceInstantiatedComponentProvider
2025-12-23T20:18:59,663 INFO [main] com.sun.jersey.guice.spi.container.GuiceComponentProviderFactory - Binding org.apache.druid.server.http.security.ConfigResourceFilter to GuiceInstantiatedComponentProvider
2025-12-23T20:18:59,666 INFO [main] com.sun.jersey.guice.spi.container.GuiceComponentProviderFactory - Binding org.apache.druid.query.lookup.LookupListeningResource to GuiceInstantiatedComponentProvider
2025-12-23T20:18:59,668 INFO [main] com.sun.jersey.guice.spi.container.GuiceComponentProviderFactory - Binding org.apache.druid.query.lookup.LookupIntrospectionResource to GuiceInstantiatedComponentProvider
2025-12-23T20:18:59,670 INFO [main] com.sun.jersey.guice.spi.container.GuiceComponentProviderFactory - Binding org.apache.druid.server.StatusResource to GuiceManagedComponentProvider with the scope "Singleton"
2025-12-23T20:18:59,691 INFO [main] org.eclipse.jetty.server.handler.ContextHandler - Started o.e.j.s.ServletContextHandler@233789d9{/,null,AVAILABLE}
2025-12-23T20:18:59,698 INFO [main] org.eclipse.jetty.server.AbstractConnector - Started ServerConnector@237d0625{HTTP/1.1, (http/1.1)}{0.0.0.0:8101}
2025-12-23T20:18:59,698 INFO [main] org.eclipse.jetty.server.Server - Started @12744ms
2025-12-23T20:18:59,698 INFO [main] org.apache.druid.java.util.common.lifecycle.Lifecycle - Starting lifecycle [module] stage [ANNOUNCEMENTS]
2025-12-23T20:18:59,698 INFO [main] org.apache.druid.java.util.common.lifecycle.Lifecycle$AnnotationBasedHandler - Starting lifecycle [PathChildrenAnnouncer#start]
2025-12-23T20:19:01,429 INFO [main] org.apache.druid.java.util.common.lifecycle.Lifecycle - Successfully started lifecycle [module]
2025-12-23T20:19:01,896 INFO [task-runner-0-priority-0] org.apache.kafka.clients.Metadata - [Consumer clientId=consumer-kafka-supervisor-knfhkffl-1, groupId=kafka-supervisor-knfhkffl] Cluster ID: KQPOa3OORgm7HwPr4YQkcg
2025-12-23T20:19:06,251 DEBUG [qtp1434984256-118] org.apache.druid.jetty.RequestLog - 172.20.0.6 GET //172.20.0.10:8101/druid/worker/v1/chat/index_kafka_system-metrics_2fc61c1672bd198_dfjikglg/status HTTP/1.1 200
2025-12-23T20:19:06,252 DEBUG [qtp1434984256-116] org.apache.druid.jetty.RequestLog - 172.20.0.6 GET //172.20.0.10:8101/druid-internal/v1/segments/loadCapabilities HTTP/1.1 200
2025-12-23T20:19:06,266 DEBUG [qtp1434984256-127] org.apache.druid.jetty.RequestLog - 172.20.0.7 GET //172.20.0.10:8101/druid-internal/v1/segments?counter=-1&timeout=240000 HTTP/1.1 204
2025-12-23T20:19:06,268 DEBUG [qtp1434984256-132] org.apache.druid.jetty.RequestLog - 172.20.0.6 GET //172.20.0.10:8101/druid-internal/v1/segments?counter=-1&timeout=240000 HTTP/1.1 204
2025-12-23T20:19:06,537 DEBUG [qtp1434984256-125] org.apache.druid.jetty.RequestLog - 172.20.0.6 GET //172.20.0.10:8101/druid/worker/v1/chat/index_kafka_system-metrics_2fc61c1672bd198_dfjikglg/checkpoints HTTP/1.1 200
2025-12-23T20:19:06,654 DEBUG [qtp1434984256-120] org.apache.druid.jetty.RequestLog - 172.20.0.6 POST //172.20.0.10:8101/druid/worker/v1/chat/index_kafka_system-metrics_2fc61c1672bd198_dfjikglg/resume HTTP/1.1 200
2025-12-23T20:19:06,678 DEBUG [qtp1434984256-125] org.apache.druid.jetty.RequestLog - 172.20.0.6 GET //172.20.0.10:8101/druid/worker/v1/chat/index_kafka_system-metrics_2fc61c1672bd198_dfjikglg/time/start HTTP/1.1 200
2025-12-23T20:19:32,246 DEBUG [qtp1434984256-120] org.apache.druid.jetty.RequestLog - 172.20.0.6 GET //172.20.0.10:8101/druid/worker/v1/chat/index_kafka_system-metrics_2fc61c1672bd198_dfjikglg/offsets/current HTTP/1.1 200
2025-12-23T20:20:02,364 DEBUG [qtp1434984256-125] org.apache.druid.jetty.RequestLog - 172.20.0.6 GET //172.20.0.10:8101/druid/worker/v1/chat/index_kafka_system-metrics_2fc61c1672bd198_dfjikglg/offsets/current HTTP/1.1 200
2025-12-23T20:20:32,390 DEBUG [qtp1434984256-120] org.apache.druid.jetty.RequestLog - 172.20.0.6 GET //172.20.0.10:8101/druid/worker/v1/chat/index_kafka_system-metrics_2fc61c1672bd198_dfjikglg/offsets/current HTTP/1.1 200
2025-12-23T20:20:53,043 DEBUG [qtp1434984256-125] org.apache.druid.jetty.RequestLog - 172.20.0.6 GET //172.20.0.10:8101/druid/worker/v1/chat/index_kafka_system-metrics_2fc61c1672bd198_dfjikglg/rowStats HTTP/1.1 200
2025-12-23T20:21:02,397 DEBUG [qtp1434984256-120] org.apache.druid.jetty.RequestLog - 172.20.0.6 GET //172.20.0.10:8101/druid/worker/v1/chat/index_kafka_system-metrics_2fc61c1672bd198_dfjikglg/offsets/current HTTP/1.1 200
2025-12-23T20:21:32,405 DEBUG [qtp1434984256-125] org.apache.druid.jetty.RequestLog - 172.20.0.6 GET //172.20.0.10:8101/druid/worker/v1/chat/index_kafka_system-metrics_2fc61c1672bd198_dfjikglg/offsets/current HTTP/1.1 200
2025-12-23T20:21:53,464 DEBUG [qtp1434984256-120] org.apache.druid.jetty.RequestLog - 172.20.0.6 GET //172.20.0.10:8101/druid/worker/v1/chat/index_kafka_system-metrics_2fc61c1672bd198_dfjikglg/rowStats HTTP/1.1 200
2025-12-23T20:22:02,413 DEBUG [qtp1434984256-125] org.apache.druid.jetty.RequestLog - 172.20.0.6 GET //172.20.0.10:8101/druid/worker/v1/chat/index_kafka_system-metrics_2fc61c1672bd198_dfjikglg/offsets/current HTTP/1.1 200
2025-12-23T20:22:32,432 DEBUG [qtp1434984256-120] org.apache.druid.jetty.RequestLog - 172.20.0.6 GET //172.20.0.10:8101/druid/worker/v1/chat/index_kafka_system-metrics_2fc61c1672bd198_dfjikglg/offsets/current HTTP/1.1 200
2025-12-23T20:23:02,445 DEBUG [qtp1434984256-125] org.apache.druid.jetty.RequestLog - 172.20.0.6 GET //172.20.0.10:8101/druid/worker/v1/chat/index_kafka_system-metrics_2fc61c1672bd198_dfjikglg/offsets/current HTTP/1.1 200
2025-12-23T20:23:06,290 DEBUG [qtp1434984256-123] org.apache.druid.jetty.RequestLog - 172.20.0.6 GET //172.20.0.10:8101/druid-internal/v1/segments?counter=0&hash=1766521146000&timeout=240000 HTTP/1.1 204
2025-12-23T20:23:06,295 DEBUG [qtp1434984256-133] org.apache.druid.jetty.RequestLog - 172.20.0.7 GET //172.20.0.10:8101/druid-internal/v1/segments?counter=0&hash=1766521146000&timeout=240000 HTTP/1.1 204
2025-12-23T20:23:19,278 DEBUG [qtp1434984256-121] org.apache.druid.jetty.RequestLog - 172.20.0.6 GET //172.20.0.10:8101/druid/worker/v1/chat/index_kafka_system-metrics_2fc61c1672bd198_dfjikglg/rowStats HTTP/1.1 200
2025-12-23T20:23:32,457 DEBUG [qtp1434984256-120] org.apache.druid.jetty.RequestLog - 172.20.0.6 GET //172.20.0.10:8101/druid/worker/v1/chat/index_kafka_system-metrics_2fc61c1672bd198_dfjikglg/offsets/current HTTP/1.1 200
2025-12-23T20:24:02,466 DEBUG [qtp1434984256-121] org.apache.druid.jetty.RequestLog - 172.20.0.6 GET //172.20.0.10:8101/druid/worker/v1/chat/index_kafka_system-metrics_2fc61c1672bd198_dfjikglg/offsets/current HTTP/1.1 200
2025-12-23T20:24:04,249 DEBUG [qtp1434984256-120] org.apache.druid.jetty.RequestLog - 172.20.0.6 GET //172.20.0.10:8101/druid/worker/v1/chat/index_kafka_system-metrics_2fc61c1672bd198_dfjikglg/rowStats HTTP/1.1 200
2025-12-23T20:24:32,487 DEBUG [qtp1434984256-126] org.apache.druid.jetty.RequestLog - 172.20.0.6 GET //172.20.0.10:8101/druid/worker/v1/chat/index_kafka_system-metrics_2fc61c1672bd198_dfjikglg/offsets/current HTTP/1.1 200
2025-12-23T20:25:02,506 DEBUG [qtp1434984256-117] org.apache.druid.jetty.RequestLog - 172.20.0.6 GET //172.20.0.10:8101/druid/worker/v1/chat/index_kafka_system-metrics_2fc61c1672bd198_dfjikglg/offsets/current HTTP/1.1 200
2025-12-23T20:25:32,544 DEBUG [qtp1434984256-126] org.apache.druid.jetty.RequestLog - 172.20.0.6 GET //172.20.0.10:8101/druid/worker/v1/chat/index_kafka_system-metrics_2fc61c1672bd198_dfjikglg/offsets/current HTTP/1.1 200
2025-12-23T20:26:02,560 DEBUG [qtp1434984256-117] org.apache.druid.jetty.RequestLog - 172.20.0.6 GET //172.20.0.10:8101/druid/worker/v1/chat/index_kafka_system-metrics_2fc61c1672bd198_dfjikglg/offsets/current HTTP/1.1 200
2025-12-23T20:26:32,583 DEBUG [qtp1434984256-126] org.apache.druid.jetty.RequestLog - 172.20.0.6 GET //172.20.0.10:8101/druid/worker/v1/chat/index_kafka_system-metrics_2fc61c1672bd198_dfjikglg/offsets/current HTTP/1.1 200
2025-12-23T20:27:02,595 DEBUG [qtp1434984256-117] org.apache.druid.jetty.RequestLog - 172.20.0.6 GET //172.20.0.10:8101/druid/worker/v1/chat/index_kafka_system-metrics_2fc61c1672bd198_dfjikglg/offsets/current HTTP/1.1 200
2025-12-23T20:27:06,294 DEBUG [qtp1434984256-125] org.apache.druid.jetty.RequestLog - 172.20.0.6 GET //172.20.0.10:8101/druid-internal/v1/segments?counter=0&hash=1766521146000&timeout=240000 HTTP/1.1 204
2025-12-23T20:27:06,299 DEBUG [qtp1434984256-119] org.apache.druid.jetty.RequestLog - 172.20.0.7 GET //172.20.0.10:8101/druid-internal/v1/segments?counter=0&hash=1766521146000&timeout=240000 HTTP/1.1 204
2025-12-23T20:27:32,604 DEBUG [qtp1434984256-126] org.apache.druid.jetty.RequestLog - 172.20.0.6 GET //172.20.0.10:8101/druid/worker/v1/chat/index_kafka_system-metrics_2fc61c1672bd198_dfjikglg/offsets/current HTTP/1.1 200
2025-12-23T20:27:46,976 DEBUG [qtp1434984256-117] org.apache.druid.jetty.RequestLog - 172.20.0.6 GET //172.20.0.10:8101/druid/worker/v1/chat/index_kafka_system-metrics_2fc61c1672bd198_dfjikglg/rowStats HTTP/1.1 200
2025-12-23T20:28:02,609 DEBUG [qtp1434984256-126] org.apache.druid.jetty.RequestLog - 172.20.0.6 GET //172.20.0.10:8101/druid/worker/v1/chat/index_kafka_system-metrics_2fc61c1672bd198_dfjikglg/offsets/current HTTP/1.1 200
2025-12-23T20:28:32,640 DEBUG [qtp1434984256-117] org.apache.druid.jetty.RequestLog - 172.20.0.6 GET //172.20.0.10:8101/druid/worker/v1/chat/index_kafka_system-metrics_2fc61c1672bd198_dfjikglg/offsets/current HTTP/1.1 200
2025-12-23T20:28:51,847 DEBUG [qtp1434984256-126] org.apache.druid.jetty.RequestLog - 172.20.0.6 GET //172.20.0.10:8101/druid/worker/v1/chat/index_kafka_system-metrics_2fc61c1672bd198_dfjikglg/rowStats HTTP/1.1 200
2025-12-23T20:29:02,664 DEBUG [qtp1434984256-117] org.apache.druid.jetty.RequestLog - 172.20.0.6 GET //172.20.0.10:8101/druid/worker/v1/chat/index_kafka_system-metrics_2fc61c1672bd198_dfjikglg/offsets/current HTTP/1.1 200
2025-12-23T20:29:06,394 DEBUG [qtp1434984256-126] org.apache.druid.jetty.RequestLog - 172.20.0.6 GET //172.20.0.10:8101/druid/worker/v1/chat/index_kafka_system-metrics_2fc61c1672bd198_dfjikglg/rowStats HTTP/1.1 200
2025-12-23T20:29:16,603 DEBUG [qtp1434984256-117] org.apache.druid.jetty.RequestLog - 172.20.0.6 GET //172.20.0.10:8101/druid/worker/v1/chat/index_kafka_system-metrics_2fc61c1672bd198_dfjikglg/rowStats HTTP/1.1 200
2025-12-23T20:29:28,256 DEBUG [qtp1434984256-126] org.apache.druid.jetty.RequestLog - 172.20.0.6 GET //172.20.0.10:8101/druid/worker/v1/chat/index_kafka_system-metrics_2fc61c1672bd198_dfjikglg/rowStats HTTP/1.1 200
2025-12-23T20:29:32,775 DEBUG [qtp1434984256-117] org.apache.druid.jetty.RequestLog - 172.20.0.6 GET //172.20.0.10:8101/druid/worker/v1/chat/index_kafka_system-metrics_2fc61c1672bd198_dfjikglg/offsets/current HTTP/1.1 200
2025-12-23T20:30:02,944 DEBUG [qtp1434984256-126] org.apache.druid.jetty.RequestLog - 172.20.0.6 GET //172.20.0.10:8101/druid/worker/v1/chat/index_kafka_system-metrics_2fc61c1672bd198_dfjikglg/offsets/current HTTP/1.1 200
2025-12-23T20:30:04,943 DEBUG [qtp1434984256-117] org.apache.druid.jetty.RequestLog - 172.20.0.6 GET //172.20.0.10:8101/druid/worker/v1/chat/index_kafka_system-metrics_2fc61c1672bd198_dfjikglg/rowStats HTTP/1.1 200
2025-12-23T20:30:04,970 INFO [task-runner-0-priority-0] org.apache.druid.indexing.seekablestream.SeekableStreamIndexTaskRunner - Received pause command, pausing ingestion until resumed.
2025-12-23T20:30:04,976 DEBUG [qtp1434984256-126] org.apache.druid.jetty.RequestLog - 172.20.0.6 POST //172.20.0.10:8101/druid/worker/v1/chat/index_kafka_system-metrics_2fc61c1672bd198_dfjikglg/pause HTTP/1.1 200
2025-12-23T20:30:05,004 INFO [qtp1434984256-117] org.apache.druid.indexing.seekablestream.SeekableStreamIndexTaskRunner - Sequence[index_kafka_system-metrics_2fc61c1672bd198_0] end offsets updated from [{KafkaTopicPartition{partition=0, topic='null', multiTopicPartition=false}=9223372036854775807}] to [{KafkaTopicPartition{partition=0, topic='null', multiTopicPartition=false}=0}].
2025-12-23T20:30:05,012 INFO [qtp1434984256-117] org.apache.druid.indexing.seekablestream.SeekableStreamIndexTaskRunner - Saved sequence metadata to disk: [SequenceMetadata{sequenceId=0, sequenceName='index_kafka_system-metrics_2fc61c1672bd198_0', assignments=[KafkaTopicPartition{partition=0, topic='null', multiTopicPartition=false}], startOffsets={KafkaTopicPartition{partition=0, topic='null', multiTopicPartition=false}=0}, exclusiveStartPartitions=[], endOffsets={KafkaTopicPartition{partition=0, topic='null', multiTopicPartition=false}=0}, sentinel=false, checkpointed=true}]
2025-12-23T20:30:05,012 INFO [task-runner-0-priority-0] org.apache.druid.indexing.seekablestream.SeekableStreamIndexTaskRunner - Received resume command, resuming ingestion.
2025-12-23T20:30:05,012 INFO [task-runner-0-priority-0] org.apache.druid.indexing.seekablestream.SeekableStreamIndexTaskRunner - Finished reading partition[KafkaTopicPartition{partition=0, topic='null', multiTopicPartition=false}], up to[0].
2025-12-23T20:30:05,014 DEBUG [qtp1434984256-117] org.apache.druid.jetty.RequestLog - 172.20.0.6 POST //172.20.0.10:8101/druid/worker/v1/chat/index_kafka_system-metrics_2fc61c1672bd198_dfjikglg/offsets/end?finish=true HTTP/1.1 200
2025-12-23T20:30:05,014 INFO [task-runner-0-priority-0] org.apache.kafka.clients.consumer.internals.ConsumerCoordinator - [Consumer clientId=consumer-kafka-supervisor-knfhkffl-1, groupId=kafka-supervisor-knfhkffl] Resetting generation and member id due to: consumer pro-actively leaving the group
2025-12-23T20:30:05,015 INFO [task-runner-0-priority-0] org.apache.kafka.clients.consumer.internals.ConsumerCoordinator - [Consumer clientId=consumer-kafka-supervisor-knfhkffl-1, groupId=kafka-supervisor-knfhkffl] Request joining group due to: consumer pro-actively leaving the group
2025-12-23T20:30:05,015 INFO [task-runner-0-priority-0] org.apache.kafka.clients.consumer.internals.ClassicKafkaConsumer - [Consumer clientId=consumer-kafka-supervisor-knfhkffl-1, groupId=kafka-supervisor-knfhkffl] Unsubscribed all topics or patterns and assigned partitions
2025-12-23T20:30:05,052 INFO [task-runner-0-priority-0] org.apache.druid.segment.realtime.appenderator.StreamAppenderator - Persisted rows[0] and (estimated) bytes[0]
2025-12-23T20:30:05,102 INFO [[index_kafka_system-metrics_2fc61c1672bd198_dfjikglg]-appenderator-persist] org.apache.druid.segment.realtime.appenderator.StreamAppenderator - Flushed in-memory data with commit metadata [AppenderatorDriverMetadata{segments={}, lastSegmentIds={}, callerMetadata={nextPartitions=SeekableStreamEndSequenceNumbers{stream='system-metrics', partitionSequenceNumberMap={KafkaTopicPartition{partition=0, topic='null', multiTopicPartition=false}=0}}}}] for segments: 
2025-12-23T20:30:05,103 INFO [[index_kafka_system-metrics_2fc61c1672bd198_dfjikglg]-appenderator-persist] org.apache.druid.segment.realtime.appenderator.StreamAppenderator - Persisted stats: processed rows: [0], persisted rows[0], sinks: [0], total fireHydrants (across sinks): [0], persisted fireHydrants (across sinks): [0]
2025-12-23T20:30:05,111 INFO [task-runner-0-priority-0] org.apache.druid.segment.realtime.appenderator.BaseAppenderatorDriver - Pushing [0] segments in background
2025-12-23T20:30:05,122 INFO [task-runner-0-priority-0] org.apache.druid.segment.realtime.appenderator.StreamAppenderator - Persisted rows[0] and (estimated) bytes[0]
2025-12-23T20:30:05,142 INFO [[index_kafka_system-metrics_2fc61c1672bd198_dfjikglg]-appenderator-persist] org.apache.druid.segment.realtime.appenderator.StreamAppenderator - Flushed in-memory data with commit metadata [AppenderatorDriverMetadata{segments={}, lastSegmentIds={}, callerMetadata={nextPartitions=SeekableStreamStartSequenceNumbers{stream='system-metrics', partitionSequenceNumberMap={KafkaTopicPartition{partition=0, topic='null', multiTopicPartition=false}=0}, exclusivePartitions=[]}, publishPartitions=SeekableStreamEndSequenceNumbers{stream='system-metrics', partitionSequenceNumberMap={KafkaTopicPartition{partition=0, topic='null', multiTopicPartition=false}=0}}}}] for segments: 
2025-12-23T20:30:05,143 INFO [[index_kafka_system-metrics_2fc61c1672bd198_dfjikglg]-appenderator-persist] org.apache.druid.segment.realtime.appenderator.StreamAppenderator - Persisted stats: processed rows: [0], persisted rows[0], sinks: [0], total fireHydrants (across sinks): [0], persisted fireHydrants (across sinks): [0]
2025-12-23T20:30:05,151 INFO [[index_kafka_system-metrics_2fc61c1672bd198_dfjikglg]-appenderator-merge] org.apache.druid.segment.realtime.appenderator.StreamAppenderator - Preparing to push (stats): processed rows: [0], sinks: [0], fireHydrants (across sinks): [0]
2025-12-23T20:30:05,152 INFO [[index_kafka_system-metrics_2fc61c1672bd198_dfjikglg]-appenderator-merge] org.apache.druid.segment.realtime.appenderator.StreamAppenderator - Push complete...
2025-12-23T20:30:05,167 INFO [[index_kafka_system-metrics_2fc61c1672bd198_dfjikglg]-publish] org.apache.druid.indexing.seekablestream.SequenceMetadata - With empty segment set, start offsets [SeekableStreamStartSequenceNumbers{stream='system-metrics', partitionSequenceNumberMap={KafkaTopicPartition{partition=0, topic='null', multiTopicPartition=false}=0}, exclusivePartitions=[]}] and end offsets [SeekableStreamEndSequenceNumbers{stream='system-metrics', partitionSequenceNumberMap={KafkaTopicPartition{partition=0, topic='null', multiTopicPartition=false}=0}}] are the same, skipping metadata commit.
2025-12-23T20:30:05,171 INFO [[index_kafka_system-metrics_2fc61c1672bd198_dfjikglg]-publish] org.apache.druid.segment.realtime.appenderator.BaseAppenderatorDriver - Published [0] segments with commit metadata[{nextPartitions=SeekableStreamStartSequenceNumbers{stream='system-metrics', partitionSequenceNumberMap={KafkaTopicPartition{partition=0, topic='null', multiTopicPartition=false}=0}, exclusivePartitions=[]}, publishPartitions=SeekableStreamEndSequenceNumbers{stream='system-metrics', partitionSequenceNumberMap={KafkaTopicPartition{partition=0, topic='null', multiTopicPartition=false}=0}}}].
2025-12-23T20:30:05,172 INFO [[index_kafka_system-metrics_2fc61c1672bd198_dfjikglg]-publish] org.apache.druid.segment.realtime.appenderator.BaseAppenderatorDriver - Published segment schemas[SegmentSchemaMapping{segmentIdToMetadataMap={}, schemaFingerprintToPayloadMap={}, version='1'}].
2025-12-23T20:30:05,174 INFO [[index_kafka_system-metrics_2fc61c1672bd198_dfjikglg]-publish] org.apache.druid.indexing.seekablestream.SeekableStreamIndexTaskRunner - Published 0 segments for sequence [index_kafka_system-metrics_2fc61c1672bd198_0] with metadata [AppenderatorDriverMetadata{segments={}, lastSegmentIds={}, callerMetadata={nextPartitions=SeekableStreamStartSequenceNumbers{stream='system-metrics', partitionSequenceNumberMap={KafkaTopicPartition{partition=0, topic='null', multiTopicPartition=false}=0}, exclusivePartitions=[]}, publishPartitions=SeekableStreamEndSequenceNumbers{stream='system-metrics', partitionSequenceNumberMap={KafkaTopicPartition{partition=0, topic='null', multiTopicPartition=false}=0}}}}].
2025-12-23T20:30:05,174 INFO [[index_kafka_system-metrics_2fc61c1672bd198_dfjikglg]-publish] org.apache.druid.indexing.seekablestream.SeekableStreamIndexTaskRunner - Saved sequence metadata to disk: []
2025-12-23T20:30:05,179 INFO [task-runner-0-priority-0] org.apache.druid.indexing.seekablestream.SeekableStreamIndexTaskRunner - Handoff complete for segments: 
2025-12-23T20:30:05,194 INFO [task-runner-0-priority-0] org.apache.kafka.clients.consumer.internals.ConsumerCoordinator - [Consumer clientId=consumer-kafka-supervisor-knfhkffl-1, groupId=kafka-supervisor-knfhkffl] Resetting generation and member id due to: consumer pro-actively leaving the group
2025-12-23T20:30:05,194 INFO [task-runner-0-priority-0] org.apache.kafka.clients.consumer.internals.ConsumerCoordinator - [Consumer clientId=consumer-kafka-supervisor-knfhkffl-1, groupId=kafka-supervisor-knfhkffl] Request joining group due to: consumer pro-actively leaving the group
2025-12-23T20:30:05,297 INFO [task-runner-0-priority-0] org.apache.kafka.common.metrics.Metrics - Metrics scheduler closed
2025-12-23T20:30:05,298 INFO [task-runner-0-priority-0] org.apache.kafka.common.metrics.Metrics - Closing reporter org.apache.kafka.common.metrics.JmxReporter
2025-12-23T20:30:05,298 INFO [task-runner-0-priority-0] org.apache.kafka.common.metrics.Metrics - Closing reporter org.apache.kafka.common.telemetry.internals.ClientTelemetryReporter
2025-12-23T20:30:05,298 INFO [task-runner-0-priority-0] org.apache.kafka.common.metrics.Metrics - Metrics reporters closed
2025-12-23T20:30:05,316 INFO [task-runner-0-priority-0] org.apache.kafka.common.utils.AppInfoParser - App info kafka.consumer for consumer-kafka-supervisor-knfhkffl-1 unregistered
2025-12-23T20:30:05,326 INFO [task-runner-0-priority-0] org.apache.druid.curator.announcement.PathChildrenAnnouncer - Unannouncing [/druid/internal-discovery/PEON/172.20.0.10:8101]
2025-12-23T20:30:05,707 INFO [task-runner-0-priority-0] org.apache.druid.curator.discovery.CuratorDruidNodeAnnouncer - Unannounced self [{"druidNode":{"service":"druid/middleManager","host":"172.20.0.10","bindOnHost":false,"plaintextPort":8101,"port":-1,"tlsPort":-1,"enablePlaintextPort":true,"enableTlsPort":false},"nodeType":"peon","services":{"dataNodeService":{"type":"dataNodeService","tier":"_default_tier","maxSize":0,"type":"indexer-executor","serverType":"indexer-executor","priority":0},"lookupNodeService":{"type":"lookupNodeService","lookupTier":"__default"}},"startTime":"2025-12-23T20:18:58.915Z"}].
2025-12-23T20:30:05,707 INFO [task-runner-0-priority-0] org.apache.druid.curator.announcement.PathChildrenAnnouncer - Unannouncing [/druid/announcements/172.20.0.10:8101]
2025-12-23T20:30:05,764 INFO [task-runner-0-priority-0] org.apache.druid.indexing.worker.executor.ExecutorLifecycle - Task completed with status: {
  "id" : "index_kafka_system-metrics_2fc61c1672bd198_dfjikglg",
  "status" : "SUCCESS",
  "duration" : 667007,
  "errorMsg" : null,
  "location" : {
    "host" : null,
    "port" : -1,
    "tlsPort" : -1
  }
}
2025-12-23T20:30:05,823 INFO [main] org.apache.druid.java.util.common.lifecycle.Lifecycle - Stopping lifecycle [module] stage [ANNOUNCEMENTS]
2025-12-23T20:30:05,859 DEBUG [main] org.apache.druid.jetty.RequestLog - 172.20.0.6 GET //172.20.0.10:8101/druid-internal/v1/segments?counter=0&hash=1766521146000&timeout=240000 HTTP/1.1 500
2025-12-23T20:30:05,860 DEBUG [main] org.apache.druid.jetty.RequestLog - 172.20.0.7 GET //172.20.0.10:8101/druid-internal/v1/segments?counter=0&hash=1766521146000&timeout=240000 HTTP/1.1 500
2025-12-23T20:30:05,897 INFO [main] org.apache.druid.curator.announcement.PathChildrenAnnouncer - Unannouncing [/druid/segments/172.20.0.10:8101/172.20.0.10:8101_indexer-executor__default_tier_2025-12-23T20:18:59.046Z_27936046c0024de09cbafe450b7615b60]
2025-12-23T20:30:05,965 INFO [main] org.apache.druid.java.util.common.lifecycle.Lifecycle - Stopping lifecycle [module] stage [SERVER]
2025-12-23T20:30:06,006 INFO [main] org.eclipse.jetty.server.AbstractConnector - Stopped ServerConnector@237d0625{HTTP/1.1, (http/1.1)}{0.0.0.0:8101}
2025-12-23T20:30:06,006 INFO [main] org.eclipse.jetty.server.session - node0 Stopped scavenging
2025-12-23T20:30:06,014 INFO [main] org.eclipse.jetty.server.handler.ContextHandler - Stopped o.e.j.s.ServletContextHandler@233789d9{/,null,STOPPED}
2025-12-23T20:30:06,024 INFO [main] org.apache.druid.indexing.overlord.SingleTaskBackgroundRunner - Starting graceful shutdown of task[index_kafka_system-metrics_2fc61c1672bd198_dfjikglg].
2025-12-23T20:30:06,024 INFO [main] org.apache.druid.indexing.seekablestream.SeekableStreamIndexTaskRunner - Stopping forcefully (status: [PUBLISHING])
2025-12-23T20:30:06,025 INFO [main] org.apache.druid.java.util.common.lifecycle.Lifecycle - Stopping lifecycle [module] stage [NORMAL]
2025-12-23T20:30:06,025 INFO [main] org.apache.druid.server.coordination.SegmentBootstrapper - Stopping...
2025-12-23T20:30:06,026 INFO [main] org.apache.druid.server.coordination.SegmentBootstrapper - Stopped.
2025-12-23T20:30:06,026 INFO [main] org.apache.druid.server.coordination.ZkCoordinator - Stopping ZkCoordinator for [DruidServerMetadata{name='172.20.0.10:8101', hostAndPort='172.20.0.10:8101', hostAndTlsPort='null', maxSize=0, tier='_default_tier', type=indexer-executor, priority=0}]
2025-12-23T20:30:06,087 INFO [LookupExtractorFactoryContainerProvider-MainThread] org.apache.druid.query.lookup.LookupReferencesManager - Lookup Management loop exited. Lookup notices are not handled anymore.
2025-12-23T20:30:06,091 INFO [Curator-Framework-0] org.apache.curator.framework.imps.CuratorFrameworkImpl - backgroundOperationsLoop exiting
2025-12-23T20:30:06,226 INFO [main] org.apache.zookeeper.ZooKeeper - Session: 0x100014cbc380006 closed
2025-12-23T20:30:06,226 INFO [main-EventThread] org.apache.zookeeper.ClientCnxn - EventThread shut down for session: 0x100014cbc380006
2025-12-23T20:30:06,265 INFO [main] org.apache.druid.java.util.common.lifecycle.Lifecycle - Stopping lifecycle [module] stage [INIT]
Finished peon task
