2025-09-26T01:27:30,633 INFO [main] org.hibernate.validator.internal.util.Version - HV000001: Hibernate Validator 6.2.5.Final
2025-09-26T01:27:31,017 INFO [main] org.apache.druid.guice.ExtensionsLoader - Loading extension [druid-histogram], jars: druid-histogram-34.0.0.jar. Druid extension dependencies [[]]
2025-09-26T01:27:31,022 INFO [main] org.apache.druid.guice.ExtensionsLoader - Loading extension [druid-datasketches], jars: druid-datasketches-34.0.0.jar, commons-math3-3.6.1.jar. Druid extension dependencies [[]]
2025-09-26T01:27:31,025 INFO [main] org.apache.druid.guice.ExtensionsLoader - Loading extension [druid-lookups-cached-global], jars: mapdb-1.0.8.jar, druid-lookups-cached-global-34.0.0.jar. Druid extension dependencies [[]]
2025-09-26T01:27:31,029 INFO [main] org.apache.druid.guice.ExtensionsLoader - Loading extension [postgresql-metadata-storage], jars: checker-qual-3.42.0.jar, postgresql-42.7.2.jar, postgresql-metadata-storage-34.0.0.jar. Druid extension dependencies [[]]
2025-09-26T01:27:31,032 INFO [main] org.apache.druid.guice.ExtensionsLoader - Loading extension [druid-multi-stage-query], jars: druid-multi-stage-query-34.0.0.jar. Druid extension dependencies [[]]
2025-09-26T01:27:31,176 INFO [main] org.apache.druid.guice.ExtensionsLoader - Loading extension [druid-histogram], jars: druid-histogram-34.0.0.jar. Druid extension dependencies [[]]
2025-09-26T01:27:31,178 INFO [main] org.apache.druid.guice.ExtensionsLoader - Loading extension [druid-datasketches], jars: druid-datasketches-34.0.0.jar, commons-math3-3.6.1.jar. Druid extension dependencies [[]]
2025-09-26T01:27:31,183 INFO [main] org.apache.druid.guice.ExtensionsLoader - Loading extension [druid-lookups-cached-global], jars: mapdb-1.0.8.jar, druid-lookups-cached-global-34.0.0.jar. Druid extension dependencies [[]]
2025-09-26T01:27:31,184 INFO [main] org.apache.druid.guice.ExtensionsLoader - Loading extension [postgresql-metadata-storage], jars: checker-qual-3.42.0.jar, postgresql-42.7.2.jar, postgresql-metadata-storage-34.0.0.jar. Druid extension dependencies [[]]
2025-09-26T01:27:31,185 INFO [main] org.apache.druid.guice.ExtensionsLoader - Loading extension [druid-multi-stage-query], jars: druid-multi-stage-query-34.0.0.jar. Druid extension dependencies [[]]
2025-09-26T01:27:31,780 INFO [main] org.apache.druid.guice.JsonConfigurator - Skipping property [druid.emitter.logging.logLevel]: one of it's prefixes [druid] is also used as a property key.
2025-09-26T01:27:31,806 INFO [main] org.apache.druid.server.emitter.EmitterModule - Using emitter [NoopEmitter{}] for metrics and alerts, with dimensions [{version=34.0.0}].
2025-09-26T01:27:32,088 INFO [main] org.apache.druid.server.metrics.MetricsModule - Loaded 5 monitors: org.apache.druid.java.util.metrics.JvmMonitor, org.apache.druid.server.metrics.ServiceStatusMonitor, org.apache.druid.query.ExecutorServiceMonitor, org.apache.druid.curator.DruidConnectionStateListener, org.apache.druid.server.initialization.jetty.JettyServerModule$JettyMonitor
2025-09-26T01:27:32,094 INFO [main] org.apache.druid.cli.CliPeon - Starting up with processors [4], memory [1,073,741,824], maxMemory [1,073,741,824], directMemory [3,221,225,472]. Properties follow.
2025-09-26T01:27:32,095 INFO [main] org.apache.druid.cli.CliPeon - * attemptId: 1
2025-09-26T01:27:32,095 INFO [main] org.apache.druid.cli.CliPeon - * druid.emitter: noop
2025-09-26T01:27:32,096 INFO [main] org.apache.druid.cli.CliPeon - * druid.emitter.logging.logLevel: debug
2025-09-26T01:27:32,096 INFO [main] org.apache.druid.cli.CliPeon - * druid.extensions.loadList: ["druid-histogram", "druid-datasketches", "druid-lookups-cached-global", "postgresql-metadata-storage", "druid-multi-stage-query"]
2025-09-26T01:27:32,096 INFO [main] org.apache.druid.cli.CliPeon - * druid.host: 172.20.0.8
2025-09-26T01:27:32,096 INFO [main] org.apache.druid.cli.CliPeon - * druid.indexer.fork.property.druid.processing.buffer.sizeBytes: 256MiB
2025-09-26T01:27:32,096 INFO [main] org.apache.druid.cli.CliPeon - * druid.indexer.logs.directory: /opt/shared/indexing-logs
2025-09-26T01:27:32,096 INFO [main] org.apache.druid.cli.CliPeon - * druid.indexer.logs.type: file
2025-09-26T01:27:32,096 INFO [main] org.apache.druid.cli.CliPeon - * druid.indexer.runner.javaOptsArray: ["-server", "-Xmx1g", "-Xms1g", "-XX:MaxDirectMemorySize=3g", "-Duser.timezone=UTC", "-Dfile.encoding=UTF-8", "-Djava.util.logging.manager=org.apache.logging.log4j.jul.LogManager"]
2025-09-26T01:27:32,096 INFO [main] org.apache.druid.cli.CliPeon - * druid.indexer.task.baseTaskDir: /opt/druid/var/druid/task/slot0
2025-09-26T01:27:32,096 INFO [main] org.apache.druid.cli.CliPeon - * druid.indexer.task.hadoopWorkingPath: var/druid/hadoop-tmp
2025-09-26T01:27:32,096 INFO [main] org.apache.druid.cli.CliPeon - * druid.indexer.task.tmpStorageBytesPerTask: 4611686018427387903
2025-09-26T01:27:32,096 INFO [main] org.apache.druid.cli.CliPeon - * druid.indexing.doubleStorage: double
2025-09-26T01:27:32,096 INFO [main] org.apache.druid.cli.CliPeon - * druid.lookup.enableLookupSyncOnStartup: false
2025-09-26T01:27:32,096 INFO [main] org.apache.druid.cli.CliPeon - * druid.metadata.storage.connector.connectURI: jdbc:postgresql://postgres:5432/druid
2025-09-26T01:27:32,096 INFO [main] org.apache.druid.cli.CliPeon - * druid.metadata.storage.connector.host: localhost
2025-09-26T01:27:32,096 INFO [main] org.apache.druid.cli.CliPeon - * druid.metadata.storage.connector.password: <masked>
2025-09-26T01:27:32,096 INFO [main] org.apache.druid.cli.CliPeon - * druid.metadata.storage.connector.port: 1527
2025-09-26T01:27:32,096 INFO [main] org.apache.druid.cli.CliPeon - * druid.metadata.storage.connector.user: druid
2025-09-26T01:27:32,096 INFO [main] org.apache.druid.cli.CliPeon - * druid.metadata.storage.host: 
2025-09-26T01:27:32,096 INFO [main] org.apache.druid.cli.CliPeon - * druid.metadata.storage.type: postgresql
2025-09-26T01:27:32,096 INFO [main] org.apache.druid.cli.CliPeon - * druid.metrics.emitter.dimension.dataSource: wikipedia
2025-09-26T01:27:32,097 INFO [main] org.apache.druid.cli.CliPeon - * druid.metrics.emitter.dimension.groupId: index_parallel_wikipedia_pejindal_2025-09-26T01:27:27.966Z
2025-09-26T01:27:32,097 INFO [main] org.apache.druid.cli.CliPeon - * druid.metrics.emitter.dimension.taskId: index_parallel_wikipedia_pejindal_2025-09-26T01:27:27.966Z
2025-09-26T01:27:32,097 INFO [main] org.apache.druid.cli.CliPeon - * druid.metrics.emitter.dimension.taskType: index_parallel
2025-09-26T01:27:32,097 INFO [main] org.apache.druid.cli.CliPeon - * druid.monitoring.monitors: ["org.apache.druid.java.util.metrics.JvmMonitor", "org.apache.druid.server.metrics.ServiceStatusMonitor"]
2025-09-26T01:27:32,097 INFO [main] org.apache.druid.cli.CliPeon - * druid.node.type: middleManager
2025-09-26T01:27:32,097 INFO [main] org.apache.druid.cli.CliPeon - * druid.plaintextPort: 8100
2025-09-26T01:27:32,097 INFO [main] org.apache.druid.cli.CliPeon - * druid.processing.buffer.sizeBytes: 256MiB
2025-09-26T01:27:32,097 INFO [main] org.apache.druid.cli.CliPeon - * druid.processing.numMergeBuffers: 2
2025-09-26T01:27:32,097 INFO [main] org.apache.druid.cli.CliPeon - * druid.processing.numThreads: 2
2025-09-26T01:27:32,097 INFO [main] org.apache.druid.cli.CliPeon - * druid.selectors.coordinator.serviceName: druid/coordinator
2025-09-26T01:27:32,097 INFO [main] org.apache.druid.cli.CliPeon - * druid.selectors.indexing.serviceName: druid/overlord
2025-09-26T01:27:32,097 INFO [main] org.apache.druid.cli.CliPeon - * druid.server.hiddenProperties: ["druid.s3.accessKey","druid.s3.secretKey","druid.metadata.storage.connector.password", "password", "key", "token", "pwd"]
2025-09-26T01:27:32,097 INFO [main] org.apache.druid.cli.CliPeon - * druid.server.http.numThreads: 12
2025-09-26T01:27:32,097 INFO [main] org.apache.druid.cli.CliPeon - * druid.service: druid/middleManager
2025-09-26T01:27:32,097 INFO [main] org.apache.druid.cli.CliPeon - * druid.sql.enable: true
2025-09-26T01:27:32,097 INFO [main] org.apache.druid.cli.CliPeon - * druid.sql.planner.useGroupingSetForExactDistinct: true
2025-09-26T01:27:32,097 INFO [main] org.apache.druid.cli.CliPeon - * druid.startup.logging.logProperties: true
2025-09-26T01:27:32,097 INFO [main] org.apache.druid.cli.CliPeon - * druid.storage.storageDirectory: /opt/shared/segments
2025-09-26T01:27:32,097 INFO [main] org.apache.druid.cli.CliPeon - * druid.storage.type: local
2025-09-26T01:27:32,098 INFO [main] org.apache.druid.cli.CliPeon - * druid.task.executor.enablePlaintextPort: true
2025-09-26T01:27:32,098 INFO [main] org.apache.druid.cli.CliPeon - * druid.task.executor.enableTlsPort: false
2025-09-26T01:27:32,098 INFO [main] org.apache.druid.cli.CliPeon - * druid.task.executor.host: 172.20.0.8
2025-09-26T01:27:32,098 INFO [main] org.apache.druid.cli.CliPeon - * druid.task.executor.plaintextPort: 8091
2025-09-26T01:27:32,098 INFO [main] org.apache.druid.cli.CliPeon - * druid.task.executor.service: druid/middleManager
2025-09-26T01:27:32,098 INFO [main] org.apache.druid.cli.CliPeon - * druid.task.executor.tlsPort: -1
2025-09-26T01:27:32,098 INFO [main] org.apache.druid.cli.CliPeon - * druid.tlsPort: -1
2025-09-26T01:27:32,098 INFO [main] org.apache.druid.cli.CliPeon - * druid.worker.baseTaskDirs: ["var/druid/task"]
2025-09-26T01:27:32,098 INFO [main] org.apache.druid.cli.CliPeon - * druid.worker.capacity: 2
2025-09-26T01:27:32,098 INFO [main] org.apache.druid.cli.CliPeon - * druid.zk.paths.base: /druid
2025-09-26T01:27:32,098 INFO [main] org.apache.druid.cli.CliPeon - * druid.zk.service.host: zookeeper
2025-09-26T01:27:32,098 INFO [main] org.apache.druid.cli.CliPeon - * file.encoding: UTF-8
2025-09-26T01:27:32,098 INFO [main] org.apache.druid.cli.CliPeon - * file.separator: /
2025-09-26T01:27:32,098 INFO [main] org.apache.druid.cli.CliPeon - * java.class.path: /tmp/conf/druid/single-server/micro-quickstart/_common:/tmp/conf/druid/single-server/micro-quickstart/middleManager:lib/joni-2.1.34.jar:lib/jcodings-1.0.50.jar:lib/commons-dbcp2-2.0.1.jar:lib/airline-2.8.4.jar:lib/jackson-datatype-guava-2.18.4.jar:lib/cron-scheduler-0.1.jar:lib/jackson-dataformat-cbor-2.18.4.jar:lib/commons-beanutils-1.11.0.jar:lib/netty-codec-socks-4.1.122.Final.jar:lib/jmespath-java-1.12.784.jar:lib/calcite-core-1.37.0.jar:lib/netty-handler-4.1.122.Final.jar:lib/jboss-logging-3.4.1.Final.jar:lib/commons-codec-1.16.1.jar:lib/maven-model-builder-3.6.0.jar:lib/httpclient5-5.2.1.jar:lib/commons-collections-3.2.2.jar:lib/joda-time-2.14.0.jar:lib/xz-1.9.jar:lib/maven-resolver-spi-1.3.1.jar:lib/druid-processing-34.0.0.jar:lib/antlr4-runtime-4.5.3.jar:lib/jna-5.13.0.jar:lib/apiguardian-api-1.1.2.jar:lib/janino-3.1.11.jar:lib/maven-resolver-connector-basic-1.3.1.jar:lib/jts-core-1.19.0.jar:lib/log4j-api-2.22.1.jar:lib/jakarta.inject-api-1.0.3.jar:lib/jersey-servlet-1.19.4.jar:lib/jackson-core-2.18.4.1.jar:lib/rhino-1.7.14.jar:lib/istack-commons-runtime-3.0.11.jar:lib/maven-resolver-transport-http-1.3.1.jar:lib/google-api-client-2.2.0.jar:lib/log4j-1.2-api-2.22.1.jar:lib/jakarta.activation-1.2.2.jar:lib/jetty-util-9.4.57.v20241219.jar:lib/RoaringBitmap-0.9.49.jar:lib/maven-artifact-3.6.0.jar:lib/sigar-1.6.5.132.jar:lib/netty-buffer-4.1.122.Final.jar:lib/netty-codec-http-4.1.122.Final.jar:lib/maven-model-3.6.0.jar:lib/aws-java-sdk-kms-1.12.784.jar:lib/commons-text-1.13.1.jar:lib/jakarta.activation-api-1.2.2.jar:lib/javax.el-api-3.0.0.jar:lib/jackson-dataformat-smile-2.18.4.jar:lib/json-simple-1.1.1.jar:lib/resilience4j-bulkhead-1.3.1.jar:lib/jetty-security-9.4.57.v20241219.jar:lib/google-http-client-1.42.3.jar:lib/httpcore5-5.2.3.jar:lib/cron-utils-9.2.0.jar:lib/netty-transport-4.1.122.Final.jar:lib/ipaddress-5.3.4.jar:lib/jdbi-2.63.1.jar:lib/google-oauth-client-1.34.1.jar:lib/maven-resolver-impl-1.3.1.jar:lib/grpc-context-1.27.2.jar:lib/jetty-client-9.4.57.v20241219.jar:lib/commons-math3-3.6.1.jar:lib/commons-collections4-4.2.jar:lib/aws-java-sdk-core-1.12.784.jar:lib/zstd-jni-1.5.2-3.jar:lib/jna-platform-5.13.0.jar:lib/commons-io-2.17.0.jar:lib/gson-2.10.1.jar:lib/guice-5.1.0.jar:lib/netty-resolver-dns-4.1.122.Final.jar:lib/jcl-over-slf4j-2.0.16.jar:lib/zookeeper-jute-3.8.4.jar:lib/asm-commons-9.8.jar:lib/zookeeper-3.8.4.jar:lib/druid-server-34.0.0.jar:lib/plexus-utils-3.1.0.jar:lib/jackson-jq-0.0.10.jar:lib/google-http-client-jackson2-1.42.3.jar:lib/checker-qual-3.48.1.jar:lib/asm-9.8.jar:lib/jackson-jaxrs-smile-provider-2.18.4.jar:lib/jackson-annotations-2.18.4.jar:lib/netty-resolver-4.1.122.Final.jar:lib/jakarta.validation-api-2.0.2.jar:lib/failureaccess-1.0.1.jar:lib/jackson-module-guice-2.18.4.jar:lib/aopalliance-1.0.jar:lib/javax.inject-1.jar:lib/opencsv-4.6.jar:lib/jackson-databind-2.18.4.jar:lib/asm-tree-9.8.jar:lib/google-http-client-gson-1.42.3.jar:lib/fastutil-core-8.5.4.jar:lib/fastutil-8.5.4.jar:lib/opencensus-contrib-http-util-0.31.1.jar:lib/audience-annotations-0.12.0.jar:lib/disruptor-3.3.6.jar:lib/jetty-proxy-9.4.57.v20241219.jar:lib/httpclient-4.5.13.jar:lib/icu4j-73.2.jar:lib/js-22.3.5.jar:lib/jetty-http-9.4.57.v20241219.jar:lib/curator-x-discovery-5.8.0.jar:lib/datasketches-memory-2.2.0.jar:lib/commons-compiler-3.1.11.jar:lib/classmate-1.5.1.jar:lib/jersey-core-1.19.4.jar:lib/opencensus-api-0.31.1.jar:lib/log4j-slf4j2-impl-2.22.1.jar:lib/derbynet-10.14.2.0.jar:lib/jetty-server-9.4.57.v20241219.jar:lib/jaxb-runtime-2.3.3.jar:lib/lz4-java-1.8.0.jar:lib/curator-client-5.8.0.jar:lib/datasketches-java-4.2.0.jar:lib/commons-logging-1.3.5.jar:lib/avatica-core-1.25.0.jar:lib/web-console-34.0.0.jar:lib/jetty-servlets-9.4.57.v20241219.jar:lib/aws-java-sdk-ec2-1.12.784.jar:lib/jakarta.el-3.0.4.jar:lib/druid-indexing-service-34.0.0.jar:lib/log4j-jul-2.22.1.jar:lib/snappy-java-1.1.10.7.jar:lib/fastutil-extra-8.5.4.jar:lib/commons-pool2-2.2.jar:lib/netty-handler-proxy-4.1.122.Final.jar:lib/httpcore5-h2-5.2.jar:lib/httpcore-4.4.16.jar:lib/jackson-jaxrs-base-2.18.4.jar:lib/metrics-core-4.2.22.jar:lib/plexus-component-annotations-1.7.1.jar:lib/plexus-interpolation-1.25.jar:lib/derbyclient-10.14.2.0.jar:lib/uzaygezen-core-0.2.jar:lib/netty-transport-native-unix-common-4.1.122.Final.jar:lib/hibernate-validator-6.2.5.Final.jar:lib/jetty-servlet-9.4.57.v20241219.jar:lib/accessors-smart-2.5.2.jar:lib/regex-22.3.5.jar:lib/aws-java-sdk-s3-1.12.784.jar:lib/druid-gcp-common-34.0.0.jar:lib/derby-10.14.2.0.jar:lib/javax.servlet-api-3.1.0.jar:lib/maven-resolver-util-1.3.1.jar:lib/druid-indexing-hadoop-34.0.0.jar:lib/airline-io-2.8.4.jar:lib/vavr-match-0.10.2.jar:lib/maven-resolver-provider-3.6.0.jar:lib/js-scriptengine-22.3.5.jar:lib/calcite-linq4j-1.37.0.jar:lib/slf4j-api-2.0.16.jar:lib/jetty-io-9.4.57.v20241219.jar:lib/curator-recipes-5.8.0.jar:lib/jts-io-common-1.19.0.jar:lib/jsr311-api-1.1.1.jar:lib/compress-lzf-1.0.4.jar:lib/json-path-2.9.0.jar:lib/elasticache-java-cluster-client-1.2.0.jar:lib/jackson-module-jaxb-annotations-2.18.4.jar:lib/guice-servlet-5.1.0.jar:lib/commons-lang3-3.17.0.jar:lib/jackson-datatype-joda-2.18.4.jar:lib/guava-32.1.3-jre.jar:lib/maven-repository-metadata-3.6.0.jar:lib/json-smart-2.5.2.jar:lib/graal-sdk-22.3.5.jar:lib/jetty-util-ajax-9.4.57.v20241219.jar:lib/caffeine-2.8.0.jar:lib/jakarta.xml.bind-api-2.3.3.jar:lib/aws-java-sdk-sts-1.12.784.jar:lib/netty-common-4.1.122.Final.jar:lib/avatica-metrics-1.25.0.jar:lib/maven-builder-support-3.6.0.jar:lib/google-http-client-apache-v2-1.42.3.jar:lib/guice-assistedinject-5.1.0.jar:lib/jersey-guice-1.19.4.jar:lib/jackson-jaxrs-json-provider-2.18.4.jar:lib/druid-aws-common-34.0.0.jar:lib/error_prone_annotations-2.35.1.jar:lib/jetty-rewrite-9.4.57.v20241219.jar:lib/maven-resolver-api-1.3.1.jar:lib/druid-services-34.0.0.jar:lib/jetty-continuation-9.4.57.v20241219.jar:lib/oshi-core-6.4.4.jar:lib/log4j-core-2.22.1.jar:lib/txw2-2.3.3.jar:lib/protobuf-java-3.25.5.jar:lib/j2objc-annotations-2.8.jar:lib/vavr-0.10.2.jar:lib/commons-compress-1.26.0.jar:lib/annotations-26.0.2.jar:lib/jersey-server-1.19.4.jar:lib/truffle-api-22.3.5.jar:lib/netty-codec-dns-4.1.122.Final.jar:lib/proj4j-1.2.2.jar:lib/resilience4j-core-1.3.1.jar:lib/jsr305-3.0.2.jar:lib/druid-sql-34.0.0.jar:lib/shims-0.9.49.jar:lib/async-http-client-3.0.2.jar:lib/curator-framework-5.8.0.jar:lib/avatica-server-1.25.0.jar:lib/netty-3.10.6.Final.jar:lib/netty-codec-4.1.122.Final.jar:
2025-09-26T01:27:32,099 INFO [main] org.apache.druid.cli.CliPeon - * java.class.version: 61.0
2025-09-26T01:27:32,099 INFO [main] org.apache.druid.cli.CliPeon - * java.home: /usr/lib/jvm/java-17-openjdk-amd64
2025-09-26T01:27:32,099 INFO [main] org.apache.druid.cli.CliPeon - * java.io.tmpdir: var/tmp
2025-09-26T01:27:32,099 INFO [main] org.apache.druid.cli.CliPeon - * java.library.path: /usr/java/packages/lib:/usr/lib/x86_64-linux-gnu/jni:/lib/x86_64-linux-gnu:/usr/lib/x86_64-linux-gnu:/usr/lib/jni:/lib:/usr/lib
2025-09-26T01:27:32,099 INFO [main] org.apache.druid.cli.CliPeon - * java.runtime.name: OpenJDK Runtime Environment
2025-09-26T01:27:32,099 INFO [main] org.apache.druid.cli.CliPeon - * java.runtime.version: 17.0.15+6-Debian-1deb12u1
2025-09-26T01:27:32,099 INFO [main] org.apache.druid.cli.CliPeon - * java.specification.maintenance.version: 1
2025-09-26T01:27:32,099 INFO [main] org.apache.druid.cli.CliPeon - * java.specification.name: Java Platform API Specification
2025-09-26T01:27:32,099 INFO [main] org.apache.druid.cli.CliPeon - * java.specification.vendor: Oracle Corporation
2025-09-26T01:27:32,099 INFO [main] org.apache.druid.cli.CliPeon - * java.specification.version: 17
2025-09-26T01:27:32,099 INFO [main] org.apache.druid.cli.CliPeon - * java.util.logging.manager: org.apache.logging.log4j.jul.LogManager
2025-09-26T01:27:32,099 INFO [main] org.apache.druid.cli.CliPeon - * java.vendor: Debian
2025-09-26T01:27:32,099 INFO [main] org.apache.druid.cli.CliPeon - * java.vendor.url: https://tracker.debian.org/openjdk-17
2025-09-26T01:27:32,099 INFO [main] org.apache.druid.cli.CliPeon - * java.vendor.url.bug: https://bugs.debian.org/openjdk-17
2025-09-26T01:27:32,099 INFO [main] org.apache.druid.cli.CliPeon - * java.version: 17.0.15
2025-09-26T01:27:32,099 INFO [main] org.apache.druid.cli.CliPeon - * java.version.date: 2025-04-15
2025-09-26T01:27:32,099 INFO [main] org.apache.druid.cli.CliPeon - * java.vm.compressedOopsMode: 32-bit
2025-09-26T01:27:32,099 INFO [main] org.apache.druid.cli.CliPeon - * java.vm.info: mixed mode, sharing
2025-09-26T01:27:32,099 INFO [main] org.apache.druid.cli.CliPeon - * java.vm.name: OpenJDK 64-Bit Server VM
2025-09-26T01:27:32,099 INFO [main] org.apache.druid.cli.CliPeon - * java.vm.specification.name: Java Virtual Machine Specification
2025-09-26T01:27:32,099 INFO [main] org.apache.druid.cli.CliPeon - * java.vm.specification.vendor: Oracle Corporation
2025-09-26T01:27:32,100 INFO [main] org.apache.druid.cli.CliPeon - * java.vm.specification.version: 17
2025-09-26T01:27:32,100 INFO [main] org.apache.druid.cli.CliPeon - * java.vm.vendor: Debian
2025-09-26T01:27:32,100 INFO [main] org.apache.druid.cli.CliPeon - * java.vm.version: 17.0.15+6-Debian-1deb12u1
2025-09-26T01:27:32,100 INFO [main] org.apache.druid.cli.CliPeon - * jdk.debug: release
2025-09-26T01:27:32,100 INFO [main] org.apache.druid.cli.CliPeon - * line.separator: 

2025-09-26T01:27:32,100 INFO [main] org.apache.druid.cli.CliPeon - * log4j.shutdownCallbackRegistry: org.apache.druid.common.config.Log4jShutdown
2025-09-26T01:27:32,100 INFO [main] org.apache.druid.cli.CliPeon - * log4j.shutdownHookEnabled: true
2025-09-26T01:27:32,100 INFO [main] org.apache.druid.cli.CliPeon - * log4j2.configurationFactory: org.apache.druid.indexing.common.tasklogs.ConsoleLoggingEnforcementConfigurationFactory
2025-09-26T01:27:32,100 INFO [main] org.apache.druid.cli.CliPeon - * log4j2.is.webapp: false
2025-09-26T01:27:32,100 INFO [main] org.apache.druid.cli.CliPeon - * native.encoding: UTF-8
2025-09-26T01:27:32,100 INFO [main] org.apache.druid.cli.CliPeon - * os.arch: amd64
2025-09-26T01:27:32,100 INFO [main] org.apache.druid.cli.CliPeon - * os.name: Linux
2025-09-26T01:27:32,100 INFO [main] org.apache.druid.cli.CliPeon - * os.version: 6.14.0-29-generic
2025-09-26T01:27:32,100 INFO [main] org.apache.druid.cli.CliPeon - * path.separator: :
2025-09-26T01:27:32,100 INFO [main] org.apache.druid.cli.CliPeon - * sun.arch.data.model: 64
2025-09-26T01:27:32,100 INFO [main] org.apache.druid.cli.CliPeon - * sun.boot.library.path: /usr/lib/jvm/java-17-openjdk-amd64/lib
2025-09-26T01:27:32,100 INFO [main] org.apache.druid.cli.CliPeon - * sun.cpu.endian: little
2025-09-26T01:27:32,100 INFO [main] org.apache.druid.cli.CliPeon - * sun.io.unicode.encoding: UnicodeLittle
2025-09-26T01:27:32,100 INFO [main] org.apache.druid.cli.CliPeon - * sun.java.command: org.apache.druid.cli.Main internal peon var/druid/task/slot0/index_parallel_wikipedia_pejindal_2025-09-26T01:27:27.966Z 1 --loadBroadcastDatasourceMode ALL
2025-09-26T01:27:32,100 INFO [main] org.apache.druid.cli.CliPeon - * sun.java.launcher: SUN_STANDARD
2025-09-26T01:27:32,100 INFO [main] org.apache.druid.cli.CliPeon - * sun.jnu.encoding: UTF-8
2025-09-26T01:27:32,100 INFO [main] org.apache.druid.cli.CliPeon - * sun.management.compiler: HotSpot 64-Bit Tiered Compilers
2025-09-26T01:27:32,100 INFO [main] org.apache.druid.cli.CliPeon - * user.dir: /opt/druid
2025-09-26T01:27:32,101 INFO [main] org.apache.druid.cli.CliPeon - * user.home: /root
2025-09-26T01:27:32,101 INFO [main] org.apache.druid.cli.CliPeon - * user.language: en
2025-09-26T01:27:32,101 INFO [main] org.apache.druid.cli.CliPeon - * user.name: root
2025-09-26T01:27:32,101 INFO [main] org.apache.druid.cli.CliPeon - * user.timezone: UTC
2025-09-26T01:27:32,242 INFO [main] org.apache.druid.query.DruidProcessingConfig - Detected max direct memory size of [3,221,225,472] bytes
2025-09-26T01:27:32,244 WARN [main] org.apache.druid.guice.PeonProcessingModule - Ignoring the configured numThreads[2] because task[index_parallel_wikipedia_pejindal_2025-09-26T01:27:27.966Z] of type[index_parallel] does not support queries
2025-09-26T01:27:32,255 INFO [main] org.apache.druid.segment.loading.SegmentLocalCacheManager - Using storage location strategy[LeastBytesUsedStorageLocationSelectorStrategy].
2025-09-26T01:27:32,255 INFO [main] org.apache.druid.segment.loading.SegmentLocalCacheManager - Number of threads to load segments into page cache - on bootstrap: [0], on download: [0].
2025-09-26T01:27:32,301 INFO [main] org.apache.druid.guice.StorageNodeModule - Segment cache not configured on ServerType [indexer-executor]. It will not be assignable for segment placement
2025-09-26T01:27:32,340 INFO [main] org.eclipse.jetty.util.log - Logging initialized @2748ms to org.eclipse.jetty.util.log.Slf4jLog
2025-09-26T01:27:32,349 INFO [main] org.apache.druid.server.initialization.jetty.JettyServerModule - Creating http connector with port [8100]
2025-09-26T01:27:32,451 WARN [main] org.eclipse.jetty.server.handler.gzip.GzipHandler - minGzipSize of 0 is inefficient for short content, break even is size 23
2025-09-26T01:27:32,488 WARN [main] org.apache.druid.guice.PeonProcessingModule - Ignoring the configured numMergeBuffers[2] because task[index_parallel_wikipedia_pejindal_2025-09-26T01:27:27.966Z] of type[index_parallel] does not support queries
2025-09-26T01:27:32,516 INFO [main] org.apache.druid.java.util.common.lifecycle.Lifecycle - Starting lifecycle [module] stage [INIT]
2025-09-26T01:27:32,516 INFO [main] org.apache.druid.java.util.common.lifecycle.Lifecycle$AnnotationBasedHandler - Starting lifecycle [Log4jShutterDowner#start]
2025-09-26T01:27:32,516 INFO [main] org.apache.druid.java.util.common.lifecycle.Lifecycle - Starting lifecycle [module] stage [NORMAL]
2025-09-26T01:27:32,517 INFO [main] org.apache.druid.java.util.common.lifecycle.Lifecycle$AnnotationBasedHandler - Starting lifecycle [ServiceEmitter#start]
2025-09-26T01:27:32,517 INFO [main] org.apache.druid.java.util.common.lifecycle.Lifecycle$AnnotationBasedHandler - Starting lifecycle [BasicMonitorScheduler#start]
2025-09-26T01:27:32,519 INFO [main] org.apache.druid.java.util.common.lifecycle.Lifecycle$AnnotationBasedHandler - Starting lifecycle [NettyHttpClient#start]
2025-09-26T01:27:32,519 INFO [main] org.apache.curator.framework.imps.CuratorFrameworkImpl - Starting
2025-09-26T01:27:32,522 INFO [main] org.apache.zookeeper.ZooKeeper - Client environment:zookeeper.version=3.8.4-9316c2a7a97e1666d8f4593f34dd6fc36ecc436c, built on 2024-02-12 22:16 UTC
2025-09-26T01:27:32,522 INFO [main] org.apache.zookeeper.ZooKeeper - Client environment:host.name=fb5a65d7543e
2025-09-26T01:27:32,522 INFO [main] org.apache.zookeeper.ZooKeeper - Client environment:java.version=17.0.15
2025-09-26T01:27:32,522 INFO [main] org.apache.zookeeper.ZooKeeper - Client environment:java.vendor=Debian
2025-09-26T01:27:32,522 INFO [main] org.apache.zookeeper.ZooKeeper - Client environment:java.home=/usr/lib/jvm/java-17-openjdk-amd64
2025-09-26T01:27:32,522 INFO [main] org.apache.zookeeper.ZooKeeper - Client environment:java.class.path=/tmp/conf/druid/single-server/micro-quickstart/_common:/tmp/conf/druid/single-server/micro-quickstart/middleManager:lib/joni-2.1.34.jar:lib/jcodings-1.0.50.jar:lib/commons-dbcp2-2.0.1.jar:lib/airline-2.8.4.jar:lib/jackson-datatype-guava-2.18.4.jar:lib/cron-scheduler-0.1.jar:lib/jackson-dataformat-cbor-2.18.4.jar:lib/commons-beanutils-1.11.0.jar:lib/netty-codec-socks-4.1.122.Final.jar:lib/jmespath-java-1.12.784.jar:lib/calcite-core-1.37.0.jar:lib/netty-handler-4.1.122.Final.jar:lib/jboss-logging-3.4.1.Final.jar:lib/commons-codec-1.16.1.jar:lib/maven-model-builder-3.6.0.jar:lib/httpclient5-5.2.1.jar:lib/commons-collections-3.2.2.jar:lib/joda-time-2.14.0.jar:lib/xz-1.9.jar:lib/maven-resolver-spi-1.3.1.jar:lib/druid-processing-34.0.0.jar:lib/antlr4-runtime-4.5.3.jar:lib/jna-5.13.0.jar:lib/apiguardian-api-1.1.2.jar:lib/janino-3.1.11.jar:lib/maven-resolver-connector-basic-1.3.1.jar:lib/jts-core-1.19.0.jar:lib/log4j-api-2.22.1.jar:lib/jakarta.inject-api-1.0.3.jar:lib/jersey-servlet-1.19.4.jar:lib/jackson-core-2.18.4.1.jar:lib/rhino-1.7.14.jar:lib/istack-commons-runtime-3.0.11.jar:lib/maven-resolver-transport-http-1.3.1.jar:lib/google-api-client-2.2.0.jar:lib/log4j-1.2-api-2.22.1.jar:lib/jakarta.activation-1.2.2.jar:lib/jetty-util-9.4.57.v20241219.jar:lib/RoaringBitmap-0.9.49.jar:lib/maven-artifact-3.6.0.jar:lib/sigar-1.6.5.132.jar:lib/netty-buffer-4.1.122.Final.jar:lib/netty-codec-http-4.1.122.Final.jar:lib/maven-model-3.6.0.jar:lib/aws-java-sdk-kms-1.12.784.jar:lib/commons-text-1.13.1.jar:lib/jakarta.activation-api-1.2.2.jar:lib/javax.el-api-3.0.0.jar:lib/jackson-dataformat-smile-2.18.4.jar:lib/json-simple-1.1.1.jar:lib/resilience4j-bulkhead-1.3.1.jar:lib/jetty-security-9.4.57.v20241219.jar:lib/google-http-client-1.42.3.jar:lib/httpcore5-5.2.3.jar:lib/cron-utils-9.2.0.jar:lib/netty-transport-4.1.122.Final.jar:lib/ipaddress-5.3.4.jar:lib/jdbi-2.63.1.jar:lib/google-oauth-client-1.34.1.jar:lib/maven-resolver-impl-1.3.1.jar:lib/grpc-context-1.27.2.jar:lib/jetty-client-9.4.57.v20241219.jar:lib/commons-math3-3.6.1.jar:lib/commons-collections4-4.2.jar:lib/aws-java-sdk-core-1.12.784.jar:lib/zstd-jni-1.5.2-3.jar:lib/jna-platform-5.13.0.jar:lib/commons-io-2.17.0.jar:lib/gson-2.10.1.jar:lib/guice-5.1.0.jar:lib/netty-resolver-dns-4.1.122.Final.jar:lib/jcl-over-slf4j-2.0.16.jar:lib/zookeeper-jute-3.8.4.jar:lib/asm-commons-9.8.jar:lib/zookeeper-3.8.4.jar:lib/druid-server-34.0.0.jar:lib/plexus-utils-3.1.0.jar:lib/jackson-jq-0.0.10.jar:lib/google-http-client-jackson2-1.42.3.jar:lib/checker-qual-3.48.1.jar:lib/asm-9.8.jar:lib/jackson-jaxrs-smile-provider-2.18.4.jar:lib/jackson-annotations-2.18.4.jar:lib/netty-resolver-4.1.122.Final.jar:lib/jakarta.validation-api-2.0.2.jar:lib/failureaccess-1.0.1.jar:lib/jackson-module-guice-2.18.4.jar:lib/aopalliance-1.0.jar:lib/javax.inject-1.jar:lib/opencsv-4.6.jar:lib/jackson-databind-2.18.4.jar:lib/asm-tree-9.8.jar:lib/google-http-client-gson-1.42.3.jar:lib/fastutil-core-8.5.4.jar:lib/fastutil-8.5.4.jar:lib/opencensus-contrib-http-util-0.31.1.jar:lib/audience-annotations-0.12.0.jar:lib/disruptor-3.3.6.jar:lib/jetty-proxy-9.4.57.v20241219.jar:lib/httpclient-4.5.13.jar:lib/icu4j-73.2.jar:lib/js-22.3.5.jar:lib/jetty-http-9.4.57.v20241219.jar:lib/curator-x-discovery-5.8.0.jar:lib/datasketches-memory-2.2.0.jar:lib/commons-compiler-3.1.11.jar:lib/classmate-1.5.1.jar:lib/jersey-core-1.19.4.jar:lib/opencensus-api-0.31.1.jar:lib/log4j-slf4j2-impl-2.22.1.jar:lib/derbynet-10.14.2.0.jar:lib/jetty-server-9.4.57.v20241219.jar:lib/jaxb-runtime-2.3.3.jar:lib/lz4-java-1.8.0.jar:lib/curator-client-5.8.0.jar:lib/datasketches-java-4.2.0.jar:lib/commons-logging-1.3.5.jar:lib/avatica-core-1.25.0.jar:lib/web-console-34.0.0.jar:lib/jetty-servlets-9.4.57.v20241219.jar:lib/aws-java-sdk-ec2-1.12.784.jar:lib/jakarta.el-3.0.4.jar:lib/druid-indexing-service-34.0.0.jar:lib/log4j-jul-2.22.1.jar:lib/snappy-java-1.1.10.7.jar:lib/fastutil-extra-8.5.4.jar:lib/commons-pool2-2.2.jar:lib/netty-handler-proxy-4.1.122.Final.jar:lib/httpcore5-h2-5.2.jar:lib/httpcore-4.4.16.jar:lib/jackson-jaxrs-base-2.18.4.jar:lib/metrics-core-4.2.22.jar:lib/plexus-component-annotations-1.7.1.jar:lib/plexus-interpolation-1.25.jar:lib/derbyclient-10.14.2.0.jar:lib/uzaygezen-core-0.2.jar:lib/netty-transport-native-unix-common-4.1.122.Final.jar:lib/hibernate-validator-6.2.5.Final.jar:lib/jetty-servlet-9.4.57.v20241219.jar:lib/accessors-smart-2.5.2.jar:lib/regex-22.3.5.jar:lib/aws-java-sdk-s3-1.12.784.jar:lib/druid-gcp-common-34.0.0.jar:lib/derby-10.14.2.0.jar:lib/javax.servlet-api-3.1.0.jar:lib/maven-resolver-util-1.3.1.jar:lib/druid-indexing-hadoop-34.0.0.jar:lib/airline-io-2.8.4.jar:lib/vavr-match-0.10.2.jar:lib/maven-resolver-provider-3.6.0.jar:lib/js-scriptengine-22.3.5.jar:lib/calcite-linq4j-1.37.0.jar:lib/slf4j-api-2.0.16.jar:lib/jetty-io-9.4.57.v20241219.jar:lib/curator-recipes-5.8.0.jar:lib/jts-io-common-1.19.0.jar:lib/jsr311-api-1.1.1.jar:lib/compress-lzf-1.0.4.jar:lib/json-path-2.9.0.jar:lib/elasticache-java-cluster-client-1.2.0.jar:lib/jackson-module-jaxb-annotations-2.18.4.jar:lib/guice-servlet-5.1.0.jar:lib/commons-lang3-3.17.0.jar:lib/jackson-datatype-joda-2.18.4.jar:lib/guava-32.1.3-jre.jar:lib/maven-repository-metadata-3.6.0.jar:lib/json-smart-2.5.2.jar:lib/graal-sdk-22.3.5.jar:lib/jetty-util-ajax-9.4.57.v20241219.jar:lib/caffeine-2.8.0.jar:lib/jakarta.xml.bind-api-2.3.3.jar:lib/aws-java-sdk-sts-1.12.784.jar:lib/netty-common-4.1.122.Final.jar:lib/avatica-metrics-1.25.0.jar:lib/maven-builder-support-3.6.0.jar:lib/google-http-client-apache-v2-1.42.3.jar:lib/guice-assistedinject-5.1.0.jar:lib/jersey-guice-1.19.4.jar:lib/jackson-jaxrs-json-provider-2.18.4.jar:lib/druid-aws-common-34.0.0.jar:lib/error_prone_annotations-2.35.1.jar:lib/jetty-rewrite-9.4.57.v20241219.jar:lib/maven-resolver-api-1.3.1.jar:lib/druid-services-34.0.0.jar:lib/jetty-continuation-9.4.57.v20241219.jar:lib/oshi-core-6.4.4.jar:lib/log4j-core-2.22.1.jar:lib/txw2-2.3.3.jar:lib/protobuf-java-3.25.5.jar:lib/j2objc-annotations-2.8.jar:lib/vavr-0.10.2.jar:lib/commons-compress-1.26.0.jar:lib/annotations-26.0.2.jar:lib/jersey-server-1.19.4.jar:lib/truffle-api-22.3.5.jar:lib/netty-codec-dns-4.1.122.Final.jar:lib/proj4j-1.2.2.jar:lib/resilience4j-core-1.3.1.jar:lib/jsr305-3.0.2.jar:lib/druid-sql-34.0.0.jar:lib/shims-0.9.49.jar:lib/async-http-client-3.0.2.jar:lib/curator-framework-5.8.0.jar:lib/avatica-server-1.25.0.jar:lib/netty-3.10.6.Final.jar:lib/netty-codec-4.1.122.Final.jar:
2025-09-26T01:27:32,522 INFO [main] org.apache.zookeeper.ZooKeeper - Client environment:java.library.path=/usr/java/packages/lib:/usr/lib/x86_64-linux-gnu/jni:/lib/x86_64-linux-gnu:/usr/lib/x86_64-linux-gnu:/usr/lib/jni:/lib:/usr/lib
2025-09-26T01:27:32,522 INFO [main] org.apache.zookeeper.ZooKeeper - Client environment:java.io.tmpdir=var/tmp
2025-09-26T01:27:32,522 INFO [main] org.apache.zookeeper.ZooKeeper - Client environment:java.compiler=<NA>
2025-09-26T01:27:32,522 INFO [main] org.apache.zookeeper.ZooKeeper - Client environment:os.name=Linux
2025-09-26T01:27:32,522 INFO [main] org.apache.zookeeper.ZooKeeper - Client environment:os.arch=amd64
2025-09-26T01:27:32,522 INFO [main] org.apache.zookeeper.ZooKeeper - Client environment:os.version=6.14.0-29-generic
2025-09-26T01:27:32,522 INFO [main] org.apache.zookeeper.ZooKeeper - Client environment:user.name=root
2025-09-26T01:27:32,522 INFO [main] org.apache.zookeeper.ZooKeeper - Client environment:user.home=/root
2025-09-26T01:27:32,522 INFO [main] org.apache.zookeeper.ZooKeeper - Client environment:user.dir=/opt/druid
2025-09-26T01:27:32,522 INFO [main] org.apache.zookeeper.ZooKeeper - Client environment:os.memory.free=901MB
2025-09-26T01:27:32,522 INFO [main] org.apache.zookeeper.ZooKeeper - Client environment:os.memory.max=1024MB
2025-09-26T01:27:32,522 INFO [main] org.apache.zookeeper.ZooKeeper - Client environment:os.memory.total=1024MB
2025-09-26T01:27:32,525 INFO [main] org.apache.zookeeper.ZooKeeper - Initiating client connection, connectString=zookeeper sessionTimeout=30000 watcher=org.apache.curator.ConnectionState@1d0dad12
2025-09-26T01:27:32,528 INFO [main] org.apache.zookeeper.common.X509Util - Setting -D jdk.tls.rejectClientInitiatedRenegotiation=true to disable client-initiated TLS renegotiation
2025-09-26T01:27:32,530 INFO [main] org.apache.zookeeper.ClientCnxnSocket - jute.maxbuffer value is 1048575 Bytes
2025-09-26T01:27:32,535 INFO [main] org.apache.zookeeper.ClientCnxn - zookeeper.request.timeout value is 0. feature enabled=false
2025-09-26T01:27:32,541 INFO [main] org.apache.curator.framework.imps.CuratorFrameworkImpl - Default schema
2025-09-26T01:27:32,541 INFO [main] org.apache.druid.java.util.common.lifecycle.Lifecycle$AnnotationBasedHandler - Starting lifecycle [CuratorDruidNodeDiscoveryProvider#start]
2025-09-26T01:27:32,541 INFO [main] org.apache.druid.java.util.common.lifecycle.Lifecycle$AnnotationBasedHandler - Starting lifecycle [DiscoveryServiceLocator#start]
2025-09-26T01:27:32,543 INFO [main-SendThread(zookeeper:2181)] org.apache.zookeeper.ClientCnxn - Opening socket connection to server zookeeper/172.20.0.3:2181.
2025-09-26T01:27:32,544 INFO [main-SendThread(zookeeper:2181)] org.apache.zookeeper.ClientCnxn - SASL config status: Will not attempt to authenticate using SASL (unknown error)
2025-09-26T01:27:32,547 INFO [main] org.apache.druid.java.util.common.lifecycle.Lifecycle$AnnotationBasedHandler - Starting lifecycle [DiscoveryServiceLocator#start]
2025-09-26T01:27:32,549 INFO [main] org.apache.druid.java.util.common.lifecycle.Lifecycle$AnnotationBasedHandler - Starting lifecycle [LookupReferencesManager#start]
2025-09-26T01:27:32,549 INFO [main] org.apache.druid.query.lookup.LookupReferencesManager - Loading lookups using spec[LookupLoadingSpec{mode=ALL, lookupsToLoad=null}].
2025-09-26T01:27:32,550 INFO [main] org.apache.druid.java.util.common.lifecycle.Lifecycle$AnnotationBasedHandler - Starting lifecycle [LocalIntermediaryDataManager#start]
2025-09-26T01:27:32,550 INFO [main-SendThread(zookeeper:2181)] org.apache.zookeeper.ClientCnxn - Socket connection established, initiating session, client: /172.20.0.8:51726, server: zookeeper/172.20.0.3:2181
2025-09-26T01:27:32,551 INFO [main] org.apache.druid.java.util.common.lifecycle.Lifecycle$AnnotationBasedHandler - Starting lifecycle [NettyHttpClient#start]
2025-09-26T01:27:32,551 INFO [main] org.apache.druid.java.util.common.lifecycle.Lifecycle$AnnotationBasedHandler - Starting lifecycle [ExecutorLifecycle#start]
2025-09-26T01:27:32,604 INFO [main-SendThread(zookeeper:2181)] org.apache.zookeeper.ClientCnxn - Session establishment complete on server zookeeper/172.20.0.3:2181, session id = 0x100001022a7000a, negotiated timeout = 30000
2025-09-26T01:27:32,608 INFO [main-EventThread] org.apache.curator.framework.state.ConnectionStateManager - State change: CONNECTED
2025-09-26T01:27:32,608 INFO [main] org.apache.druid.indexing.worker.executor.ExecutorLifecycle - Running with task: {
  "type" : "index_parallel",
  "id" : "index_parallel_wikipedia_pejindal_2025-09-26T01:27:27.966Z",
  "groupId" : "index_parallel_wikipedia_pejindal_2025-09-26T01:27:27.966Z",
  "resource" : {
    "availabilityGroup" : "index_parallel_wikipedia_pejindal_2025-09-26T01:27:27.966Z",
    "requiredCapacity" : 1
  },
  "spec" : {
    "dataSchema" : {
      "dataSource" : "wikipedia",
      "timestampSpec" : {
        "column" : "timestamp",
        "format" : "auto",
        "missingValue" : null
      },
      "dimensionsSpec" : {
        "dimensions" : [ {
          "type" : "string",
          "name" : "isRobot",
          "multiValueHandling" : "SORTED_ARRAY",
          "createBitmapIndex" : true
        }, {
          "type" : "string",
          "name" : "channel",
          "multiValueHandling" : "SORTED_ARRAY",
          "createBitmapIndex" : true
        }, {
          "type" : "string",
          "name" : "flags",
          "multiValueHandling" : "SORTED_ARRAY",
          "createBitmapIndex" : true
        }, {
          "type" : "string",
          "name" : "isUnpatrolled",
          "multiValueHandling" : "SORTED_ARRAY",
          "createBitmapIndex" : true
        }, {
          "type" : "string",
          "name" : "page",
          "multiValueHandling" : "SORTED_ARRAY",
          "createBitmapIndex" : true
        }, {
          "type" : "string",
          "name" : "diffUrl",
          "multiValueHandling" : "SORTED_ARRAY",
          "createBitmapIndex" : true
        }, {
          "type" : "long",
          "name" : "added",
          "multiValueHandling" : "SORTED_ARRAY",
          "createBitmapIndex" : false
        }, {
          "type" : "string",
          "name" : "comment",
          "multiValueHandling" : "SORTED_ARRAY",
          "createBitmapIndex" : true
        }, {
          "type" : "long",
          "name" : "commentLength",
          "multiValueHandling" : "SORTED_ARRAY",
          "createBitmapIndex" : false
        }, {
          "type" : "string",
          "name" : "isNew",
          "multiValueHandling" : "SORTED_ARRAY",
          "createBitmapIndex" : true
        }, {
          "type" : "string",
          "name" : "isMinor",
          "multiValueHandling" : "SORTED_ARRAY",
          "createBitmapIndex" : true
        }, {
          "type" : "long",
          "name" : "delta",
          "multiValueHandling" : "SORTED_ARRAY",
          "createBitmapIndex" : false
        }, {
          "type" : "string",
          "name" : "isAnonymous",
          "multiValueHandling" : "SORTED_ARRAY",
          "createBitmapIndex" : true
        }, {
          "type" : "string",
          "name" : "user",
          "multiValueHandling" : "SORTED_ARRAY",
          "createBitmapIndex" : true
        }, {
          "type" : "long",
          "name" : "deltaBucket",
          "multiValueHandling" : "SORTED_ARRAY",
          "createBitmapIndex" : false
        }, {
          "type" : "long",
          "name" : "deleted",
          "multiValueHandling" : "SORTED_ARRAY",
          "createBitmapIndex" : false
        }, {
          "type" : "string",
          "name" : "namespace",
          "multiValueHandling" : "SORTED_ARRAY",
          "createBitmapIndex" : true
        }, {
          "type" : "string",
          "name" : "cityName",
          "multiValueHandling" : "SORTED_ARRAY",
          "createBitmapIndex" : true
        }, {
          "type" : "string",
          "name" : "countryName",
          "multiValueHandling" : "SORTED_ARRAY",
          "createBitmapIndex" : true
        }, {
          "type" : "string",
          "name" : "regionIsoCode",
          "multiValueHandling" : "SORTED_ARRAY",
          "createBitmapIndex" : true
        }, {
          "type" : "string",
          "name" : "metroCode",
          "multiValueHandling" : "SORTED_ARRAY",
          "createBitmapIndex" : true
        }, {
          "type" : "string",
          "name" : "countryIsoCode",
          "multiValueHandling" : "SORTED_ARRAY",
          "createBitmapIndex" : true
        }, {
          "type" : "string",
          "name" : "regionName",
          "multiValueHandling" : "SORTED_ARRAY",
          "createBitmapIndex" : true
        } ],
        "dimensionExclusions" : [ "__time", "timestamp" ],
        "includeAllDimensions" : false,
        "useSchemaDiscovery" : false
      },
      "metricsSpec" : [ ],
      "granularitySpec" : {
        "type" : "uniform",
        "segmentGranularity" : "DAY",
        "queryGranularity" : {
          "type" : "none"
        },
        "rollup" : false,
        "intervals" : [ ]
      },
      "transformSpec" : {
        "filter" : null,
        "transforms" : [ ]
      }
    },
    "ioConfig" : {
      "type" : "index_parallel",
      "inputSource" : {
        "type" : "http",
        "uris" : [ "https://druid.apache.org/data/wikipedia.json.gz" ],
        "requestHeaders" : { }
      },
      "inputFormat" : {
        "type" : "json"
      },
      "appendToExisting" : false,
      "dropExisting" : false
    },
    "tuningConfig" : {
      "type" : "index_parallel",
      "maxRowsPerSegment" : 5000000,
      "appendableIndexSpec" : {
        "type" : "onheap",
        "preserveExistingMetrics" : false
      },
      "maxRowsInMemory" : 1000000,
      "maxBytesInMemory" : 0,
      "skipBytesInMemoryOverheadCheck" : false,
      "maxTotalRows" : null,
      "numShards" : null,
      "splitHintSpec" : null,
      "partitionsSpec" : {
        "type" : "dynamic",
        "maxRowsPerSegment" : 5000000,
        "maxTotalRows" : null
      },
      "indexSpec" : {
        "bitmap" : {
          "type" : "roaring"
        },
        "dimensionCompression" : "lz4",
        "stringDictionaryEncoding" : {
          "type" : "utf8"
        },
        "metricCompression" : "lz4",
        "longEncoding" : "longs"
      },
      "indexSpecForIntermediatePersists" : {
        "bitmap" : {
          "type" : "roaring"
        },
        "dimensionCompression" : "lz4",
        "stringDictionaryEncoding" : {
          "type" : "utf8"
        },
        "metricCompression" : "lz4",
        "longEncoding" : "longs"
      },
      "maxPendingPersists" : 0,
      "forceGuaranteedRollup" : false,
      "reportParseExceptions" : false,
      "pushTimeout" : 0,
      "segmentWriteOutMediumFactory" : null,
      "maxNumConcurrentSubTasks" : 1,
      "maxRetry" : 3,
      "taskStatusCheckPeriodMs" : 1000,
      "chatHandlerTimeout" : "PT10S",
      "chatHandlerNumRetries" : 5,
      "maxNumSegmentsToMerge" : 100,
      "totalNumMergeTasks" : 10,
      "logParseExceptions" : false,
      "maxParseExceptions" : 2147483647,
      "maxSavedParseExceptions" : 0,
      "maxColumnsToMerge" : -1,
      "awaitSegmentAvailabilityTimeoutMillis" : 0,
      "maxAllowedLockCount" : -1,
      "numPersistThreads" : 1,
      "partitionDimensions" : [ ]
    }
  },
  "context" : {
    "forceTimeChunkLock" : true,
    "useLineageBasedSegmentAllocation" : true
  },
  "dataSource" : "wikipedia"
}
2025-09-26T01:27:32,608 INFO [main] org.apache.druid.indexing.worker.executor.ExecutorLifecycle - Attempting to lock file[/opt/druid/var/druid/task/slot0/index_parallel_wikipedia_pejindal_2025-09-26T01:27:27.966Z/lock].
2025-09-26T01:27:32,609 INFO [main] org.apache.druid.indexing.worker.executor.ExecutorLifecycle - Acquired lock file[/opt/druid/var/druid/task/slot0/index_parallel_wikipedia_pejindal_2025-09-26T01:27:27.966Z/lock] in 1ms.
2025-09-26T01:27:32,611 INFO [main] org.apache.druid.indexing.common.task.AbstractBatchIndexTask - Using time chunk lock since forceTimeChunkLock is [true] and mode is [REPLACE_LEGACY].
2025-09-26T01:27:32,614 INFO [main] org.apache.druid.segment.loading.SegmentLocalCacheManager - Using storage location strategy[LeastBytesUsedStorageLocationSelectorStrategy].
2025-09-26T01:27:32,614 INFO [main] org.apache.druid.segment.loading.SegmentLocalCacheManager - Number of threads to load segments into page cache - on bootstrap: [0], on download: [0].
2025-09-26T01:27:32,614 INFO [main-EventThread] org.apache.curator.framework.imps.EnsembleTracker - New config event received: {}
2025-09-26T01:27:32,614 INFO [main-EventThread] org.apache.curator.framework.imps.EnsembleTracker - New config event received: {}
2025-09-26T01:27:32,618 WARN [NodeRoleWatcher[COORDINATOR]] org.apache.druid.curator.discovery.CuratorDruidNodeDiscoveryProvider$NodeRoleWatcher - Ignored event type [CONNECTION_RECONNECTED] for node watcher of role [coordinator].
2025-09-26T01:27:32,618 WARN [NodeRoleWatcher[OVERLORD]] org.apache.druid.curator.discovery.CuratorDruidNodeDiscoveryProvider$NodeRoleWatcher - Ignored event type [CONNECTION_RECONNECTED] for node watcher of role [overlord].
2025-09-26T01:27:32,621 INFO [task-runner-0-priority-0] org.apache.druid.indexing.overlord.SingleTaskBackgroundRunner - Running task: index_parallel_wikipedia_pejindal_2025-09-26T01:27:27.966Z
2025-09-26T01:27:32,622 WARN [task-runner-0-priority-0] org.apache.druid.indexing.common.task.batch.parallel.ParallelIndexSupervisorTask - Intervals are missing in granularitySpec while this task is potentially overwriting existing segments. Forced to use timeChunk lock.
2025-09-26T01:27:32,623 WARN [task-runner-0-priority-0] org.apache.druid.indexing.common.task.batch.parallel.ParallelIndexSupervisorTask - maxNumConcurrentSubTasks[1] is less than or equal to 1. Running sequentially. Please set maxNumConcurrentSubTasks to something higher than 1 if you want to run in parallel ingestion mode.
2025-09-26T01:27:32,624 INFO [main] org.apache.druid.java.util.common.lifecycle.Lifecycle$AnnotationBasedHandler - Starting lifecycle [ZkCoordinator#start]
2025-09-26T01:27:32,624 INFO [main] org.apache.druid.server.coordination.ZkCoordinator - Starting zkCoordinator for server[172.20.0.8:8100]
2025-09-26T01:27:32,624 INFO [main] org.apache.druid.server.coordination.ZkCoordinator - Creating zkPath[/druid/segments/172.20.0.8:8100] for announcing live segments.
2025-09-26T01:27:32,626 INFO [task-runner-0-priority-0] org.apache.druid.indexing.common.task.AbstractBatchIndexTask - Using time chunk lock since forceTimeChunkLock is [true] and mode is [REPLACE_LEGACY].
2025-09-26T01:27:32,626 WARN [task-runner-0-priority-0] org.apache.druid.indexing.common.task.IndexTask - Chat handler is already registered. Skipping chat handler registration.
2025-09-26T01:27:32,630 INFO [NodeRoleWatcher[COORDINATOR]] org.apache.druid.discovery.BaseNodeRoleWatcher - Node [http://172.20.0.4:8081] of role [coordinator] detected.
2025-09-26T01:27:32,630 INFO [NodeRoleWatcher[OVERLORD]] org.apache.druid.discovery.BaseNodeRoleWatcher - Node [http://172.20.0.4:8081] of role [overlord] detected.
2025-09-26T01:27:32,630 INFO [NodeRoleWatcher[COORDINATOR]] org.apache.druid.discovery.BaseNodeRoleWatcher - Node watcher of role [coordinator] is now initialized with 1 nodes.
2025-09-26T01:27:32,630 INFO [NodeRoleWatcher[OVERLORD]] org.apache.druid.discovery.BaseNodeRoleWatcher - Node watcher of role [overlord] is now initialized with 1 nodes.
2025-09-26T01:27:32,632 INFO [task-runner-0-priority-0] org.apache.druid.indexing.common.task.IndexTask - Determining intervals and shardSpecs
2025-09-26T01:27:32,633 INFO [main] org.apache.druid.java.util.common.lifecycle.Lifecycle$AnnotationBasedHandler - Starting lifecycle [SegmentBootstrapper#start]
2025-09-26T01:27:32,633 INFO [main] org.apache.druid.server.coordination.SegmentBootstrapper - Starting...
2025-09-26T01:27:32,634 INFO [main] org.apache.druid.server.coordination.SegmentBootstrapper - Fetching bootstrap segments from the coordinator with BroadcastDatasourceLoadingSpec mode[ALL].
2025-09-26T01:27:32,691 INFO [main] org.apache.druid.server.coordination.SegmentBootstrapper - Fetched [0] bootstrap segments in [57]ms.
2025-09-26T01:27:32,691 INFO [main] org.apache.druid.server.coordination.SegmentBootstrapper$BackgroundSegmentAnnouncer - Skipping background segment announcing as announceIntervalMillis is [0].
2025-09-26T01:27:32,693 INFO [main] org.apache.druid.server.coordination.SegmentBootstrapper$BackgroundSegmentAnnouncer - Completed background segment announcing
2025-09-26T01:27:32,694 INFO [main] org.apache.druid.server.coordination.SegmentBootstrapper - Loaded [0] segments on startup in [2]ms.
2025-09-26T01:27:32,698 INFO [main] org.apache.druid.server.coordination.CuratorDataSegmentServerAnnouncer - Announcing self[DruidServerMetadata{name='172.20.0.8:8100', hostAndPort='172.20.0.8:8100', hostAndTlsPort='null', maxSize=0, tier='_default_tier', type=indexer-executor, priority=0}] at [/druid/announcements/172.20.0.8:8100]
2025-09-26T01:27:32,700 INFO [main] org.apache.druid.server.coordination.SegmentBootstrapper - Started.
2025-09-26T01:27:32,700 INFO [main] org.apache.druid.java.util.common.lifecycle.Lifecycle - Starting lifecycle [module] stage [SERVER]
2025-09-26T01:27:32,700 INFO [main] org.apache.druid.java.util.common.lifecycle.Lifecycle$AnnotationBasedHandler - Starting lifecycle [SingleTaskBackgroundRunner#start]
2025-09-26T01:27:32,702 INFO [main] org.eclipse.jetty.server.Server - jetty-9.4.57.v20241219; built: 2025-01-08T21:24:30.412Z; git: df524e6b29271c2e09ba9aea83c18dc9db464a31; jvm 17.0.15+6-Debian-1deb12u1
2025-09-26T01:27:32,737 INFO [main] org.eclipse.jetty.server.session - DefaultSessionIdManager workerName=node0
2025-09-26T01:27:32,737 INFO [main] org.eclipse.jetty.server.session - No SessionScavenger set, using defaults
2025-09-26T01:27:32,737 INFO [main] org.eclipse.jetty.server.session - node0 Scavenging every 600000ms
2025-09-26T01:27:32,796 INFO [main] com.sun.jersey.guice.spi.container.GuiceComponentProviderFactory - Registering com.fasterxml.jackson.jaxrs.json.JacksonJsonProvider as a provider class
2025-09-26T01:27:32,797 INFO [main] com.sun.jersey.guice.spi.container.GuiceComponentProviderFactory - Registering com.fasterxml.jackson.jaxrs.smile.JacksonSmileProvider as a provider class
2025-09-26T01:27:32,797 INFO [main] com.sun.jersey.guice.spi.container.GuiceComponentProviderFactory - Registering org.apache.druid.server.initialization.jetty.CustomExceptionMapper as a provider class
2025-09-26T01:27:32,797 INFO [main] com.sun.jersey.guice.spi.container.GuiceComponentProviderFactory - Registering org.apache.druid.server.initialization.jetty.ForbiddenExceptionMapper as a provider class
2025-09-26T01:27:32,797 INFO [main] com.sun.jersey.guice.spi.container.GuiceComponentProviderFactory - Registering org.apache.druid.server.initialization.jetty.BadRequestExceptionMapper as a provider class
2025-09-26T01:27:32,797 INFO [main] com.sun.jersey.guice.spi.container.GuiceComponentProviderFactory - Registering org.apache.druid.server.initialization.jetty.ServiceUnavailableExceptionMapper as a provider class
2025-09-26T01:27:32,797 INFO [main] com.sun.jersey.guice.spi.container.GuiceComponentProviderFactory - Registering org.apache.druid.server.initialization.jetty.HttpExceptionMapper as a provider class
2025-09-26T01:27:32,797 INFO [main] com.sun.jersey.guice.spi.container.GuiceComponentProviderFactory - Registering org.apache.druid.server.StatusResource as a root resource class
2025-09-26T01:27:32,798 INFO [main] com.sun.jersey.server.impl.application.WebApplicationImpl - Initiating Jersey application, version 'Jersey: 1.19.4 05/24/2017 03:20 PM'
2025-09-26T01:27:32,833 INFO [main] com.sun.jersey.guice.spi.container.GuiceComponentProviderFactory - Binding org.apache.druid.server.initialization.jetty.CustomExceptionMapper to GuiceManagedComponentProvider with the scope "Singleton"
2025-09-26T01:27:32,834 INFO [main] com.sun.jersey.guice.spi.container.GuiceComponentProviderFactory - Binding org.apache.druid.server.initialization.jetty.ForbiddenExceptionMapper to GuiceManagedComponentProvider with the scope "Singleton"
2025-09-26T01:27:32,834 INFO [main] com.sun.jersey.guice.spi.container.GuiceComponentProviderFactory - Binding org.apache.druid.server.initialization.jetty.BadRequestExceptionMapper to GuiceManagedComponentProvider with the scope "Singleton"
2025-09-26T01:27:32,834 INFO [main] com.sun.jersey.guice.spi.container.GuiceComponentProviderFactory - Binding org.apache.druid.server.initialization.jetty.ServiceUnavailableExceptionMapper to GuiceManagedComponentProvider with the scope "Singleton"
2025-09-26T01:27:32,834 INFO [main] com.sun.jersey.guice.spi.container.GuiceComponentProviderFactory - Binding org.apache.druid.server.initialization.jetty.HttpExceptionMapper to GuiceManagedComponentProvider with the scope "Singleton"
2025-09-26T01:27:32,835 INFO [main] com.sun.jersey.guice.spi.container.GuiceComponentProviderFactory - Binding com.fasterxml.jackson.jaxrs.json.JacksonJsonProvider to GuiceManagedComponentProvider with the scope "Singleton"
2025-09-26T01:27:32,838 INFO [main] com.sun.jersey.guice.spi.container.GuiceComponentProviderFactory - Binding com.fasterxml.jackson.jaxrs.smile.JacksonSmileProvider to GuiceManagedComponentProvider with the scope "Singleton"
2025-09-26T01:27:33,008 INFO [main] com.sun.jersey.guice.spi.container.GuiceComponentProviderFactory - Binding org.apache.druid.server.http.security.StateResourceFilter to GuiceInstantiatedComponentProvider
2025-09-26T01:27:33,024 INFO [main] com.sun.jersey.guice.spi.container.GuiceComponentProviderFactory - Binding org.apache.druid.server.http.SegmentListerResource to GuiceInstantiatedComponentProvider
2025-09-26T01:27:33,028 INFO [main] com.sun.jersey.guice.spi.container.GuiceComponentProviderFactory - Binding org.apache.druid.server.http.HistoricalResource to GuiceInstantiatedComponentProvider
2025-09-26T01:27:33,030 INFO [main] com.sun.jersey.guice.spi.container.GuiceComponentProviderFactory - Binding org.apache.druid.server.QueryResource to GuiceInstantiatedComponentProvider
2025-09-26T01:27:33,031 INFO [main] com.sun.jersey.guice.spi.container.GuiceComponentProviderFactory - Binding org.apache.druid.segment.realtime.ChatHandlerResource to GuiceInstantiatedComponentProvider
2025-09-26T01:27:33,032 INFO [main] com.sun.jersey.guice.spi.container.GuiceComponentProviderFactory - Binding org.apache.druid.server.http.security.ConfigResourceFilter to GuiceInstantiatedComponentProvider
2025-09-26T01:27:33,034 INFO [main] com.sun.jersey.guice.spi.container.GuiceComponentProviderFactory - Binding org.apache.druid.query.lookup.LookupListeningResource to GuiceInstantiatedComponentProvider
2025-09-26T01:27:33,035 INFO [main] com.sun.jersey.guice.spi.container.GuiceComponentProviderFactory - Binding org.apache.druid.query.lookup.LookupIntrospectionResource to GuiceInstantiatedComponentProvider
2025-09-26T01:27:33,036 INFO [main] com.sun.jersey.guice.spi.container.GuiceComponentProviderFactory - Binding org.apache.druid.server.StatusResource to GuiceManagedComponentProvider with the scope "Singleton"
2025-09-26T01:27:33,049 INFO [main] org.eclipse.jetty.server.handler.ContextHandler - Started o.e.j.s.ServletContextHandler@65fa4a07{/,null,AVAILABLE}
2025-09-26T01:27:33,057 INFO [main] org.eclipse.jetty.server.AbstractConnector - Started ServerConnector@4b62f1ba{HTTP/1.1, (http/1.1)}{0.0.0.0:8100}
2025-09-26T01:27:33,057 INFO [main] org.eclipse.jetty.server.Server - Started @3465ms
2025-09-26T01:27:33,057 INFO [main] org.apache.druid.java.util.common.lifecycle.Lifecycle - Starting lifecycle [module] stage [ANNOUNCEMENTS]
2025-09-26T01:27:33,057 INFO [main] org.apache.druid.java.util.common.lifecycle.Lifecycle$AnnotationBasedHandler - Starting lifecycle [PathChildrenAnnouncer#start]
2025-09-26T01:27:33,072 INFO [main] org.apache.druid.java.util.common.lifecycle.Lifecycle - Successfully started lifecycle [module]
2025-09-26T01:27:33,581 INFO [task-runner-0-priority-0] org.apache.druid.indexing.common.task.IndexTask - Found intervals and shardSpecs in 949ms
2025-09-26T01:27:33,581 INFO [task-runner-0-priority-0] org.apache.druid.indexing.common.task.AbstractBatchIndexTask - Using time chunk lock since forceTimeChunkLock is [true] and mode is [REPLACE_LEGACY].
2025-09-26T01:27:33,804 INFO [task-runner-0-priority-0] org.apache.druid.segment.realtime.appenderator.BatchAppenderator - Number of persist threads [1]
2025-09-26T01:27:35,057 INFO [task-runner-0-priority-0] org.apache.druid.segment.realtime.appenderator.BaseAppenderatorDriver - Pushing [1] segments in background
2025-09-26T01:27:35,058 INFO [task-runner-0-priority-0] org.apache.druid.segment.realtime.appenderator.BaseAppenderatorDriver - Pushing segments: [wikipedia_2016-06-27T00:00:00.000Z_2016-06-28T00:00:00.000Z_2025-09-26T01:27:33.748Z]
2025-09-26T01:27:35,058 INFO [[index_parallel_wikipedia_pejindal_2025-09-26T01:27:27.966Z]-batch-appenderator-persist] org.apache.druid.segment.realtime.appenderator.BatchAppenderator - Spawning intermediate persist
2025-09-26T01:27:36,016 INFO [[index_parallel_wikipedia_pejindal_2025-09-26T01:27:27.966Z]-batch-appenderator-persist] org.apache.druid.segment.realtime.appenderator.BatchAppenderator - Persisted in-memory data for segment[wikipedia_2016-06-27T00:00:00.000Z_2016-06-28T00:00:00.000Z_2025-09-26T01:27:33.748Z] spill[0] to disk in [954] ms (24,433 rows).
2025-09-26T01:27:36,027 INFO [[index_parallel_wikipedia_pejindal_2025-09-26T01:27:27.966Z]-batch-appenderator-persist] org.apache.druid.segment.realtime.appenderator.BatchAppenderator - Persisted in-memory data for segments: wikipedia_2016-06-27T00:00:00.000Z_2016-06-28T00:00:00.000Z_2025-09-26T01:27:33.748Z
2025-09-26T01:27:36,027 INFO [[index_parallel_wikipedia_pejindal_2025-09-26T01:27:27.966Z]-batch-appenderator-persist] org.apache.druid.segment.realtime.appenderator.BatchAppenderator - Persisted stats: processed rows: [24433], persisted rows[24433], persisted sinks: [1], persisted fireHydrants (across sinks): [1]
2025-09-26T01:27:36,028 INFO [[index_parallel_wikipedia_pejindal_2025-09-26T01:27:27.966Z]-batch-appenderator-persist] org.apache.druid.segment.realtime.appenderator.BatchAppenderator - Persisted rows[24,433] and bytes[24,185,290] and removed all sinks & hydrants from memory in[966] millis
2025-09-26T01:27:36,028 INFO [[index_parallel_wikipedia_pejindal_2025-09-26T01:27:27.966Z]-batch-appenderator-persist] org.apache.druid.segment.realtime.appenderator.BatchAppenderator - Persist is done.
2025-09-26T01:27:36,029 INFO [[index_parallel_wikipedia_pejindal_2025-09-26T01:27:27.966Z]-batch-appenderator-push] org.apache.druid.segment.realtime.appenderator.BatchAppenderator - Push started, processsing[1] sinks
2025-09-26T01:27:36,622 INFO [[index_parallel_wikipedia_pejindal_2025-09-26T01:27:27.966Z]-batch-appenderator-push] org.apache.druid.segment.realtime.appenderator.BatchAppenderator - Removed directory [/opt/druid/var/druid/task/slot0/index_parallel_wikipedia_pejindal_2025-09-26T01:27:27.966Z/work/persist/wikipedia_2016-06-27T00:00:00.000Z_2016-06-28T00:00:00.000Z_2025-09-26T01:27:33.748Z]
2025-09-26T01:27:36,631 INFO [[index_parallel_wikipedia_pejindal_2025-09-26T01:27:27.966Z]-batch-appenderator-push] org.apache.druid.segment.realtime.appenderator.BatchAppenderator - Segment[wikipedia_2016-06-27T00:00:00.000Z_2016-06-28T00:00:00.000Z_2025-09-26T01:27:33.748Z] of 6,526,179 bytes built from 1 incremental persist(s) in 545ms; pushed to deep storage in 15ms. Load spec is: {"type":"local","path":"/opt/shared/segments/wikipedia/2016-06-27T00:00:00.000Z_2016-06-28T00:00:00.000Z/2025-09-26T01:27:33.748Z/0/index/"}
2025-09-26T01:27:36,632 INFO [[index_parallel_wikipedia_pejindal_2025-09-26T01:27:27.966Z]-batch-appenderator-push] org.apache.druid.segment.realtime.appenderator.BatchAppenderator - Push done: total sinks merged[1], total hydrants merged[1]
2025-09-26T01:27:36,807 INFO [[index_parallel_wikipedia_pejindal_2025-09-26T01:27:27.966Z]-publish] org.apache.druid.segment.realtime.appenderator.BaseAppenderatorDriver - Published [1] segments with commit metadata[null].
2025-09-26T01:27:36,808 INFO [[index_parallel_wikipedia_pejindal_2025-09-26T01:27:27.966Z]-publish] org.apache.druid.segment.realtime.appenderator.BaseAppenderatorDriver - Published segments: [wikipedia_2016-06-27T00:00:00.000Z_2016-06-28T00:00:00.000Z_2025-09-26T01:27:33.748Z]
2025-09-26T01:27:36,809 INFO [[index_parallel_wikipedia_pejindal_2025-09-26T01:27:27.966Z]-publish] org.apache.druid.segment.realtime.appenderator.BaseAppenderatorDriver - Published segment schemas[SegmentSchemaMapping{segmentIdToMetadataMap={}, schemaFingerprintToPayloadMap={}, version='1'}].
2025-09-26T01:27:36,810 INFO [task-runner-0-priority-0] org.apache.druid.segment.realtime.appenderator.BatchAppenderator - Clearing all[0] sinks & their hydrants, removing data on disk: [false]
2025-09-26T01:27:36,811 INFO [task-runner-0-priority-0] org.apache.druid.indexing.common.task.IndexTask - Processed[24,433] events, unparseable[0], thrownAway[0].
2025-09-26T01:27:36,811 INFO [task-runner-0-priority-0] org.apache.druid.indexing.common.task.IndexTask - Published [1] segments
2025-09-26T01:27:36,818 WARN [task-runner-0-priority-0] org.apache.druid.segment.realtime.ServiceAnnouncingChatHandlerProvider - handler[index_parallel_wikipedia_pejindal_2025-09-26T01:27:27.966Z] not currently registered, ignoring.
2025-09-26T01:27:36,820 INFO [task-runner-0-priority-0] org.apache.druid.indexing.worker.executor.ExecutorLifecycle - Task completed with status: {
  "id" : "index_parallel_wikipedia_pejindal_2025-09-26T01:27:27.966Z",
  "status" : "SUCCESS",
  "duration" : 4197,
  "errorMsg" : null,
  "location" : {
    "host" : null,
    "port" : -1,
    "tlsPort" : -1
  }
}
2025-09-26T01:27:36,826 INFO [main] org.apache.druid.java.util.common.lifecycle.Lifecycle - Stopping lifecycle [module] stage [ANNOUNCEMENTS]
2025-09-26T01:27:36,831 INFO [main] org.apache.druid.curator.announcement.PathChildrenAnnouncer - Unannouncing [/druid/announcements/172.20.0.8:8100]
2025-09-26T01:27:36,858 INFO [main] org.apache.druid.curator.announcement.PathChildrenAnnouncer - Unannouncing [/druid/segments/172.20.0.8:8100/172.20.0.8:8100_indexer-executor__default_tier_2025-09-26T01:27:32.692Z_d74d052262694819b633c88c06588c360]
2025-09-26T01:27:36,862 INFO [main] org.apache.druid.java.util.common.lifecycle.Lifecycle - Stopping lifecycle [module] stage [SERVER]
2025-09-26T01:27:36,867 INFO [main] org.eclipse.jetty.server.AbstractConnector - Stopped ServerConnector@4b62f1ba{HTTP/1.1, (http/1.1)}{0.0.0.0:8100}
2025-09-26T01:27:36,868 INFO [main] org.eclipse.jetty.server.session - node0 Stopped scavenging
2025-09-26T01:27:36,869 INFO [main] org.eclipse.jetty.server.handler.ContextHandler - Stopped o.e.j.s.ServletContextHandler@65fa4a07{/,null,STOPPED}
2025-09-26T01:27:36,870 INFO [main] org.apache.druid.indexing.overlord.SingleTaskBackgroundRunner - Starting graceful shutdown of task[index_parallel_wikipedia_pejindal_2025-09-26T01:27:27.966Z].
2025-09-26T01:27:36,871 INFO [main] org.apache.druid.java.util.common.lifecycle.Lifecycle - Stopping lifecycle [module] stage [NORMAL]
2025-09-26T01:27:36,871 INFO [main] org.apache.druid.server.coordination.SegmentBootstrapper - Stopping...
2025-09-26T01:27:36,871 INFO [main] org.apache.druid.server.coordination.SegmentBootstrapper - Stopped.
2025-09-26T01:27:36,871 INFO [main] org.apache.druid.server.coordination.ZkCoordinator - Stopping ZkCoordinator for [DruidServerMetadata{name='172.20.0.8:8100', hostAndPort='172.20.0.8:8100', hostAndTlsPort='null', maxSize=0, tier='_default_tier', type=indexer-executor, priority=0}]
2025-09-26T01:27:36,878 INFO [LookupExtractorFactoryContainerProvider-MainThread] org.apache.druid.query.lookup.LookupReferencesManager - Lookup Management loop exited. Lookup notices are not handled anymore.
2025-09-26T01:27:36,880 INFO [Curator-Framework-0] org.apache.curator.framework.imps.CuratorFrameworkImpl - backgroundOperationsLoop exiting
2025-09-26T01:27:36,988 INFO [main] org.apache.zookeeper.ZooKeeper - Session: 0x100001022a7000a closed
2025-09-26T01:27:36,988 INFO [main-EventThread] org.apache.zookeeper.ClientCnxn - EventThread shut down for session: 0x100001022a7000a
2025-09-26T01:27:36,997 INFO [main] org.apache.druid.java.util.common.lifecycle.Lifecycle - Stopping lifecycle [module] stage [INIT]
Finished peon task
