2025-09-26T01:29:31,800 INFO [main] org.hibernate.validator.internal.util.Version - HV000001: Hibernate Validator 6.2.5.Final
2025-09-26T01:29:32,286 INFO [main] org.apache.druid.guice.ExtensionsLoader - Loading extension [druid-histogram], jars: druid-histogram-34.0.0.jar. Druid extension dependencies [[]]
2025-09-26T01:29:32,291 INFO [main] org.apache.druid.guice.ExtensionsLoader - Loading extension [druid-datasketches], jars: druid-datasketches-34.0.0.jar, commons-math3-3.6.1.jar. Druid extension dependencies [[]]
2025-09-26T01:29:32,294 INFO [main] org.apache.druid.guice.ExtensionsLoader - Loading extension [druid-lookups-cached-global], jars: mapdb-1.0.8.jar, druid-lookups-cached-global-34.0.0.jar. Druid extension dependencies [[]]
2025-09-26T01:29:32,297 INFO [main] org.apache.druid.guice.ExtensionsLoader - Loading extension [postgresql-metadata-storage], jars: checker-qual-3.42.0.jar, postgresql-42.7.2.jar, postgresql-metadata-storage-34.0.0.jar. Druid extension dependencies [[]]
2025-09-26T01:29:32,300 INFO [main] org.apache.druid.guice.ExtensionsLoader - Loading extension [druid-multi-stage-query], jars: druid-multi-stage-query-34.0.0.jar. Druid extension dependencies [[]]
2025-09-26T01:29:32,542 INFO [main] org.apache.druid.guice.ExtensionsLoader - Loading extension [druid-histogram], jars: druid-histogram-34.0.0.jar. Druid extension dependencies [[]]
2025-09-26T01:29:32,547 INFO [main] org.apache.druid.guice.ExtensionsLoader - Loading extension [druid-datasketches], jars: druid-datasketches-34.0.0.jar, commons-math3-3.6.1.jar. Druid extension dependencies [[]]
2025-09-26T01:29:32,554 INFO [main] org.apache.druid.guice.ExtensionsLoader - Loading extension [druid-lookups-cached-global], jars: mapdb-1.0.8.jar, druid-lookups-cached-global-34.0.0.jar. Druid extension dependencies [[]]
2025-09-26T01:29:32,557 INFO [main] org.apache.druid.guice.ExtensionsLoader - Loading extension [postgresql-metadata-storage], jars: checker-qual-3.42.0.jar, postgresql-42.7.2.jar, postgresql-metadata-storage-34.0.0.jar. Druid extension dependencies [[]]
2025-09-26T01:29:32,560 INFO [main] org.apache.druid.guice.ExtensionsLoader - Loading extension [druid-multi-stage-query], jars: druid-multi-stage-query-34.0.0.jar. Druid extension dependencies [[]]
2025-09-26T01:29:33,248 INFO [main] org.apache.druid.guice.JsonConfigurator - Skipping property [druid.emitter.logging.logLevel]: one of it's prefixes [druid] is also used as a property key.
2025-09-26T01:29:33,293 INFO [main] org.apache.druid.server.emitter.EmitterModule - Using emitter [NoopEmitter{}] for metrics and alerts, with dimensions [{version=34.0.0}].
2025-09-26T01:29:33,336 INFO [main] org.apache.druid.server.metrics.MetricsModule - Loaded 5 monitors: org.apache.druid.java.util.metrics.JvmMonitor, org.apache.druid.server.metrics.ServiceStatusMonitor, org.apache.druid.query.ExecutorServiceMonitor, org.apache.druid.curator.DruidConnectionStateListener, org.apache.druid.server.initialization.jetty.JettyServerModule$JettyMonitor
2025-09-26T01:29:33,359 INFO [main] org.apache.druid.cli.CliPeon - Starting up with processors [4], memory [1,073,741,824], maxMemory [1,073,741,824], directMemory [3,221,225,472]. Properties follow.
2025-09-26T01:29:33,360 INFO [main] org.apache.druid.cli.CliPeon - * attemptId: 1
2025-09-26T01:29:33,361 INFO [main] org.apache.druid.cli.CliPeon - * druid.emitter: noop
2025-09-26T01:29:33,361 INFO [main] org.apache.druid.cli.CliPeon - * druid.emitter.logging.logLevel: debug
2025-09-26T01:29:33,361 INFO [main] org.apache.druid.cli.CliPeon - * druid.extensions.loadList: ["druid-histogram", "druid-datasketches", "druid-lookups-cached-global", "postgresql-metadata-storage", "druid-multi-stage-query"]
2025-09-26T01:29:33,361 INFO [main] org.apache.druid.cli.CliPeon - * druid.host: 172.20.0.8
2025-09-26T01:29:33,361 INFO [main] org.apache.druid.cli.CliPeon - * druid.indexer.fork.property.druid.processing.buffer.sizeBytes: 256MiB
2025-09-26T01:29:33,361 INFO [main] org.apache.druid.cli.CliPeon - * druid.indexer.logs.directory: /opt/shared/indexing-logs
2025-09-26T01:29:33,361 INFO [main] org.apache.druid.cli.CliPeon - * druid.indexer.logs.type: file
2025-09-26T01:29:33,361 INFO [main] org.apache.druid.cli.CliPeon - * druid.indexer.runner.javaOptsArray: ["-server", "-Xmx1g", "-Xms1g", "-XX:MaxDirectMemorySize=3g", "-Duser.timezone=UTC", "-Dfile.encoding=UTF-8", "-Djava.util.logging.manager=org.apache.logging.log4j.jul.LogManager"]
2025-09-26T01:29:33,361 INFO [main] org.apache.druid.cli.CliPeon - * druid.indexer.task.baseTaskDir: /opt/druid/var/druid/task/slot0
2025-09-26T01:29:33,361 INFO [main] org.apache.druid.cli.CliPeon - * druid.indexer.task.hadoopWorkingPath: var/druid/hadoop-tmp
2025-09-26T01:29:33,361 INFO [main] org.apache.druid.cli.CliPeon - * druid.indexer.task.tmpStorageBytesPerTask: 4611686018427387903
2025-09-26T01:29:33,361 INFO [main] org.apache.druid.cli.CliPeon - * druid.indexing.doubleStorage: double
2025-09-26T01:29:33,361 INFO [main] org.apache.druid.cli.CliPeon - * druid.lookup.enableLookupSyncOnStartup: false
2025-09-26T01:29:33,361 INFO [main] org.apache.druid.cli.CliPeon - * druid.metadata.storage.connector.connectURI: jdbc:postgresql://postgres:5432/druid
2025-09-26T01:29:33,361 INFO [main] org.apache.druid.cli.CliPeon - * druid.metadata.storage.connector.host: localhost
2025-09-26T01:29:33,362 INFO [main] org.apache.druid.cli.CliPeon - * druid.metadata.storage.connector.password: <masked>
2025-09-26T01:29:33,362 INFO [main] org.apache.druid.cli.CliPeon - * druid.metadata.storage.connector.port: 1527
2025-09-26T01:29:33,362 INFO [main] org.apache.druid.cli.CliPeon - * druid.metadata.storage.connector.user: druid
2025-09-26T01:29:33,362 INFO [main] org.apache.druid.cli.CliPeon - * druid.metadata.storage.host: 
2025-09-26T01:29:33,362 INFO [main] org.apache.druid.cli.CliPeon - * druid.metadata.storage.type: postgresql
2025-09-26T01:29:33,362 INFO [main] org.apache.druid.cli.CliPeon - * druid.metrics.emitter.dimension.dataSource: wikiticker-2015-09-12-sampled
2025-09-26T01:29:33,362 INFO [main] org.apache.druid.cli.CliPeon - * druid.metrics.emitter.dimension.groupId: query-ce67b922-c28e-4b6d-a13f-74ee10316e99
2025-09-26T01:29:33,362 INFO [main] org.apache.druid.cli.CliPeon - * druid.metrics.emitter.dimension.taskId: query-ce67b922-c28e-4b6d-a13f-74ee10316e99-worker0_0
2025-09-26T01:29:33,362 INFO [main] org.apache.druid.cli.CliPeon - * druid.metrics.emitter.dimension.taskType: query_worker
2025-09-26T01:29:33,362 INFO [main] org.apache.druid.cli.CliPeon - * druid.monitoring.monitors: ["org.apache.druid.java.util.metrics.JvmMonitor", "org.apache.druid.server.metrics.ServiceStatusMonitor"]
2025-09-26T01:29:33,362 INFO [main] org.apache.druid.cli.CliPeon - * druid.node.type: middleManager
2025-09-26T01:29:33,362 INFO [main] org.apache.druid.cli.CliPeon - * druid.plaintextPort: 8101
2025-09-26T01:29:33,362 INFO [main] org.apache.druid.cli.CliPeon - * druid.processing.buffer.sizeBytes: 256MiB
2025-09-26T01:29:33,362 INFO [main] org.apache.druid.cli.CliPeon - * druid.processing.numMergeBuffers: 2
2025-09-26T01:29:33,362 INFO [main] org.apache.druid.cli.CliPeon - * druid.processing.numThreads: 2
2025-09-26T01:29:33,362 INFO [main] org.apache.druid.cli.CliPeon - * druid.selectors.coordinator.serviceName: druid/coordinator
2025-09-26T01:29:33,363 INFO [main] org.apache.druid.cli.CliPeon - * druid.selectors.indexing.serviceName: druid/overlord
2025-09-26T01:29:33,363 INFO [main] org.apache.druid.cli.CliPeon - * druid.server.hiddenProperties: ["druid.s3.accessKey","druid.s3.secretKey","druid.metadata.storage.connector.password", "password", "key", "token", "pwd"]
2025-09-26T01:29:33,363 INFO [main] org.apache.druid.cli.CliPeon - * druid.server.http.numThreads: 12
2025-09-26T01:29:33,363 INFO [main] org.apache.druid.cli.CliPeon - * druid.service: druid/middleManager
2025-09-26T01:29:33,363 INFO [main] org.apache.druid.cli.CliPeon - * druid.sql.enable: true
2025-09-26T01:29:33,363 INFO [main] org.apache.druid.cli.CliPeon - * druid.sql.planner.useGroupingSetForExactDistinct: true
2025-09-26T01:29:33,363 INFO [main] org.apache.druid.cli.CliPeon - * druid.startup.logging.logProperties: true
2025-09-26T01:29:33,363 INFO [main] org.apache.druid.cli.CliPeon - * druid.storage.storageDirectory: /opt/shared/segments
2025-09-26T01:29:33,363 INFO [main] org.apache.druid.cli.CliPeon - * druid.storage.type: local
2025-09-26T01:29:33,363 INFO [main] org.apache.druid.cli.CliPeon - * druid.task.executor.enablePlaintextPort: true
2025-09-26T01:29:33,363 INFO [main] org.apache.druid.cli.CliPeon - * druid.task.executor.enableTlsPort: false
2025-09-26T01:29:33,363 INFO [main] org.apache.druid.cli.CliPeon - * druid.task.executor.host: 172.20.0.8
2025-09-26T01:29:33,363 INFO [main] org.apache.druid.cli.CliPeon - * druid.task.executor.plaintextPort: 8091
2025-09-26T01:29:33,363 INFO [main] org.apache.druid.cli.CliPeon - * druid.task.executor.service: druid/middleManager
2025-09-26T01:29:33,363 INFO [main] org.apache.druid.cli.CliPeon - * druid.task.executor.tlsPort: -1
2025-09-26T01:29:33,363 INFO [main] org.apache.druid.cli.CliPeon - * druid.tlsPort: -1
2025-09-26T01:29:33,363 INFO [main] org.apache.druid.cli.CliPeon - * druid.worker.baseTaskDirs: ["var/druid/task"]
2025-09-26T01:29:33,363 INFO [main] org.apache.druid.cli.CliPeon - * druid.worker.capacity: 2
2025-09-26T01:29:33,364 INFO [main] org.apache.druid.cli.CliPeon - * druid.zk.paths.base: /druid
2025-09-26T01:29:33,364 INFO [main] org.apache.druid.cli.CliPeon - * druid.zk.service.host: zookeeper
2025-09-26T01:29:33,364 INFO [main] org.apache.druid.cli.CliPeon - * file.encoding: UTF-8
2025-09-26T01:29:33,364 INFO [main] org.apache.druid.cli.CliPeon - * file.separator: /
2025-09-26T01:29:33,364 INFO [main] org.apache.druid.cli.CliPeon - * java.class.path: /tmp/conf/druid/single-server/micro-quickstart/_common:/tmp/conf/druid/single-server/micro-quickstart/middleManager:lib/joni-2.1.34.jar:lib/jcodings-1.0.50.jar:lib/commons-dbcp2-2.0.1.jar:lib/airline-2.8.4.jar:lib/jackson-datatype-guava-2.18.4.jar:lib/cron-scheduler-0.1.jar:lib/jackson-dataformat-cbor-2.18.4.jar:lib/commons-beanutils-1.11.0.jar:lib/netty-codec-socks-4.1.122.Final.jar:lib/jmespath-java-1.12.784.jar:lib/calcite-core-1.37.0.jar:lib/netty-handler-4.1.122.Final.jar:lib/jboss-logging-3.4.1.Final.jar:lib/commons-codec-1.16.1.jar:lib/maven-model-builder-3.6.0.jar:lib/httpclient5-5.2.1.jar:lib/commons-collections-3.2.2.jar:lib/joda-time-2.14.0.jar:lib/xz-1.9.jar:lib/maven-resolver-spi-1.3.1.jar:lib/druid-processing-34.0.0.jar:lib/antlr4-runtime-4.5.3.jar:lib/jna-5.13.0.jar:lib/apiguardian-api-1.1.2.jar:lib/janino-3.1.11.jar:lib/maven-resolver-connector-basic-1.3.1.jar:lib/jts-core-1.19.0.jar:lib/log4j-api-2.22.1.jar:lib/jakarta.inject-api-1.0.3.jar:lib/jersey-servlet-1.19.4.jar:lib/jackson-core-2.18.4.1.jar:lib/rhino-1.7.14.jar:lib/istack-commons-runtime-3.0.11.jar:lib/maven-resolver-transport-http-1.3.1.jar:lib/google-api-client-2.2.0.jar:lib/log4j-1.2-api-2.22.1.jar:lib/jakarta.activation-1.2.2.jar:lib/jetty-util-9.4.57.v20241219.jar:lib/RoaringBitmap-0.9.49.jar:lib/maven-artifact-3.6.0.jar:lib/sigar-1.6.5.132.jar:lib/netty-buffer-4.1.122.Final.jar:lib/netty-codec-http-4.1.122.Final.jar:lib/maven-model-3.6.0.jar:lib/aws-java-sdk-kms-1.12.784.jar:lib/commons-text-1.13.1.jar:lib/jakarta.activation-api-1.2.2.jar:lib/javax.el-api-3.0.0.jar:lib/jackson-dataformat-smile-2.18.4.jar:lib/json-simple-1.1.1.jar:lib/resilience4j-bulkhead-1.3.1.jar:lib/jetty-security-9.4.57.v20241219.jar:lib/google-http-client-1.42.3.jar:lib/httpcore5-5.2.3.jar:lib/cron-utils-9.2.0.jar:lib/netty-transport-4.1.122.Final.jar:lib/ipaddress-5.3.4.jar:lib/jdbi-2.63.1.jar:lib/google-oauth-client-1.34.1.jar:lib/maven-resolver-impl-1.3.1.jar:lib/grpc-context-1.27.2.jar:lib/jetty-client-9.4.57.v20241219.jar:lib/commons-math3-3.6.1.jar:lib/commons-collections4-4.2.jar:lib/aws-java-sdk-core-1.12.784.jar:lib/zstd-jni-1.5.2-3.jar:lib/jna-platform-5.13.0.jar:lib/commons-io-2.17.0.jar:lib/gson-2.10.1.jar:lib/guice-5.1.0.jar:lib/netty-resolver-dns-4.1.122.Final.jar:lib/jcl-over-slf4j-2.0.16.jar:lib/zookeeper-jute-3.8.4.jar:lib/asm-commons-9.8.jar:lib/zookeeper-3.8.4.jar:lib/druid-server-34.0.0.jar:lib/plexus-utils-3.1.0.jar:lib/jackson-jq-0.0.10.jar:lib/google-http-client-jackson2-1.42.3.jar:lib/checker-qual-3.48.1.jar:lib/asm-9.8.jar:lib/jackson-jaxrs-smile-provider-2.18.4.jar:lib/jackson-annotations-2.18.4.jar:lib/netty-resolver-4.1.122.Final.jar:lib/jakarta.validation-api-2.0.2.jar:lib/failureaccess-1.0.1.jar:lib/jackson-module-guice-2.18.4.jar:lib/aopalliance-1.0.jar:lib/javax.inject-1.jar:lib/opencsv-4.6.jar:lib/jackson-databind-2.18.4.jar:lib/asm-tree-9.8.jar:lib/google-http-client-gson-1.42.3.jar:lib/fastutil-core-8.5.4.jar:lib/fastutil-8.5.4.jar:lib/opencensus-contrib-http-util-0.31.1.jar:lib/audience-annotations-0.12.0.jar:lib/disruptor-3.3.6.jar:lib/jetty-proxy-9.4.57.v20241219.jar:lib/httpclient-4.5.13.jar:lib/icu4j-73.2.jar:lib/js-22.3.5.jar:lib/jetty-http-9.4.57.v20241219.jar:lib/curator-x-discovery-5.8.0.jar:lib/datasketches-memory-2.2.0.jar:lib/commons-compiler-3.1.11.jar:lib/classmate-1.5.1.jar:lib/jersey-core-1.19.4.jar:lib/opencensus-api-0.31.1.jar:lib/log4j-slf4j2-impl-2.22.1.jar:lib/derbynet-10.14.2.0.jar:lib/jetty-server-9.4.57.v20241219.jar:lib/jaxb-runtime-2.3.3.jar:lib/lz4-java-1.8.0.jar:lib/curator-client-5.8.0.jar:lib/datasketches-java-4.2.0.jar:lib/commons-logging-1.3.5.jar:lib/avatica-core-1.25.0.jar:lib/web-console-34.0.0.jar:lib/jetty-servlets-9.4.57.v20241219.jar:lib/aws-java-sdk-ec2-1.12.784.jar:lib/jakarta.el-3.0.4.jar:lib/druid-indexing-service-34.0.0.jar:lib/log4j-jul-2.22.1.jar:lib/snappy-java-1.1.10.7.jar:lib/fastutil-extra-8.5.4.jar:lib/commons-pool2-2.2.jar:lib/netty-handler-proxy-4.1.122.Final.jar:lib/httpcore5-h2-5.2.jar:lib/httpcore-4.4.16.jar:lib/jackson-jaxrs-base-2.18.4.jar:lib/metrics-core-4.2.22.jar:lib/plexus-component-annotations-1.7.1.jar:lib/plexus-interpolation-1.25.jar:lib/derbyclient-10.14.2.0.jar:lib/uzaygezen-core-0.2.jar:lib/netty-transport-native-unix-common-4.1.122.Final.jar:lib/hibernate-validator-6.2.5.Final.jar:lib/jetty-servlet-9.4.57.v20241219.jar:lib/accessors-smart-2.5.2.jar:lib/regex-22.3.5.jar:lib/aws-java-sdk-s3-1.12.784.jar:lib/druid-gcp-common-34.0.0.jar:lib/derby-10.14.2.0.jar:lib/javax.servlet-api-3.1.0.jar:lib/maven-resolver-util-1.3.1.jar:lib/druid-indexing-hadoop-34.0.0.jar:lib/airline-io-2.8.4.jar:lib/vavr-match-0.10.2.jar:lib/maven-resolver-provider-3.6.0.jar:lib/js-scriptengine-22.3.5.jar:lib/calcite-linq4j-1.37.0.jar:lib/slf4j-api-2.0.16.jar:lib/jetty-io-9.4.57.v20241219.jar:lib/curator-recipes-5.8.0.jar:lib/jts-io-common-1.19.0.jar:lib/jsr311-api-1.1.1.jar:lib/compress-lzf-1.0.4.jar:lib/json-path-2.9.0.jar:lib/elasticache-java-cluster-client-1.2.0.jar:lib/jackson-module-jaxb-annotations-2.18.4.jar:lib/guice-servlet-5.1.0.jar:lib/commons-lang3-3.17.0.jar:lib/jackson-datatype-joda-2.18.4.jar:lib/guava-32.1.3-jre.jar:lib/maven-repository-metadata-3.6.0.jar:lib/json-smart-2.5.2.jar:lib/graal-sdk-22.3.5.jar:lib/jetty-util-ajax-9.4.57.v20241219.jar:lib/caffeine-2.8.0.jar:lib/jakarta.xml.bind-api-2.3.3.jar:lib/aws-java-sdk-sts-1.12.784.jar:lib/netty-common-4.1.122.Final.jar:lib/avatica-metrics-1.25.0.jar:lib/maven-builder-support-3.6.0.jar:lib/google-http-client-apache-v2-1.42.3.jar:lib/guice-assistedinject-5.1.0.jar:lib/jersey-guice-1.19.4.jar:lib/jackson-jaxrs-json-provider-2.18.4.jar:lib/druid-aws-common-34.0.0.jar:lib/error_prone_annotations-2.35.1.jar:lib/jetty-rewrite-9.4.57.v20241219.jar:lib/maven-resolver-api-1.3.1.jar:lib/druid-services-34.0.0.jar:lib/jetty-continuation-9.4.57.v20241219.jar:lib/oshi-core-6.4.4.jar:lib/log4j-core-2.22.1.jar:lib/txw2-2.3.3.jar:lib/protobuf-java-3.25.5.jar:lib/j2objc-annotations-2.8.jar:lib/vavr-0.10.2.jar:lib/commons-compress-1.26.0.jar:lib/annotations-26.0.2.jar:lib/jersey-server-1.19.4.jar:lib/truffle-api-22.3.5.jar:lib/netty-codec-dns-4.1.122.Final.jar:lib/proj4j-1.2.2.jar:lib/resilience4j-core-1.3.1.jar:lib/jsr305-3.0.2.jar:lib/druid-sql-34.0.0.jar:lib/shims-0.9.49.jar:lib/async-http-client-3.0.2.jar:lib/curator-framework-5.8.0.jar:lib/avatica-server-1.25.0.jar:lib/netty-3.10.6.Final.jar:lib/netty-codec-4.1.122.Final.jar:
2025-09-26T01:29:33,364 INFO [main] org.apache.druid.cli.CliPeon - * java.class.version: 61.0
2025-09-26T01:29:33,364 INFO [main] org.apache.druid.cli.CliPeon - * java.home: /usr/lib/jvm/java-17-openjdk-amd64
2025-09-26T01:29:33,364 INFO [main] org.apache.druid.cli.CliPeon - * java.io.tmpdir: var/tmp
2025-09-26T01:29:33,364 INFO [main] org.apache.druid.cli.CliPeon - * java.library.path: /usr/java/packages/lib:/usr/lib/x86_64-linux-gnu/jni:/lib/x86_64-linux-gnu:/usr/lib/x86_64-linux-gnu:/usr/lib/jni:/lib:/usr/lib
2025-09-26T01:29:33,364 INFO [main] org.apache.druid.cli.CliPeon - * java.runtime.name: OpenJDK Runtime Environment
2025-09-26T01:29:33,364 INFO [main] org.apache.druid.cli.CliPeon - * java.runtime.version: 17.0.15+6-Debian-1deb12u1
2025-09-26T01:29:33,364 INFO [main] org.apache.druid.cli.CliPeon - * java.specification.maintenance.version: 1
2025-09-26T01:29:33,364 INFO [main] org.apache.druid.cli.CliPeon - * java.specification.name: Java Platform API Specification
2025-09-26T01:29:33,364 INFO [main] org.apache.druid.cli.CliPeon - * java.specification.vendor: Oracle Corporation
2025-09-26T01:29:33,364 INFO [main] org.apache.druid.cli.CliPeon - * java.specification.version: 17
2025-09-26T01:29:33,365 INFO [main] org.apache.druid.cli.CliPeon - * java.util.logging.manager: org.apache.logging.log4j.jul.LogManager
2025-09-26T01:29:33,365 INFO [main] org.apache.druid.cli.CliPeon - * java.vendor: Debian
2025-09-26T01:29:33,365 INFO [main] org.apache.druid.cli.CliPeon - * java.vendor.url: https://tracker.debian.org/openjdk-17
2025-09-26T01:29:33,365 INFO [main] org.apache.druid.cli.CliPeon - * java.vendor.url.bug: https://bugs.debian.org/openjdk-17
2025-09-26T01:29:33,365 INFO [main] org.apache.druid.cli.CliPeon - * java.version: 17.0.15
2025-09-26T01:29:33,365 INFO [main] org.apache.druid.cli.CliPeon - * java.version.date: 2025-04-15
2025-09-26T01:29:33,365 INFO [main] org.apache.druid.cli.CliPeon - * java.vm.compressedOopsMode: 32-bit
2025-09-26T01:29:33,365 INFO [main] org.apache.druid.cli.CliPeon - * java.vm.info: mixed mode, sharing
2025-09-26T01:29:33,365 INFO [main] org.apache.druid.cli.CliPeon - * java.vm.name: OpenJDK 64-Bit Server VM
2025-09-26T01:29:33,365 INFO [main] org.apache.druid.cli.CliPeon - * java.vm.specification.name: Java Virtual Machine Specification
2025-09-26T01:29:33,365 INFO [main] org.apache.druid.cli.CliPeon - * java.vm.specification.vendor: Oracle Corporation
2025-09-26T01:29:33,365 INFO [main] org.apache.druid.cli.CliPeon - * java.vm.specification.version: 17
2025-09-26T01:29:33,365 INFO [main] org.apache.druid.cli.CliPeon - * java.vm.vendor: Debian
2025-09-26T01:29:33,365 INFO [main] org.apache.druid.cli.CliPeon - * java.vm.version: 17.0.15+6-Debian-1deb12u1
2025-09-26T01:29:33,365 INFO [main] org.apache.druid.cli.CliPeon - * jdk.debug: release
2025-09-26T01:29:33,365 INFO [main] org.apache.druid.cli.CliPeon - * line.separator: 

2025-09-26T01:29:33,365 INFO [main] org.apache.druid.cli.CliPeon - * log4j.shutdownCallbackRegistry: org.apache.druid.common.config.Log4jShutdown
2025-09-26T01:29:33,365 INFO [main] org.apache.druid.cli.CliPeon - * log4j.shutdownHookEnabled: true
2025-09-26T01:29:33,366 INFO [main] org.apache.druid.cli.CliPeon - * log4j2.configurationFactory: org.apache.druid.indexing.common.tasklogs.ConsoleLoggingEnforcementConfigurationFactory
2025-09-26T01:29:33,366 INFO [main] org.apache.druid.cli.CliPeon - * log4j2.is.webapp: false
2025-09-26T01:29:33,366 INFO [main] org.apache.druid.cli.CliPeon - * native.encoding: UTF-8
2025-09-26T01:29:33,366 INFO [main] org.apache.druid.cli.CliPeon - * os.arch: amd64
2025-09-26T01:29:33,366 INFO [main] org.apache.druid.cli.CliPeon - * os.name: Linux
2025-09-26T01:29:33,366 INFO [main] org.apache.druid.cli.CliPeon - * os.version: 6.14.0-29-generic
2025-09-26T01:29:33,366 INFO [main] org.apache.druid.cli.CliPeon - * path.separator: :
2025-09-26T01:29:33,366 INFO [main] org.apache.druid.cli.CliPeon - * sun.arch.data.model: 64
2025-09-26T01:29:33,366 INFO [main] org.apache.druid.cli.CliPeon - * sun.boot.library.path: /usr/lib/jvm/java-17-openjdk-amd64/lib
2025-09-26T01:29:33,366 INFO [main] org.apache.druid.cli.CliPeon - * sun.cpu.endian: little
2025-09-26T01:29:33,366 INFO [main] org.apache.druid.cli.CliPeon - * sun.io.unicode.encoding: UnicodeLittle
2025-09-26T01:29:33,366 INFO [main] org.apache.druid.cli.CliPeon - * sun.java.command: org.apache.druid.cli.Main internal peon var/druid/task/slot0/query-ce67b922-c28e-4b6d-a13f-74ee10316e99-worker0_0 1 --loadBroadcastSegments true --loadBroadcastDatasourceMode ALL
2025-09-26T01:29:33,366 INFO [main] org.apache.druid.cli.CliPeon - * sun.java.launcher: SUN_STANDARD
2025-09-26T01:29:33,366 INFO [main] org.apache.druid.cli.CliPeon - * sun.jnu.encoding: UTF-8
2025-09-26T01:29:33,366 INFO [main] org.apache.druid.cli.CliPeon - * sun.management.compiler: HotSpot 64-Bit Tiered Compilers
2025-09-26T01:29:33,366 INFO [main] org.apache.druid.cli.CliPeon - * user.dir: /opt/druid
2025-09-26T01:29:33,366 INFO [main] org.apache.druid.cli.CliPeon - * user.home: /root
2025-09-26T01:29:33,366 INFO [main] org.apache.druid.cli.CliPeon - * user.language: en
2025-09-26T01:29:33,367 INFO [main] org.apache.druid.cli.CliPeon - * user.name: root
2025-09-26T01:29:33,367 INFO [main] org.apache.druid.cli.CliPeon - * user.timezone: UTC
2025-09-26T01:29:33,584 INFO [main] org.apache.druid.query.DruidProcessingConfig - Detected max direct memory size of [3,221,225,472] bytes
2025-09-26T01:29:33,611 INFO [main] org.apache.druid.segment.loading.SegmentLocalCacheManager - Using storage location strategy[LeastBytesUsedStorageLocationSelectorStrategy].
2025-09-26T01:29:33,611 INFO [main] org.apache.druid.segment.loading.SegmentLocalCacheManager - Number of threads to load segments into page cache - on bootstrap: [0], on download: [0].
2025-09-26T01:29:33,661 INFO [main] org.apache.druid.guice.StorageNodeModule - Segment cache not configured on ServerType [indexer-executor]. It will not be assignable for segment placement
2025-09-26T01:29:33,713 INFO [main] org.eclipse.jetty.util.log - Logging initialized @2814ms to org.eclipse.jetty.util.log.Slf4jLog
2025-09-26T01:29:33,724 INFO [main] org.apache.druid.server.initialization.jetty.JettyServerModule - Creating http connector with port [8101]
2025-09-26T01:29:33,820 WARN [main] org.eclipse.jetty.server.handler.gzip.GzipHandler - minGzipSize of 0 is inefficient for short content, break even is size 23
2025-09-26T01:29:33,861 INFO [main] org.apache.druid.offheap.OffheapBufferGenerator - Allocating new result merging buffer[0] of size[268,435,456]
2025-09-26T01:29:34,017 INFO [main] org.apache.druid.offheap.OffheapBufferGenerator - Allocating new result merging buffer[1] of size[268,435,456]
2025-09-26T01:29:34,149 INFO [main] org.apache.druid.offheap.OffheapBufferGenerator - Allocating new intermediate processing buffer[0] of size[268,435,456]
2025-09-26T01:29:34,419 INFO [main] org.apache.druid.offheap.OffheapBufferGenerator - Allocating new intermediate processing buffer[1] of size[268,435,456]
2025-09-26T01:29:48,636 INFO [main] org.apache.druid.java.util.common.lifecycle.Lifecycle - Starting lifecycle [module] stage [INIT]
2025-09-26T01:29:48,641 INFO [main] org.apache.druid.java.util.common.lifecycle.Lifecycle$AnnotationBasedHandler - Starting lifecycle [Log4jShutterDowner#start]
2025-09-26T01:29:48,641 INFO [main] org.apache.druid.java.util.common.lifecycle.Lifecycle - Starting lifecycle [module] stage [NORMAL]
2025-09-26T01:29:48,641 INFO [main] org.apache.druid.java.util.common.lifecycle.Lifecycle$AnnotationBasedHandler - Starting lifecycle [ServiceEmitter#start]
2025-09-26T01:29:48,642 INFO [main] org.apache.druid.java.util.common.lifecycle.Lifecycle$AnnotationBasedHandler - Starting lifecycle [BasicMonitorScheduler#start]
2025-09-26T01:29:48,749 INFO [main] org.apache.druid.java.util.common.lifecycle.Lifecycle$AnnotationBasedHandler - Starting lifecycle [NettyHttpClient#start]
2025-09-26T01:29:48,750 INFO [main] org.apache.curator.framework.imps.CuratorFrameworkImpl - Starting
2025-09-26T01:29:48,819 INFO [main] org.apache.zookeeper.ZooKeeper - Client environment:zookeeper.version=3.8.4-9316c2a7a97e1666d8f4593f34dd6fc36ecc436c, built on 2024-02-12 22:16 UTC
2025-09-26T01:29:48,819 INFO [main] org.apache.zookeeper.ZooKeeper - Client environment:host.name=fb5a65d7543e
2025-09-26T01:29:48,819 INFO [main] org.apache.zookeeper.ZooKeeper - Client environment:java.version=17.0.15
2025-09-26T01:29:48,819 INFO [main] org.apache.zookeeper.ZooKeeper - Client environment:java.vendor=Debian
2025-09-26T01:29:48,820 INFO [main] org.apache.zookeeper.ZooKeeper - Client environment:java.home=/usr/lib/jvm/java-17-openjdk-amd64
2025-09-26T01:29:48,820 INFO [main] org.apache.zookeeper.ZooKeeper - Client environment:java.class.path=/tmp/conf/druid/single-server/micro-quickstart/_common:/tmp/conf/druid/single-server/micro-quickstart/middleManager:lib/joni-2.1.34.jar:lib/jcodings-1.0.50.jar:lib/commons-dbcp2-2.0.1.jar:lib/airline-2.8.4.jar:lib/jackson-datatype-guava-2.18.4.jar:lib/cron-scheduler-0.1.jar:lib/jackson-dataformat-cbor-2.18.4.jar:lib/commons-beanutils-1.11.0.jar:lib/netty-codec-socks-4.1.122.Final.jar:lib/jmespath-java-1.12.784.jar:lib/calcite-core-1.37.0.jar:lib/netty-handler-4.1.122.Final.jar:lib/jboss-logging-3.4.1.Final.jar:lib/commons-codec-1.16.1.jar:lib/maven-model-builder-3.6.0.jar:lib/httpclient5-5.2.1.jar:lib/commons-collections-3.2.2.jar:lib/joda-time-2.14.0.jar:lib/xz-1.9.jar:lib/maven-resolver-spi-1.3.1.jar:lib/druid-processing-34.0.0.jar:lib/antlr4-runtime-4.5.3.jar:lib/jna-5.13.0.jar:lib/apiguardian-api-1.1.2.jar:lib/janino-3.1.11.jar:lib/maven-resolver-connector-basic-1.3.1.jar:lib/jts-core-1.19.0.jar:lib/log4j-api-2.22.1.jar:lib/jakarta.inject-api-1.0.3.jar:lib/jersey-servlet-1.19.4.jar:lib/jackson-core-2.18.4.1.jar:lib/rhino-1.7.14.jar:lib/istack-commons-runtime-3.0.11.jar:lib/maven-resolver-transport-http-1.3.1.jar:lib/google-api-client-2.2.0.jar:lib/log4j-1.2-api-2.22.1.jar:lib/jakarta.activation-1.2.2.jar:lib/jetty-util-9.4.57.v20241219.jar:lib/RoaringBitmap-0.9.49.jar:lib/maven-artifact-3.6.0.jar:lib/sigar-1.6.5.132.jar:lib/netty-buffer-4.1.122.Final.jar:lib/netty-codec-http-4.1.122.Final.jar:lib/maven-model-3.6.0.jar:lib/aws-java-sdk-kms-1.12.784.jar:lib/commons-text-1.13.1.jar:lib/jakarta.activation-api-1.2.2.jar:lib/javax.el-api-3.0.0.jar:lib/jackson-dataformat-smile-2.18.4.jar:lib/json-simple-1.1.1.jar:lib/resilience4j-bulkhead-1.3.1.jar:lib/jetty-security-9.4.57.v20241219.jar:lib/google-http-client-1.42.3.jar:lib/httpcore5-5.2.3.jar:lib/cron-utils-9.2.0.jar:lib/netty-transport-4.1.122.Final.jar:lib/ipaddress-5.3.4.jar:lib/jdbi-2.63.1.jar:lib/google-oauth-client-1.34.1.jar:lib/maven-resolver-impl-1.3.1.jar:lib/grpc-context-1.27.2.jar:lib/jetty-client-9.4.57.v20241219.jar:lib/commons-math3-3.6.1.jar:lib/commons-collections4-4.2.jar:lib/aws-java-sdk-core-1.12.784.jar:lib/zstd-jni-1.5.2-3.jar:lib/jna-platform-5.13.0.jar:lib/commons-io-2.17.0.jar:lib/gson-2.10.1.jar:lib/guice-5.1.0.jar:lib/netty-resolver-dns-4.1.122.Final.jar:lib/jcl-over-slf4j-2.0.16.jar:lib/zookeeper-jute-3.8.4.jar:lib/asm-commons-9.8.jar:lib/zookeeper-3.8.4.jar:lib/druid-server-34.0.0.jar:lib/plexus-utils-3.1.0.jar:lib/jackson-jq-0.0.10.jar:lib/google-http-client-jackson2-1.42.3.jar:lib/checker-qual-3.48.1.jar:lib/asm-9.8.jar:lib/jackson-jaxrs-smile-provider-2.18.4.jar:lib/jackson-annotations-2.18.4.jar:lib/netty-resolver-4.1.122.Final.jar:lib/jakarta.validation-api-2.0.2.jar:lib/failureaccess-1.0.1.jar:lib/jackson-module-guice-2.18.4.jar:lib/aopalliance-1.0.jar:lib/javax.inject-1.jar:lib/opencsv-4.6.jar:lib/jackson-databind-2.18.4.jar:lib/asm-tree-9.8.jar:lib/google-http-client-gson-1.42.3.jar:lib/fastutil-core-8.5.4.jar:lib/fastutil-8.5.4.jar:lib/opencensus-contrib-http-util-0.31.1.jar:lib/audience-annotations-0.12.0.jar:lib/disruptor-3.3.6.jar:lib/jetty-proxy-9.4.57.v20241219.jar:lib/httpclient-4.5.13.jar:lib/icu4j-73.2.jar:lib/js-22.3.5.jar:lib/jetty-http-9.4.57.v20241219.jar:lib/curator-x-discovery-5.8.0.jar:lib/datasketches-memory-2.2.0.jar:lib/commons-compiler-3.1.11.jar:lib/classmate-1.5.1.jar:lib/jersey-core-1.19.4.jar:lib/opencensus-api-0.31.1.jar:lib/log4j-slf4j2-impl-2.22.1.jar:lib/derbynet-10.14.2.0.jar:lib/jetty-server-9.4.57.v20241219.jar:lib/jaxb-runtime-2.3.3.jar:lib/lz4-java-1.8.0.jar:lib/curator-client-5.8.0.jar:lib/datasketches-java-4.2.0.jar:lib/commons-logging-1.3.5.jar:lib/avatica-core-1.25.0.jar:lib/web-console-34.0.0.jar:lib/jetty-servlets-9.4.57.v20241219.jar:lib/aws-java-sdk-ec2-1.12.784.jar:lib/jakarta.el-3.0.4.jar:lib/druid-indexing-service-34.0.0.jar:lib/log4j-jul-2.22.1.jar:lib/snappy-java-1.1.10.7.jar:lib/fastutil-extra-8.5.4.jar:lib/commons-pool2-2.2.jar:lib/netty-handler-proxy-4.1.122.Final.jar:lib/httpcore5-h2-5.2.jar:lib/httpcore-4.4.16.jar:lib/jackson-jaxrs-base-2.18.4.jar:lib/metrics-core-4.2.22.jar:lib/plexus-component-annotations-1.7.1.jar:lib/plexus-interpolation-1.25.jar:lib/derbyclient-10.14.2.0.jar:lib/uzaygezen-core-0.2.jar:lib/netty-transport-native-unix-common-4.1.122.Final.jar:lib/hibernate-validator-6.2.5.Final.jar:lib/jetty-servlet-9.4.57.v20241219.jar:lib/accessors-smart-2.5.2.jar:lib/regex-22.3.5.jar:lib/aws-java-sdk-s3-1.12.784.jar:lib/druid-gcp-common-34.0.0.jar:lib/derby-10.14.2.0.jar:lib/javax.servlet-api-3.1.0.jar:lib/maven-resolver-util-1.3.1.jar:lib/druid-indexing-hadoop-34.0.0.jar:lib/airline-io-2.8.4.jar:lib/vavr-match-0.10.2.jar:lib/maven-resolver-provider-3.6.0.jar:lib/js-scriptengine-22.3.5.jar:lib/calcite-linq4j-1.37.0.jar:lib/slf4j-api-2.0.16.jar:lib/jetty-io-9.4.57.v20241219.jar:lib/curator-recipes-5.8.0.jar:lib/jts-io-common-1.19.0.jar:lib/jsr311-api-1.1.1.jar:lib/compress-lzf-1.0.4.jar:lib/json-path-2.9.0.jar:lib/elasticache-java-cluster-client-1.2.0.jar:lib/jackson-module-jaxb-annotations-2.18.4.jar:lib/guice-servlet-5.1.0.jar:lib/commons-lang3-3.17.0.jar:lib/jackson-datatype-joda-2.18.4.jar:lib/guava-32.1.3-jre.jar:lib/maven-repository-metadata-3.6.0.jar:lib/json-smart-2.5.2.jar:lib/graal-sdk-22.3.5.jar:lib/jetty-util-ajax-9.4.57.v20241219.jar:lib/caffeine-2.8.0.jar:lib/jakarta.xml.bind-api-2.3.3.jar:lib/aws-java-sdk-sts-1.12.784.jar:lib/netty-common-4.1.122.Final.jar:lib/avatica-metrics-1.25.0.jar:lib/maven-builder-support-3.6.0.jar:lib/google-http-client-apache-v2-1.42.3.jar:lib/guice-assistedinject-5.1.0.jar:lib/jersey-guice-1.19.4.jar:lib/jackson-jaxrs-json-provider-2.18.4.jar:lib/druid-aws-common-34.0.0.jar:lib/error_prone_annotations-2.35.1.jar:lib/jetty-rewrite-9.4.57.v20241219.jar:lib/maven-resolver-api-1.3.1.jar:lib/druid-services-34.0.0.jar:lib/jetty-continuation-9.4.57.v20241219.jar:lib/oshi-core-6.4.4.jar:lib/log4j-core-2.22.1.jar:lib/txw2-2.3.3.jar:lib/protobuf-java-3.25.5.jar:lib/j2objc-annotations-2.8.jar:lib/vavr-0.10.2.jar:lib/commons-compress-1.26.0.jar:lib/annotations-26.0.2.jar:lib/jersey-server-1.19.4.jar:lib/truffle-api-22.3.5.jar:lib/netty-codec-dns-4.1.122.Final.jar:lib/proj4j-1.2.2.jar:lib/resilience4j-core-1.3.1.jar:lib/jsr305-3.0.2.jar:lib/druid-sql-34.0.0.jar:lib/shims-0.9.49.jar:lib/async-http-client-3.0.2.jar:lib/curator-framework-5.8.0.jar:lib/avatica-server-1.25.0.jar:lib/netty-3.10.6.Final.jar:lib/netty-codec-4.1.122.Final.jar:
2025-09-26T01:29:48,820 INFO [main] org.apache.zookeeper.ZooKeeper - Client environment:java.library.path=/usr/java/packages/lib:/usr/lib/x86_64-linux-gnu/jni:/lib/x86_64-linux-gnu:/usr/lib/x86_64-linux-gnu:/usr/lib/jni:/lib:/usr/lib
2025-09-26T01:29:48,820 INFO [main] org.apache.zookeeper.ZooKeeper - Client environment:java.io.tmpdir=var/tmp
2025-09-26T01:29:48,820 INFO [main] org.apache.zookeeper.ZooKeeper - Client environment:java.compiler=<NA>
2025-09-26T01:29:48,820 INFO [main] org.apache.zookeeper.ZooKeeper - Client environment:os.name=Linux
2025-09-26T01:29:48,820 INFO [main] org.apache.zookeeper.ZooKeeper - Client environment:os.arch=amd64
2025-09-26T01:29:48,820 INFO [main] org.apache.zookeeper.ZooKeeper - Client environment:os.version=6.14.0-29-generic
2025-09-26T01:29:48,820 INFO [main] org.apache.zookeeper.ZooKeeper - Client environment:user.name=root
2025-09-26T01:29:48,820 INFO [main] org.apache.zookeeper.ZooKeeper - Client environment:user.home=/root
2025-09-26T01:29:48,820 INFO [main] org.apache.zookeeper.ZooKeeper - Client environment:user.dir=/opt/druid
2025-09-26T01:29:48,820 INFO [main] org.apache.zookeeper.ZooKeeper - Client environment:os.memory.free=919MB
2025-09-26T01:29:48,820 INFO [main] org.apache.zookeeper.ZooKeeper - Client environment:os.memory.max=1024MB
2025-09-26T01:29:48,820 INFO [main] org.apache.zookeeper.ZooKeeper - Client environment:os.memory.total=1024MB
2025-09-26T01:29:48,856 INFO [main] org.apache.zookeeper.ZooKeeper - Initiating client connection, connectString=zookeeper sessionTimeout=30000 watcher=org.apache.curator.ConnectionState@4db6348b
2025-09-26T01:29:48,886 INFO [main] org.apache.zookeeper.common.X509Util - Setting -D jdk.tls.rejectClientInitiatedRenegotiation=true to disable client-initiated TLS renegotiation
2025-09-26T01:29:48,902 INFO [main] org.apache.zookeeper.ClientCnxnSocket - jute.maxbuffer value is 1048575 Bytes
2025-09-26T01:29:48,948 INFO [main] org.apache.zookeeper.ClientCnxn - zookeeper.request.timeout value is 0. feature enabled=false
2025-09-26T01:29:48,987 INFO [main] org.apache.curator.framework.imps.CuratorFrameworkImpl - Default schema
2025-09-26T01:29:48,987 INFO [main] org.apache.druid.java.util.common.lifecycle.Lifecycle$AnnotationBasedHandler - Starting lifecycle [CuratorDruidNodeDiscoveryProvider#start]
2025-09-26T01:29:48,991 INFO [main] org.apache.druid.java.util.common.lifecycle.Lifecycle$AnnotationBasedHandler - Starting lifecycle [DiscoveryServiceLocator#start]
2025-09-26T01:29:49,018 INFO [main] org.apache.druid.java.util.common.lifecycle.Lifecycle$AnnotationBasedHandler - Starting lifecycle [DiscoveryServiceLocator#start]
2025-09-26T01:29:49,023 INFO [main] org.apache.druid.java.util.common.lifecycle.Lifecycle$AnnotationBasedHandler - Starting lifecycle [LookupReferencesManager#start]
2025-09-26T01:29:49,024 INFO [main] org.apache.druid.query.lookup.LookupReferencesManager - Loading lookups using spec[LookupLoadingSpec{mode=NONE, lookupsToLoad=null}].
2025-09-26T01:29:49,027 INFO [main] org.apache.druid.java.util.common.lifecycle.Lifecycle$AnnotationBasedHandler - Starting lifecycle [LocalIntermediaryDataManager#start]
2025-09-26T01:29:49,034 INFO [main] org.apache.druid.java.util.common.lifecycle.Lifecycle$AnnotationBasedHandler - Starting lifecycle [NettyHttpClient#start]
2025-09-26T01:29:49,034 INFO [main] org.apache.druid.java.util.common.lifecycle.Lifecycle$AnnotationBasedHandler - Starting lifecycle [ExecutorLifecycle#start]
2025-09-26T01:29:49,064 INFO [main] org.apache.druid.indexing.worker.executor.ExecutorLifecycle - Running with task: {
  "type" : "query_worker",
  "controllerTaskId" : "query-ce67b922-c28e-4b6d-a13f-74ee10316e99",
  "dataSource" : "wikiticker-2015-09-12-sampled",
  "workerNumber" : 0,
  "context" : {
    "maxParseExceptions" : 0,
    "sqlQueryId" : "ce67b922-c28e-4b6d-a13f-74ee10316e99",
    "forceTimeChunkLock" : true,
    "lookupLoadingMode" : "NONE",
    "useLineageBasedSegmentAllocation" : true,
    "maxConcurrentStages" : 1,
    "durableShuffleStorage" : false,
    "queryId" : "ce67b922-c28e-4b6d-a13f-74ee10316e99",
    "rowBasedFrameType" : 19,
    "removeNullBytes" : false,
    "includeAllCounters" : false,
    "isReindex" : false
  },
  "retry" : 0,
  "id" : "query-ce67b922-c28e-4b6d-a13f-74ee10316e99-worker0_0",
  "groupId" : "query-ce67b922-c28e-4b6d-a13f-74ee10316e99",
  "resource" : {
    "availabilityGroup" : "query-ce67b922-c28e-4b6d-a13f-74ee10316e99-worker0_0",
    "requiredCapacity" : 1
  }
}
2025-09-26T01:29:49,070 INFO [main] org.apache.druid.indexing.worker.executor.ExecutorLifecycle - Attempting to lock file[/opt/druid/var/druid/task/slot0/query-ce67b922-c28e-4b6d-a13f-74ee10316e99-worker0_0/lock].
2025-09-26T01:29:49,095 INFO [main-SendThread(zookeeper:2181)] org.apache.zookeeper.ClientCnxn - Opening socket connection to server zookeeper/172.20.0.3:2181.
2025-09-26T01:29:49,097 INFO [main-SendThread(zookeeper:2181)] org.apache.zookeeper.ClientCnxn - SASL config status: Will not attempt to authenticate using SASL (unknown error)
2025-09-26T01:29:49,100 INFO [main] org.apache.druid.indexing.worker.executor.ExecutorLifecycle - Acquired lock file[/opt/druid/var/druid/task/slot0/query-ce67b922-c28e-4b6d-a13f-74ee10316e99-worker0_0/lock] in 29ms.
2025-09-26T01:29:49,106 INFO [main] org.apache.druid.segment.loading.SegmentLocalCacheManager - Using storage location strategy[LeastBytesUsedStorageLocationSelectorStrategy].
2025-09-26T01:29:49,106 INFO [main] org.apache.druid.segment.loading.SegmentLocalCacheManager - Number of threads to load segments into page cache - on bootstrap: [0], on download: [0].
2025-09-26T01:29:49,127 INFO [task-runner-0-priority-0] org.apache.druid.indexing.overlord.SingleTaskBackgroundRunner - Running task: query-ce67b922-c28e-4b6d-a13f-74ee10316e99-worker0_0
2025-09-26T01:29:49,134 INFO [main] org.apache.druid.java.util.common.lifecycle.Lifecycle$AnnotationBasedHandler - Starting lifecycle [ZkCoordinator#start]
2025-09-26T01:29:49,134 INFO [main] org.apache.druid.server.coordination.ZkCoordinator - Starting zkCoordinator for server[172.20.0.8:8101]
2025-09-26T01:29:49,134 INFO [main] org.apache.druid.server.coordination.ZkCoordinator - Creating zkPath[/druid/segments/172.20.0.8:8101] for announcing live segments.
2025-09-26T01:29:49,139 INFO [task-runner-0-priority-0] org.apache.druid.segment.loading.SegmentLocalCacheManager - Using storage location strategy[LeastBytesUsedStorageLocationSelectorStrategy].
2025-09-26T01:29:49,139 INFO [task-runner-0-priority-0] org.apache.druid.segment.loading.SegmentLocalCacheManager - Number of threads to load segments into page cache - on bootstrap: [0], on download: [0].
2025-09-26T01:29:49,161 INFO [main-SendThread(zookeeper:2181)] org.apache.zookeeper.ClientCnxn - Socket connection established, initiating session, client: /172.20.0.8:48512, server: zookeeper/172.20.0.3:2181
2025-09-26T01:29:49,227 INFO [main-SendThread(zookeeper:2181)] org.apache.zookeeper.ClientCnxn - Session establishment complete on server zookeeper/172.20.0.3:2181, session id = 0x100001022a7000c, negotiated timeout = 30000
2025-09-26T01:29:49,239 INFO [main-EventThread] org.apache.curator.framework.state.ConnectionStateManager - State change: CONNECTED
2025-09-26T01:29:49,249 INFO [main-EventThread] org.apache.curator.framework.imps.EnsembleTracker - New config event received: {}
2025-09-26T01:29:49,250 INFO [main-EventThread] org.apache.curator.framework.imps.EnsembleTracker - New config event received: {}
2025-09-26T01:29:49,261 WARN [NodeRoleWatcher[OVERLORD]] org.apache.druid.curator.discovery.CuratorDruidNodeDiscoveryProvider$NodeRoleWatcher - Ignored event type [CONNECTION_RECONNECTED] for node watcher of role [overlord].
2025-09-26T01:29:49,261 WARN [NodeRoleWatcher[COORDINATOR]] org.apache.druid.curator.discovery.CuratorDruidNodeDiscoveryProvider$NodeRoleWatcher - Ignored event type [CONNECTION_RECONNECTED] for node watcher of role [coordinator].
2025-09-26T01:29:49,266 INFO [main] org.apache.druid.java.util.common.lifecycle.Lifecycle$AnnotationBasedHandler - Starting lifecycle [SegmentBootstrapper#start]
2025-09-26T01:29:49,266 INFO [main] org.apache.druid.server.coordination.SegmentBootstrapper - Starting...
2025-09-26T01:29:49,268 INFO [main] org.apache.druid.server.coordination.SegmentBootstrapper - Fetching bootstrap segments from the coordinator with BroadcastDatasourceLoadingSpec mode[ALL].
2025-09-26T01:29:49,296 INFO [NodeRoleWatcher[OVERLORD]] org.apache.druid.discovery.BaseNodeRoleWatcher - Node [http://172.20.0.4:8081] of role [overlord] detected.
2025-09-26T01:29:49,296 INFO [NodeRoleWatcher[OVERLORD]] org.apache.druid.discovery.BaseNodeRoleWatcher - Node watcher of role [overlord] is now initialized with 1 nodes.
2025-09-26T01:29:49,296 INFO [NodeRoleWatcher[COORDINATOR]] org.apache.druid.discovery.BaseNodeRoleWatcher - Node [http://172.20.0.4:8081] of role [coordinator] detected.
2025-09-26T01:29:49,296 INFO [NodeRoleWatcher[COORDINATOR]] org.apache.druid.discovery.BaseNodeRoleWatcher - Node watcher of role [coordinator] is now initialized with 1 nodes.
2025-09-26T01:29:50,953 INFO [ServiceClientFactory-0] org.apache.druid.rpc.ServiceClientImpl - Service [coordinator] request [POST http://172.20.0.4:8081/druid/coordinator/v1/metadata/bootstrapSegments] encountered server error [503 Service Unavailable] on attempt #1; retrying in 100 ms; body: <html>
<head>
<meta http-equiv="Content-Type" content="text/html;charset=ISO-8859-1"/>
<title>Error 503 Service Unavailable</title>
</head>
<body><h2>HTTP ERROR 503 Service Unavailable</h2>
<table>
<tr><th>URI:</th><td>/druid/coordinator/v1/metadata/bootstrapSegments</td></tr>
<tr><th>STATUS:</th><td>503</td></tr>
<tr><th>MESSAGE:</th><td>Service Unavailable</td></tr>
<tr><th>SERVLET:</th><td>default</td></tr>
</table>

</body>
</html>

2025-09-26T01:29:50,953 INFO [ServiceClientFactory-1] org.apache.druid.rpc.ServiceClientImpl - Service [overlord] request [POST http://172.20.0.4:8081/druid/indexer/v1/taskStatus] encountered server error [503 Service Unavailable] on attempt #1; retrying in 100 ms; body: <html>
<head>
<meta http-equiv="Content-Type" content="text/html;charset=ISO-8859-1"/>
<title>Error 503 Service Unavailable</title>
</head>
<body><h2>HTTP ERROR 503 Service Unavailable</h2>
<table>
<tr><th>URI:</th><td>/druid/indexer/v1/taskStatus</td></tr>
<tr><th>STATUS:</th><td>503</td></tr>
<tr><th>MESSAGE:</th><td>Service Unavailable</td></tr>
<tr><th>SERVLET:</th><td>default</td></tr>
</table>

</body>
</html>

2025-09-26T01:29:51,059 INFO [ServiceClientFactory-0] org.apache.druid.rpc.ServiceClientImpl - Service [overlord] request [POST http://172.20.0.4:8081/druid/indexer/v1/taskStatus] encountered server error [503 Service Unavailable] on attempt #2; retrying in 200 ms; body: <html>
<head>
<meta http-equiv="Content-Type" content="text/html;charset=ISO-8859-1"/>
<title>Error 503 Service Unavailable</title>
</head>
<body><h2>HTTP ERROR 503 Service Unavailable</h2>
<table>
<tr><th>URI:</th><td>/druid/indexer/v1/taskStatus</td></tr>
<tr><th>STATUS:</th><td>503</td></tr>
<tr><th>MESSAGE:</th><td>Service Unavailable</td></tr>
<tr><th>SERVLET:</th><td>default</td></tr>
</table>

</body>
</html>

2025-09-26T01:29:51,059 INFO [ServiceClientFactory-3] org.apache.druid.rpc.ServiceClientImpl - Service [coordinator] request [POST http://172.20.0.4:8081/druid/coordinator/v1/metadata/bootstrapSegments] encountered server error [503 Service Unavailable] on attempt #2; retrying in 200 ms; body: <html>
<head>
<meta http-equiv="Content-Type" content="text/html;charset=ISO-8859-1"/>
<title>Error 503 Service Unavailable</title>
</head>
<body><h2>HTTP ERROR 503 Service Unavailable</h2>
<table>
<tr><th>URI:</th><td>/druid/coordinator/v1/metadata/bootstrapSegments</td></tr>
<tr><th>STATUS:</th><td>503</td></tr>
<tr><th>MESSAGE:</th><td>Service Unavailable</td></tr>
<tr><th>SERVLET:</th><td>default</td></tr>
</table>

</body>
</html>

2025-09-26T01:29:51,264 INFO [ServiceClientFactory-3] org.apache.druid.rpc.ServiceClientImpl - Service [coordinator] request [POST http://172.20.0.4:8081/druid/coordinator/v1/metadata/bootstrapSegments] encountered server error [503 Service Unavailable] on attempt #3; retrying in 400 ms; body: <html>
<head>
<meta http-equiv="Content-Type" content="text/html;charset=ISO-8859-1"/>
<title>Error 503 Service Unavailable</title>
</head>
<body><h2>HTTP ERROR 503 Service Unavailable</h2>
<table>
<tr><th>URI:</th><td>/druid/coordinator/v1/metadata/bootstrapSegments</td></tr>
<tr><th>STATUS:</th><td>503</td></tr>
<tr><th>MESSAGE:</th><td>Service Unavailable</td></tr>
<tr><th>SERVLET:</th><td>default</td></tr>
</table>

</body>
</html>

2025-09-26T01:29:51,293 INFO [ServiceClientFactory-0] org.apache.druid.rpc.ServiceClientImpl - Service [overlord] request [POST http://172.20.0.4:8081/druid/indexer/v1/taskStatus] encountered server error [503 Service Unavailable] on attempt #3; retrying in 400 ms; body: <html>
<head>
<meta http-equiv="Content-Type" content="text/html;charset=ISO-8859-1"/>
<title>Error 503 Service Unavailable</title>
</head>
<body><h2>HTTP ERROR 503 Service Unavailable</h2>
<table>
<tr><th>URI:</th><td>/druid/indexer/v1/taskStatus</td></tr>
<tr><th>STATUS:</th><td>503</td></tr>
<tr><th>MESSAGE:</th><td>Service Unavailable</td></tr>
<tr><th>SERVLET:</th><td>default</td></tr>
</table>

</body>
</html>

2025-09-26T01:29:51,671 INFO [ServiceClientFactory-2] org.apache.druid.rpc.ServiceClientImpl - Service [coordinator] request [POST http://172.20.0.4:8081/druid/coordinator/v1/metadata/bootstrapSegments] encountered server error [503 Service Unavailable] on attempt #4; retrying in 800 ms; body: <html>
<head>
<meta http-equiv="Content-Type" content="text/html;charset=ISO-8859-1"/>
<title>Error 503 Service Unavailable</title>
</head>
<body><h2>HTTP ERROR 503 Service Unavailable</h2>
<table>
<tr><th>URI:</th><td>/druid/coordinator/v1/metadata/bootstrapSegments</td></tr>
<tr><th>STATUS:</th><td>503</td></tr>
<tr><th>MESSAGE:</th><td>Service Unavailable</td></tr>
<tr><th>SERVLET:</th><td>default</td></tr>
</table>

</body>
</html>

2025-09-26T01:29:51,715 INFO [ServiceClientFactory-0] org.apache.druid.rpc.ServiceClientImpl - Service [overlord] request [POST http://172.20.0.4:8081/druid/indexer/v1/taskStatus] encountered server error [503 Service Unavailable] on attempt #4; retrying in 800 ms; body: <html>
<head>
<meta http-equiv="Content-Type" content="text/html;charset=ISO-8859-1"/>
<title>Error 503 Service Unavailable</title>
</head>
<body><h2>HTTP ERROR 503 Service Unavailable</h2>
<table>
<tr><th>URI:</th><td>/druid/indexer/v1/taskStatus</td></tr>
<tr><th>STATUS:</th><td>503</td></tr>
<tr><th>MESSAGE:</th><td>Service Unavailable</td></tr>
<tr><th>SERVLET:</th><td>default</td></tr>
</table>

</body>
</html>

2025-09-26T01:29:52,551 INFO [ServiceClientFactory-1] org.apache.druid.rpc.ServiceClientImpl - Service [overlord] request [POST http://172.20.0.4:8081/druid/indexer/v1/taskStatus] encountered server error [503 Service Unavailable] on attempt #5; retrying in 1,600 ms; body: <html>
<head>
<meta http-equiv="Content-Type" content="text/html;charset=ISO-8859-1"/>
<title>Error 503 Service Unavailable</title>
</head>
<body><h2>HTTP ERROR 503 Service Unavailable</h2>
<table>
<tr><th>URI:</th><td>/druid/indexer/v1/taskStatus</td></tr>
<tr><th>STATUS:</th><td>503</td></tr>
<tr><th>MESSAGE:</th><td>Service Unavailable</td></tr>
<tr><th>SERVLET:</th><td>default</td></tr>
</table>

</body>
</html>

2025-09-26T01:29:52,590 INFO [ServiceClientFactory-0] org.apache.druid.rpc.ServiceClientImpl - Service [coordinator] request [POST http://172.20.0.4:8081/druid/coordinator/v1/metadata/bootstrapSegments] completed.
2025-09-26T01:29:52,614 INFO [main] org.apache.druid.server.coordination.SegmentBootstrapper - Fetched [0] bootstrap segments in [3345]ms.
2025-09-26T01:29:52,615 INFO [main] org.apache.druid.server.coordination.SegmentBootstrapper$BackgroundSegmentAnnouncer - Skipping background segment announcing as announceIntervalMillis is [0].
2025-09-26T01:29:52,632 INFO [main] org.apache.druid.server.coordination.SegmentBootstrapper$BackgroundSegmentAnnouncer - Completed background segment announcing
2025-09-26T01:29:52,632 INFO [main] org.apache.druid.server.coordination.SegmentBootstrapper - Loaded [0] segments on startup in [17]ms.
2025-09-26T01:29:52,643 INFO [main] org.apache.druid.server.coordination.CuratorDataSegmentServerAnnouncer - Announcing self[DruidServerMetadata{name='172.20.0.8:8101', hostAndPort='172.20.0.8:8101', hostAndTlsPort='null', maxSize=0, tier='_default_tier', type=indexer-executor, priority=0}] at [/druid/announcements/172.20.0.8:8101]
2025-09-26T01:29:52,647 INFO [main] org.apache.druid.server.coordination.SegmentBootstrapper - Started.
2025-09-26T01:29:52,649 INFO [main] org.apache.druid.java.util.common.lifecycle.Lifecycle - Starting lifecycle [module] stage [SERVER]
2025-09-26T01:29:52,650 INFO [main] org.apache.druid.java.util.common.lifecycle.Lifecycle$AnnotationBasedHandler - Starting lifecycle [SingleTaskBackgroundRunner#start]
2025-09-26T01:29:52,659 INFO [main] org.eclipse.jetty.server.Server - jetty-9.4.57.v20241219; built: 2025-01-08T21:24:30.412Z; git: df524e6b29271c2e09ba9aea83c18dc9db464a31; jvm 17.0.15+6-Debian-1deb12u1
2025-09-26T01:29:52,736 INFO [main] org.eclipse.jetty.server.session - DefaultSessionIdManager workerName=node0
2025-09-26T01:29:52,736 INFO [main] org.eclipse.jetty.server.session - No SessionScavenger set, using defaults
2025-09-26T01:29:52,737 INFO [main] org.eclipse.jetty.server.session - node0 Scavenging every 660000ms
2025-09-26T01:29:53,168 INFO [main] com.sun.jersey.guice.spi.container.GuiceComponentProviderFactory - Registering com.fasterxml.jackson.jaxrs.json.JacksonJsonProvider as a provider class
2025-09-26T01:29:53,168 INFO [main] com.sun.jersey.guice.spi.container.GuiceComponentProviderFactory - Registering com.fasterxml.jackson.jaxrs.smile.JacksonSmileProvider as a provider class
2025-09-26T01:29:53,169 INFO [main] com.sun.jersey.guice.spi.container.GuiceComponentProviderFactory - Registering org.apache.druid.server.initialization.jetty.CustomExceptionMapper as a provider class
2025-09-26T01:29:53,169 INFO [main] com.sun.jersey.guice.spi.container.GuiceComponentProviderFactory - Registering org.apache.druid.server.initialization.jetty.ForbiddenExceptionMapper as a provider class
2025-09-26T01:29:53,169 INFO [main] com.sun.jersey.guice.spi.container.GuiceComponentProviderFactory - Registering org.apache.druid.server.initialization.jetty.BadRequestExceptionMapper as a provider class
2025-09-26T01:29:53,169 INFO [main] com.sun.jersey.guice.spi.container.GuiceComponentProviderFactory - Registering org.apache.druid.server.initialization.jetty.ServiceUnavailableExceptionMapper as a provider class
2025-09-26T01:29:53,169 INFO [main] com.sun.jersey.guice.spi.container.GuiceComponentProviderFactory - Registering org.apache.druid.server.initialization.jetty.HttpExceptionMapper as a provider class
2025-09-26T01:29:53,169 INFO [main] com.sun.jersey.guice.spi.container.GuiceComponentProviderFactory - Registering org.apache.druid.server.StatusResource as a root resource class
2025-09-26T01:29:53,173 INFO [main] com.sun.jersey.server.impl.application.WebApplicationImpl - Initiating Jersey application, version 'Jersey: 1.19.4 05/24/2017 03:20 PM'
2025-09-26T01:29:53,223 INFO [main] com.sun.jersey.guice.spi.container.GuiceComponentProviderFactory - Binding org.apache.druid.server.initialization.jetty.CustomExceptionMapper to GuiceManagedComponentProvider with the scope "Singleton"
2025-09-26T01:29:53,224 INFO [main] com.sun.jersey.guice.spi.container.GuiceComponentProviderFactory - Binding org.apache.druid.server.initialization.jetty.ForbiddenExceptionMapper to GuiceManagedComponentProvider with the scope "Singleton"
2025-09-26T01:29:53,225 INFO [main] com.sun.jersey.guice.spi.container.GuiceComponentProviderFactory - Binding org.apache.druid.server.initialization.jetty.BadRequestExceptionMapper to GuiceManagedComponentProvider with the scope "Singleton"
2025-09-26T01:29:53,225 INFO [main] com.sun.jersey.guice.spi.container.GuiceComponentProviderFactory - Binding org.apache.druid.server.initialization.jetty.ServiceUnavailableExceptionMapper to GuiceManagedComponentProvider with the scope "Singleton"
2025-09-26T01:29:53,225 INFO [main] com.sun.jersey.guice.spi.container.GuiceComponentProviderFactory - Binding org.apache.druid.server.initialization.jetty.HttpExceptionMapper to GuiceManagedComponentProvider with the scope "Singleton"
2025-09-26T01:29:53,226 INFO [main] com.sun.jersey.guice.spi.container.GuiceComponentProviderFactory - Binding com.fasterxml.jackson.jaxrs.json.JacksonJsonProvider to GuiceManagedComponentProvider with the scope "Singleton"
2025-09-26T01:29:53,233 INFO [main] com.sun.jersey.guice.spi.container.GuiceComponentProviderFactory - Binding com.fasterxml.jackson.jaxrs.smile.JacksonSmileProvider to GuiceManagedComponentProvider with the scope "Singleton"
2025-09-26T01:29:53,798 INFO [main] com.sun.jersey.guice.spi.container.GuiceComponentProviderFactory - Binding org.apache.druid.server.http.security.StateResourceFilter to GuiceInstantiatedComponentProvider
2025-09-26T01:29:53,831 INFO [main] com.sun.jersey.guice.spi.container.GuiceComponentProviderFactory - Binding org.apache.druid.server.http.SegmentListerResource to GuiceInstantiatedComponentProvider
2025-09-26T01:29:53,842 INFO [main] com.sun.jersey.guice.spi.container.GuiceComponentProviderFactory - Binding org.apache.druid.server.http.HistoricalResource to GuiceInstantiatedComponentProvider
2025-09-26T01:29:53,847 INFO [main] com.sun.jersey.guice.spi.container.GuiceComponentProviderFactory - Binding org.apache.druid.server.QueryResource to GuiceInstantiatedComponentProvider
2025-09-26T01:29:53,850 INFO [main] com.sun.jersey.guice.spi.container.GuiceComponentProviderFactory - Binding org.apache.druid.segment.realtime.ChatHandlerResource to GuiceInstantiatedComponentProvider
2025-09-26T01:29:53,853 INFO [main] com.sun.jersey.guice.spi.container.GuiceComponentProviderFactory - Binding org.apache.druid.server.http.security.ConfigResourceFilter to GuiceInstantiatedComponentProvider
2025-09-26T01:29:53,857 INFO [main] com.sun.jersey.guice.spi.container.GuiceComponentProviderFactory - Binding org.apache.druid.query.lookup.LookupListeningResource to GuiceInstantiatedComponentProvider
2025-09-26T01:29:53,859 INFO [main] com.sun.jersey.guice.spi.container.GuiceComponentProviderFactory - Binding org.apache.druid.query.lookup.LookupIntrospectionResource to GuiceInstantiatedComponentProvider
2025-09-26T01:29:53,860 INFO [main] com.sun.jersey.guice.spi.container.GuiceComponentProviderFactory - Binding org.apache.druid.server.StatusResource to GuiceManagedComponentProvider with the scope "Singleton"
2025-09-26T01:29:53,912 INFO [main] org.eclipse.jetty.server.handler.ContextHandler - Started o.e.j.s.ServletContextHandler@5065bdac{/,null,AVAILABLE}
2025-09-26T01:29:53,936 INFO [main] org.eclipse.jetty.server.AbstractConnector - Started ServerConnector@359fa722{HTTP/1.1, (http/1.1)}{0.0.0.0:8101}
2025-09-26T01:29:53,937 INFO [main] org.eclipse.jetty.server.Server - Started @23039ms
2025-09-26T01:29:53,938 INFO [main] org.apache.druid.java.util.common.lifecycle.Lifecycle - Starting lifecycle [module] stage [ANNOUNCEMENTS]
2025-09-26T01:29:53,938 INFO [main] org.apache.druid.java.util.common.lifecycle.Lifecycle$AnnotationBasedHandler - Starting lifecycle [PathChildrenAnnouncer#start]
2025-09-26T01:29:53,965 INFO [main] org.apache.druid.java.util.common.lifecycle.Lifecycle - Successfully started lifecycle [module]
2025-09-26T01:29:54,156 INFO [ServiceClientFactory-0] org.apache.druid.rpc.ServiceClientImpl - Service [overlord] request [POST http://172.20.0.4:8081/druid/indexer/v1/taskStatus] completed.
2025-09-26T01:29:54,978 INFO [qtp114109618-121] org.apache.druid.msq.exec.WorkerImpl - Got work order for stage[query-ce67b922-c28e-4b6d-a13f-74ee10316e99_0], workerNumber[0]
2025-09-26T01:29:54,985 INFO [query-worker[query-ce67b922-c28e-4b6d-a13f-74ee10316e99-worker0_0]-0[query-ce67b922-c28e-4b6d-a13f-74ee10316e99-worker0_0]] org.apache.druid.msq.exec.WorkerImpl - Starting work order for stage[query-ce67b922-c28e-4b6d-a13f-74ee10316e99_0], workerNumber[0]
2025-09-26T01:29:54,991 INFO [query-worker[query-ce67b922-c28e-4b6d-a13f-74ee10316e99-worker0_0]-0[query-ce67b922-c28e-4b6d-a13f-74ee10316e99-worker0_0]] org.apache.druid.msq.exec.MemoryIntrospectorImpl - Lookup footprint: lookup count[0], total bytes[0].
2025-09-26T01:29:54,992 DEBUG [qtp114109618-121] org.apache.druid.jetty.RequestLog - 172.20.0.8 POST //172.20.0.8:8101/druid/worker/v1/chat/query-ce67b922-c28e-4b6d-a13f-74ee10316e99-worker0_0/workOrder HTTP/1.1 202
2025-09-26T01:29:54,996 INFO [query-worker[query-ce67b922-c28e-4b6d-a13f-74ee10316e99-worker0_0]-0[query-ce67b922-c28e-4b6d-a13f-74ee10316e99-worker0_0]] org.apache.druid.msq.indexing.IndexerWorkerContext - Memory parameters for stage[query-ce67b922-c28e-4b6d-a13f-74ee10316e99_0]: WorkerMemoryParameters{bundleFreeMemory=805306368, frameSize=1000000, superSorterConcurrentProcessors=1, superSorterMaxChannelsPerMerger=723, partitionStatisticsMaxRetainedBytes=80530636, broadcastBufferMemory=0}
2025-09-26T01:29:55,007 INFO [query-worker[query-ce67b922-c28e-4b6d-a13f-74ee10316e99-worker0_0]-0[query-ce67b922-c28e-4b6d-a13f-74ee10316e99-worker0_0]] org.apache.druid.msq.kernel.worker.WorkerStageKernel - Stage [0] transitioning from old phase [NEW] to new phase [READING_INPUT]
2025-09-26T01:29:56,529 INFO [query-worker[query-ce67b922-c28e-4b6d-a13f-74ee10316e99-worker0_0]-0[query-ce67b922-c28e-4b6d-a13f-74ee10316e99-worker0_0]] org.apache.druid.msq.kernel.worker.WorkerStageKernel - Stage [0] transitioning from old phase [READING_INPUT] to new phase [PRESHUFFLE_WAITING_FOR_RESULT_PARTITION_BOUNDARIES]
2025-09-26T01:29:56,588 DEBUG [qtp114109618-117] org.apache.druid.jetty.RequestLog - 172.20.0.8 POST //172.20.0.8:8101/druid/worker/v1/chat/query-ce67b922-c28e-4b6d-a13f-74ee10316e99-worker0_0/keyStatisticsForTimeChunk/query-ce67b922-c28e-4b6d-a13f-74ee10316e99/0/1442016000000?sketchEncoding=OCTET_STREAM HTTP/1.1 202
2025-09-26T01:29:56,754 INFO [query-worker[query-ce67b922-c28e-4b6d-a13f-74ee10316e99-worker0_0]-0[query-ce67b922-c28e-4b6d-a13f-74ee10316e99-worker0_0]] org.apache.druid.msq.kernel.worker.WorkerStageKernel - Stage [0] transitioning from old phase [PRESHUFFLE_WAITING_FOR_RESULT_PARTITION_BOUNDARIES] to new phase [PRESHUFFLE_WRITING_OUTPUT]
2025-09-26T01:29:56,754 DEBUG [qtp114109618-120] org.apache.druid.jetty.RequestLog - 172.20.0.8 POST //172.20.0.8:8101/druid/worker/v1/chat/query-ce67b922-c28e-4b6d-a13f-74ee10316e99-worker0_0/resultPartitionBoundaries/query-ce67b922-c28e-4b6d-a13f-74ee10316e99/0 HTTP/1.1 202
2025-09-26T01:29:57,286 INFO [query-worker[query-ce67b922-c28e-4b6d-a13f-74ee10316e99-worker0_0]-0[query-ce67b922-c28e-4b6d-a13f-74ee10316e99-worker0_0]] org.apache.druid.msq.kernel.worker.WorkerStageKernel - Stage [0] transitioning from old phase [PRESHUFFLE_WRITING_OUTPUT] to new phase [RESULTS_COMPLETE]
2025-09-26T01:29:57,332 INFO [qtp114109618-122] org.apache.druid.msq.exec.WorkerImpl - Got work order for stage[query-ce67b922-c28e-4b6d-a13f-74ee10316e99_1], workerNumber[0]
2025-09-26T01:29:57,332 INFO [query-worker[query-ce67b922-c28e-4b6d-a13f-74ee10316e99-worker0_0]-0[query-ce67b922-c28e-4b6d-a13f-74ee10316e99-worker0_0]] org.apache.druid.msq.exec.WorkerImpl - Starting work order for stage[query-ce67b922-c28e-4b6d-a13f-74ee10316e99_1], workerNumber[0]
2025-09-26T01:29:57,333 DEBUG [qtp114109618-122] org.apache.druid.jetty.RequestLog - 172.20.0.8 POST //172.20.0.8:8101/druid/worker/v1/chat/query-ce67b922-c28e-4b6d-a13f-74ee10316e99-worker0_0/workOrder HTTP/1.1 202
2025-09-26T01:29:57,334 INFO [query-worker[query-ce67b922-c28e-4b6d-a13f-74ee10316e99-worker0_0]-0[query-ce67b922-c28e-4b6d-a13f-74ee10316e99-worker0_0]] org.apache.druid.msq.indexing.IndexerWorkerContext - Memory parameters for stage[query-ce67b922-c28e-4b6d-a13f-74ee10316e99_1]: WorkerMemoryParameters{bundleFreeMemory=778306368, frameSize=1000000, superSorterConcurrentProcessors=1, superSorterMaxChannelsPerMerger=777, partitionStatisticsMaxRetainedBytes=0, broadcastBufferMemory=0}
2025-09-26T01:29:57,334 INFO [query-worker[query-ce67b922-c28e-4b6d-a13f-74ee10316e99-worker0_0]-0[query-ce67b922-c28e-4b6d-a13f-74ee10316e99-worker0_0]] org.apache.druid.msq.kernel.worker.WorkerStageKernel - Stage [1] transitioning from old phase [NEW] to new phase [READING_INPUT]
2025-09-26T01:29:57,391 INFO [processing-0-msq-worker[query-ce67b922-c28e-4b6d-a13f-74ee10316e99_1_0]] org.apache.druid.segment.realtime.appenderator.BatchAppenderator - Number of persist threads [1]
2025-09-26T01:29:58,230 INFO [[query-ce67b922-c28e-4b6d-a13f-74ee10316e99_0_0:0]-batch-appenderator-persist] org.apache.druid.segment.realtime.appenderator.BatchAppenderator - Spawning intermediate persist
2025-09-26T01:29:59,699 INFO [[query-ce67b922-c28e-4b6d-a13f-74ee10316e99_0_0:0]-batch-appenderator-persist] org.apache.druid.segment.realtime.appenderator.BatchAppenderator - Persisted in-memory data for segment[wikiticker-2015-09-12-sampled_2015-09-12T00:00:00.000Z_2015-09-13T00:00:00.000Z_2025-09-26T01:29:27.091Z] spill[0] to disk in [1,460] ms (39,244 rows).
2025-09-26T01:29:59,729 INFO [[query-ce67b922-c28e-4b6d-a13f-74ee10316e99_0_0:0]-batch-appenderator-persist] org.apache.druid.segment.realtime.appenderator.BatchAppenderator - Persisted in-memory data for segments: wikiticker-2015-09-12-sampled_2015-09-12T00:00:00.000Z_2015-09-13T00:00:00.000Z_2025-09-26T01:29:27.091Z
2025-09-26T01:29:59,730 INFO [[query-ce67b922-c28e-4b6d-a13f-74ee10316e99_0_0:0]-batch-appenderator-persist] org.apache.druid.segment.realtime.appenderator.BatchAppenderator - Persisted stats: processed rows: [39244], persisted rows[39244], persisted sinks: [1], persisted fireHydrants (across sinks): [1]
2025-09-26T01:29:59,730 INFO [[query-ce67b922-c28e-4b6d-a13f-74ee10316e99_0_0:0]-batch-appenderator-persist] org.apache.druid.segment.realtime.appenderator.BatchAppenderator - Persisted rows[39,244] and bytes[26,642,548] and removed all sinks & hydrants from memory in[1494] millis
2025-09-26T01:29:59,730 INFO [[query-ce67b922-c28e-4b6d-a13f-74ee10316e99_0_0:0]-batch-appenderator-persist] org.apache.druid.segment.realtime.appenderator.BatchAppenderator - Persist is done.
2025-09-26T01:29:59,747 INFO [[query-ce67b922-c28e-4b6d-a13f-74ee10316e99_0_0:0]-batch-appenderator-push] org.apache.druid.segment.realtime.appenderator.BatchAppenderator - Push started, processsing[1] sinks
2025-09-26T01:29:59,860 INFO [[query-ce67b922-c28e-4b6d-a13f-74ee10316e99_0_0:0]-batch-appenderator-push] org.apache.druid.segment.IndexMergerV9 - Merging phases[1] (indexes[1], maxColumnsToMerge[86,910]), tiers finished processed so far[0].
2025-09-26T01:29:59,860 INFO [[query-ce67b922-c28e-4b6d-a13f-74ee10316e99_0_0:0]-batch-appenderator-push] org.apache.druid.segment.IndexMergerV9 - Performing final merge phase.
2025-09-26T01:29:59,860 INFO [[query-ce67b922-c28e-4b6d-a13f-74ee10316e99_0_0:0]-batch-appenderator-push] org.apache.druid.segment.IndexMergerV9 - Merging phase with index count[1].
2025-09-26T01:30:01,205 INFO [[query-ce67b922-c28e-4b6d-a13f-74ee10316e99_0_0:0]-batch-appenderator-push] org.apache.druid.segment.realtime.appenderator.BatchAppenderator - Removed directory [/opt/druid/var/druid/task/slot0/query-ce67b922-c28e-4b6d-a13f-74ee10316e99-worker0_0/work/persist/wikiticker-2015-09-12-sampled_2015-09-12T00:00:00.000Z_2015-09-13T00:00:00.000Z_2025-09-26T01:29:27.091Z/wikiticker-2015-09-12-sampled_2015-09-12T00:00:00.000Z_2015-09-13T00:00:00.000Z_2025-09-26T01:29:27.091Z]
2025-09-26T01:30:01,209 INFO [[query-ce67b922-c28e-4b6d-a13f-74ee10316e99_0_0:0]-batch-appenderator-push] org.apache.druid.segment.realtime.appenderator.BatchAppenderator - Segment[wikiticker-2015-09-12-sampled_2015-09-12T00:00:00.000Z_2015-09-13T00:00:00.000Z_2025-09-26T01:29:27.091Z] of 5,472,323 bytes built from 1 incremental persist(s) in 1,200ms; pushed to deep storage in 149ms. Load spec is: {"type":"local","path":"/opt/shared/segments/wikiticker-2015-09-12-sampled/2015-09-12T00:00:00.000Z_2015-09-13T00:00:00.000Z/2025-09-26T01:29:27.091Z/0/index/"}
2025-09-26T01:30:01,210 INFO [[query-ce67b922-c28e-4b6d-a13f-74ee10316e99_0_0:0]-batch-appenderator-push] org.apache.druid.segment.realtime.appenderator.BatchAppenderator - Push done: total sinks merged[1], total hydrants merged[1]
2025-09-26T01:30:01,211 INFO [processing-1-msq-worker[query-ce67b922-c28e-4b6d-a13f-74ee10316e99_1_0]] org.apache.druid.segment.realtime.appenderator.BatchAppenderator - Clearing all[0] sinks & their hydrants, removing data on disk: [true]
2025-09-26T01:30:01,221 INFO [processing-1] org.apache.druid.segment.realtime.appenderator.BatchAppenderator - Clearing all[0] sinks & their hydrants, removing data on disk: [false]
2025-09-26T01:30:01,224 INFO [query-worker[query-ce67b922-c28e-4b6d-a13f-74ee10316e99-worker0_0]-0[query-ce67b922-c28e-4b6d-a13f-74ee10316e99-worker0_0]] org.apache.druid.msq.kernel.worker.WorkerStageKernel - Stage [1] transitioning from old phase [READING_INPUT] to new phase [RESULTS_COMPLETE]
2025-09-26T01:30:01,312 INFO [query-worker[query-ce67b922-c28e-4b6d-a13f-74ee10316e99-worker0_0]-0[query-ce67b922-c28e-4b6d-a13f-74ee10316e99-worker0_0]] org.apache.druid.msq.kernel.worker.WorkerStageKernel - Stage [1] transitioning from old phase [RESULTS_COMPLETE] to new phase [FINISHED]
2025-09-26T01:30:01,313 DEBUG [qtp114109618-120] org.apache.druid.jetty.RequestLog - 172.20.0.8 POST //172.20.0.8:8101/druid/worker/v1/chat/query-ce67b922-c28e-4b6d-a13f-74ee10316e99-worker0_0/cleanupStage/query-ce67b922-c28e-4b6d-a13f-74ee10316e99/1 HTTP/1.1 202
2025-09-26T01:30:01,317 DEBUG [qtp114109618-122] org.apache.druid.jetty.RequestLog - 172.20.0.8 POST //172.20.0.8:8101/druid/worker/v1/chat/query-ce67b922-c28e-4b6d-a13f-74ee10316e99-worker0_0/cleanupStage/query-ce67b922-c28e-4b6d-a13f-74ee10316e99/0 HTTP/1.1 202
2025-09-26T01:30:01,321 INFO [query-worker[query-ce67b922-c28e-4b6d-a13f-74ee10316e99-worker0_0]-0[query-ce67b922-c28e-4b6d-a13f-74ee10316e99-worker0_0]] org.apache.druid.msq.kernel.worker.WorkerStageKernel - Stage [0] transitioning from old phase [RESULTS_COMPLETE] to new phase [FINISHED]
2025-09-26T01:30:01,654 DEBUG [qtp114109618-120] org.apache.druid.jetty.RequestLog - 172.20.0.8 GET //172.20.0.8:8101/druid/worker/v1/chat/query-ce67b922-c28e-4b6d-a13f-74ee10316e99-worker0_0/counters HTTP/1.1 200
2025-09-26T01:30:01,660 DEBUG [qtp114109618-122] org.apache.druid.jetty.RequestLog - 172.20.0.8 POST //172.20.0.8:8101/druid/worker/v1/chat/query-ce67b922-c28e-4b6d-a13f-74ee10316e99-worker0_0/finish HTTP/1.1 202
2025-09-26T01:30:01,673 INFO [task-runner-0-priority-0] org.apache.druid.indexing.worker.executor.ExecutorLifecycle - Task completed with status: {
  "id" : "query-ce67b922-c28e-4b6d-a13f-74ee10316e99-worker0_0",
  "status" : "SUCCESS",
  "duration" : 12539,
  "errorMsg" : null,
  "location" : {
    "host" : null,
    "port" : -1,
    "tlsPort" : -1
  }
}
2025-09-26T01:30:01,692 INFO [main] org.apache.druid.java.util.common.lifecycle.Lifecycle - Stopping lifecycle [module] stage [ANNOUNCEMENTS]
2025-09-26T01:30:01,705 INFO [main] org.apache.druid.curator.announcement.PathChildrenAnnouncer - Unannouncing [/druid/announcements/172.20.0.8:8101]
2025-09-26T01:30:01,785 INFO [main] org.apache.druid.curator.announcement.PathChildrenAnnouncer - Unannouncing [/druid/segments/172.20.0.8:8101/172.20.0.8:8101_indexer-executor__default_tier_2025-09-26T01:29:52.615Z_c292abcc74e74b0985b371ba479232ab0]
2025-09-26T01:30:01,802 INFO [main] org.apache.druid.java.util.common.lifecycle.Lifecycle - Stopping lifecycle [module] stage [SERVER]
2025-09-26T01:30:01,831 INFO [main] org.eclipse.jetty.server.AbstractConnector - Stopped ServerConnector@359fa722{HTTP/1.1, (http/1.1)}{0.0.0.0:8101}
2025-09-26T01:30:01,831 INFO [main] org.eclipse.jetty.server.session - node0 Stopped scavenging
2025-09-26T01:30:01,835 INFO [main] org.eclipse.jetty.server.handler.ContextHandler - Stopped o.e.j.s.ServletContextHandler@5065bdac{/,null,STOPPED}
2025-09-26T01:30:01,840 INFO [main] org.apache.druid.indexing.overlord.SingleTaskBackgroundRunner - Starting graceful shutdown of task[query-ce67b922-c28e-4b6d-a13f-74ee10316e99-worker0_0].
2025-09-26T01:30:01,841 INFO [main] org.apache.druid.java.util.common.lifecycle.Lifecycle - Stopping lifecycle [module] stage [NORMAL]
2025-09-26T01:30:01,841 INFO [main] org.apache.druid.server.coordination.SegmentBootstrapper - Stopping...
2025-09-26T01:30:01,841 INFO [main] org.apache.druid.server.coordination.SegmentBootstrapper - Stopped.
2025-09-26T01:30:01,841 INFO [main] org.apache.druid.server.coordination.ZkCoordinator - Stopping ZkCoordinator for [DruidServerMetadata{name='172.20.0.8:8101', hostAndPort='172.20.0.8:8101', hostAndTlsPort='null', maxSize=0, tier='_default_tier', type=indexer-executor, priority=0}]
2025-09-26T01:30:01,874 INFO [LookupExtractorFactoryContainerProvider-MainThread] org.apache.druid.query.lookup.LookupReferencesManager - Lookup Management loop exited. Lookup notices are not handled anymore.
2025-09-26T01:30:01,876 INFO [Curator-Framework-0] org.apache.curator.framework.imps.CuratorFrameworkImpl - backgroundOperationsLoop exiting
2025-09-26T01:30:02,021 INFO [main] org.apache.zookeeper.ZooKeeper - Session: 0x100001022a7000c closed
2025-09-26T01:30:02,021 INFO [main-EventThread] org.apache.zookeeper.ClientCnxn - EventThread shut down for session: 0x100001022a7000c
2025-09-26T01:30:02,050 INFO [main] org.apache.druid.java.util.common.lifecycle.Lifecycle - Stopping lifecycle [module] stage [INIT]
Finished peon task
