2025-09-26T01:29:28,274 INFO [main] org.hibernate.validator.internal.util.Version - HV000001: Hibernate Validator 6.2.5.Final
2025-09-26T01:29:28,652 INFO [main] org.apache.druid.guice.ExtensionsLoader - Loading extension [druid-histogram], jars: druid-histogram-34.0.0.jar. Druid extension dependencies [[]]
2025-09-26T01:29:28,656 INFO [main] org.apache.druid.guice.ExtensionsLoader - Loading extension [druid-datasketches], jars: druid-datasketches-34.0.0.jar, commons-math3-3.6.1.jar. Druid extension dependencies [[]]
2025-09-26T01:29:28,659 INFO [main] org.apache.druid.guice.ExtensionsLoader - Loading extension [druid-lookups-cached-global], jars: mapdb-1.0.8.jar, druid-lookups-cached-global-34.0.0.jar. Druid extension dependencies [[]]
2025-09-26T01:29:28,663 INFO [main] org.apache.druid.guice.ExtensionsLoader - Loading extension [postgresql-metadata-storage], jars: checker-qual-3.42.0.jar, postgresql-42.7.2.jar, postgresql-metadata-storage-34.0.0.jar. Druid extension dependencies [[]]
2025-09-26T01:29:28,665 INFO [main] org.apache.druid.guice.ExtensionsLoader - Loading extension [druid-multi-stage-query], jars: druid-multi-stage-query-34.0.0.jar. Druid extension dependencies [[]]
2025-09-26T01:29:28,889 INFO [main] org.apache.druid.guice.ExtensionsLoader - Loading extension [druid-histogram], jars: druid-histogram-34.0.0.jar. Druid extension dependencies [[]]
2025-09-26T01:29:28,891 INFO [main] org.apache.druid.guice.ExtensionsLoader - Loading extension [druid-datasketches], jars: druid-datasketches-34.0.0.jar, commons-math3-3.6.1.jar. Druid extension dependencies [[]]
2025-09-26T01:29:28,897 INFO [main] org.apache.druid.guice.ExtensionsLoader - Loading extension [druid-lookups-cached-global], jars: mapdb-1.0.8.jar, druid-lookups-cached-global-34.0.0.jar. Druid extension dependencies [[]]
2025-09-26T01:29:28,898 INFO [main] org.apache.druid.guice.ExtensionsLoader - Loading extension [postgresql-metadata-storage], jars: checker-qual-3.42.0.jar, postgresql-42.7.2.jar, postgresql-metadata-storage-34.0.0.jar. Druid extension dependencies [[]]
2025-09-26T01:29:28,899 INFO [main] org.apache.druid.guice.ExtensionsLoader - Loading extension [druid-multi-stage-query], jars: druid-multi-stage-query-34.0.0.jar. Druid extension dependencies [[]]
2025-09-26T01:29:29,489 INFO [main] org.apache.druid.guice.JsonConfigurator - Skipping property [druid.emitter.logging.logLevel]: one of it's prefixes [druid] is also used as a property key.
2025-09-26T01:29:29,535 INFO [main] org.apache.druid.server.emitter.EmitterModule - Using emitter [NoopEmitter{}] for metrics and alerts, with dimensions [{version=34.0.0}].
2025-09-26T01:29:29,873 INFO [main] org.apache.druid.server.metrics.MetricsModule - Loaded 5 monitors: org.apache.druid.java.util.metrics.JvmMonitor, org.apache.druid.server.metrics.ServiceStatusMonitor, org.apache.druid.query.ExecutorServiceMonitor, org.apache.druid.curator.DruidConnectionStateListener, org.apache.druid.server.initialization.jetty.JettyServerModule$JettyMonitor
2025-09-26T01:29:29,878 INFO [main] org.apache.druid.cli.CliPeon - Starting up with processors [4], memory [1,073,741,824], maxMemory [1,073,741,824], directMemory [3,221,225,472]. Properties follow.
2025-09-26T01:29:29,879 INFO [main] org.apache.druid.cli.CliPeon - * attemptId: 1
2025-09-26T01:29:29,879 INFO [main] org.apache.druid.cli.CliPeon - * druid.emitter: noop
2025-09-26T01:29:29,879 INFO [main] org.apache.druid.cli.CliPeon - * druid.emitter.logging.logLevel: debug
2025-09-26T01:29:29,879 INFO [main] org.apache.druid.cli.CliPeon - * druid.extensions.loadList: ["druid-histogram", "druid-datasketches", "druid-lookups-cached-global", "postgresql-metadata-storage", "druid-multi-stage-query"]
2025-09-26T01:29:29,879 INFO [main] org.apache.druid.cli.CliPeon - * druid.host: 172.20.0.8
2025-09-26T01:29:29,879 INFO [main] org.apache.druid.cli.CliPeon - * druid.indexer.fork.property.druid.processing.buffer.sizeBytes: 256MiB
2025-09-26T01:29:29,879 INFO [main] org.apache.druid.cli.CliPeon - * druid.indexer.logs.directory: /opt/shared/indexing-logs
2025-09-26T01:29:29,879 INFO [main] org.apache.druid.cli.CliPeon - * druid.indexer.logs.type: file
2025-09-26T01:29:29,879 INFO [main] org.apache.druid.cli.CliPeon - * druid.indexer.runner.javaOptsArray: ["-server", "-Xmx1g", "-Xms1g", "-XX:MaxDirectMemorySize=3g", "-Duser.timezone=UTC", "-Dfile.encoding=UTF-8", "-Djava.util.logging.manager=org.apache.logging.log4j.jul.LogManager"]
2025-09-26T01:29:29,879 INFO [main] org.apache.druid.cli.CliPeon - * druid.indexer.task.baseTaskDir: /opt/druid/var/druid/task/slot1
2025-09-26T01:29:29,879 INFO [main] org.apache.druid.cli.CliPeon - * druid.indexer.task.hadoopWorkingPath: var/druid/hadoop-tmp
2025-09-26T01:29:29,879 INFO [main] org.apache.druid.cli.CliPeon - * druid.indexer.task.tmpStorageBytesPerTask: 4611686018427387903
2025-09-26T01:29:29,879 INFO [main] org.apache.druid.cli.CliPeon - * druid.indexing.doubleStorage: double
2025-09-26T01:29:29,879 INFO [main] org.apache.druid.cli.CliPeon - * druid.lookup.enableLookupSyncOnStartup: false
2025-09-26T01:29:29,879 INFO [main] org.apache.druid.cli.CliPeon - * druid.metadata.storage.connector.connectURI: jdbc:postgresql://postgres:5432/druid
2025-09-26T01:29:29,880 INFO [main] org.apache.druid.cli.CliPeon - * druid.metadata.storage.connector.host: localhost
2025-09-26T01:29:29,880 INFO [main] org.apache.druid.cli.CliPeon - * druid.metadata.storage.connector.password: <masked>
2025-09-26T01:29:29,880 INFO [main] org.apache.druid.cli.CliPeon - * druid.metadata.storage.connector.port: 1527
2025-09-26T01:29:29,880 INFO [main] org.apache.druid.cli.CliPeon - * druid.metadata.storage.connector.user: druid
2025-09-26T01:29:29,880 INFO [main] org.apache.druid.cli.CliPeon - * druid.metadata.storage.host: 
2025-09-26T01:29:29,880 INFO [main] org.apache.druid.cli.CliPeon - * druid.metadata.storage.type: postgresql
2025-09-26T01:29:29,880 INFO [main] org.apache.druid.cli.CliPeon - * druid.metrics.emitter.dimension.dataSource: wikiticker-2015-09-12-sampled
2025-09-26T01:29:29,880 INFO [main] org.apache.druid.cli.CliPeon - * druid.metrics.emitter.dimension.groupId: query-ce67b922-c28e-4b6d-a13f-74ee10316e99
2025-09-26T01:29:29,880 INFO [main] org.apache.druid.cli.CliPeon - * druid.metrics.emitter.dimension.taskId: query-ce67b922-c28e-4b6d-a13f-74ee10316e99
2025-09-26T01:29:29,880 INFO [main] org.apache.druid.cli.CliPeon - * druid.metrics.emitter.dimension.taskType: query_controller
2025-09-26T01:29:29,880 INFO [main] org.apache.druid.cli.CliPeon - * druid.monitoring.monitors: ["org.apache.druid.java.util.metrics.JvmMonitor", "org.apache.druid.server.metrics.ServiceStatusMonitor"]
2025-09-26T01:29:29,880 INFO [main] org.apache.druid.cli.CliPeon - * druid.node.type: middleManager
2025-09-26T01:29:29,880 INFO [main] org.apache.druid.cli.CliPeon - * druid.plaintextPort: 8100
2025-09-26T01:29:29,880 INFO [main] org.apache.druid.cli.CliPeon - * druid.processing.buffer.sizeBytes: 256MiB
2025-09-26T01:29:29,880 INFO [main] org.apache.druid.cli.CliPeon - * druid.processing.numMergeBuffers: 2
2025-09-26T01:29:29,880 INFO [main] org.apache.druid.cli.CliPeon - * druid.processing.numThreads: 2
2025-09-26T01:29:29,880 INFO [main] org.apache.druid.cli.CliPeon - * druid.selectors.coordinator.serviceName: druid/coordinator
2025-09-26T01:29:29,880 INFO [main] org.apache.druid.cli.CliPeon - * druid.selectors.indexing.serviceName: druid/overlord
2025-09-26T01:29:29,880 INFO [main] org.apache.druid.cli.CliPeon - * druid.server.hiddenProperties: ["druid.s3.accessKey","druid.s3.secretKey","druid.metadata.storage.connector.password", "password", "key", "token", "pwd"]
2025-09-26T01:29:29,880 INFO [main] org.apache.druid.cli.CliPeon - * druid.server.http.numThreads: 12
2025-09-26T01:29:29,880 INFO [main] org.apache.druid.cli.CliPeon - * druid.service: druid/middleManager
2025-09-26T01:29:29,880 INFO [main] org.apache.druid.cli.CliPeon - * druid.sql.enable: true
2025-09-26T01:29:29,880 INFO [main] org.apache.druid.cli.CliPeon - * druid.sql.planner.useGroupingSetForExactDistinct: true
2025-09-26T01:29:29,881 INFO [main] org.apache.druid.cli.CliPeon - * druid.startup.logging.logProperties: true
2025-09-26T01:29:29,881 INFO [main] org.apache.druid.cli.CliPeon - * druid.storage.storageDirectory: /opt/shared/segments
2025-09-26T01:29:29,881 INFO [main] org.apache.druid.cli.CliPeon - * druid.storage.type: local
2025-09-26T01:29:29,881 INFO [main] org.apache.druid.cli.CliPeon - * druid.task.executor.enablePlaintextPort: true
2025-09-26T01:29:29,881 INFO [main] org.apache.druid.cli.CliPeon - * druid.task.executor.enableTlsPort: false
2025-09-26T01:29:29,881 INFO [main] org.apache.druid.cli.CliPeon - * druid.task.executor.host: 172.20.0.8
2025-09-26T01:29:29,881 INFO [main] org.apache.druid.cli.CliPeon - * druid.task.executor.plaintextPort: 8091
2025-09-26T01:29:29,881 INFO [main] org.apache.druid.cli.CliPeon - * druid.task.executor.service: druid/middleManager
2025-09-26T01:29:29,881 INFO [main] org.apache.druid.cli.CliPeon - * druid.task.executor.tlsPort: -1
2025-09-26T01:29:29,881 INFO [main] org.apache.druid.cli.CliPeon - * druid.tlsPort: -1
2025-09-26T01:29:29,881 INFO [main] org.apache.druid.cli.CliPeon - * druid.worker.baseTaskDirs: ["var/druid/task"]
2025-09-26T01:29:29,881 INFO [main] org.apache.druid.cli.CliPeon - * druid.worker.capacity: 2
2025-09-26T01:29:29,881 INFO [main] org.apache.druid.cli.CliPeon - * druid.zk.paths.base: /druid
2025-09-26T01:29:29,881 INFO [main] org.apache.druid.cli.CliPeon - * druid.zk.service.host: zookeeper
2025-09-26T01:29:29,881 INFO [main] org.apache.druid.cli.CliPeon - * file.encoding: UTF-8
2025-09-26T01:29:29,881 INFO [main] org.apache.druid.cli.CliPeon - * file.separator: /
2025-09-26T01:29:29,881 INFO [main] org.apache.druid.cli.CliPeon - * java.class.path: /tmp/conf/druid/single-server/micro-quickstart/_common:/tmp/conf/druid/single-server/micro-quickstart/middleManager:lib/joni-2.1.34.jar:lib/jcodings-1.0.50.jar:lib/commons-dbcp2-2.0.1.jar:lib/airline-2.8.4.jar:lib/jackson-datatype-guava-2.18.4.jar:lib/cron-scheduler-0.1.jar:lib/jackson-dataformat-cbor-2.18.4.jar:lib/commons-beanutils-1.11.0.jar:lib/netty-codec-socks-4.1.122.Final.jar:lib/jmespath-java-1.12.784.jar:lib/calcite-core-1.37.0.jar:lib/netty-handler-4.1.122.Final.jar:lib/jboss-logging-3.4.1.Final.jar:lib/commons-codec-1.16.1.jar:lib/maven-model-builder-3.6.0.jar:lib/httpclient5-5.2.1.jar:lib/commons-collections-3.2.2.jar:lib/joda-time-2.14.0.jar:lib/xz-1.9.jar:lib/maven-resolver-spi-1.3.1.jar:lib/druid-processing-34.0.0.jar:lib/antlr4-runtime-4.5.3.jar:lib/jna-5.13.0.jar:lib/apiguardian-api-1.1.2.jar:lib/janino-3.1.11.jar:lib/maven-resolver-connector-basic-1.3.1.jar:lib/jts-core-1.19.0.jar:lib/log4j-api-2.22.1.jar:lib/jakarta.inject-api-1.0.3.jar:lib/jersey-servlet-1.19.4.jar:lib/jackson-core-2.18.4.1.jar:lib/rhino-1.7.14.jar:lib/istack-commons-runtime-3.0.11.jar:lib/maven-resolver-transport-http-1.3.1.jar:lib/google-api-client-2.2.0.jar:lib/log4j-1.2-api-2.22.1.jar:lib/jakarta.activation-1.2.2.jar:lib/jetty-util-9.4.57.v20241219.jar:lib/RoaringBitmap-0.9.49.jar:lib/maven-artifact-3.6.0.jar:lib/sigar-1.6.5.132.jar:lib/netty-buffer-4.1.122.Final.jar:lib/netty-codec-http-4.1.122.Final.jar:lib/maven-model-3.6.0.jar:lib/aws-java-sdk-kms-1.12.784.jar:lib/commons-text-1.13.1.jar:lib/jakarta.activation-api-1.2.2.jar:lib/javax.el-api-3.0.0.jar:lib/jackson-dataformat-smile-2.18.4.jar:lib/json-simple-1.1.1.jar:lib/resilience4j-bulkhead-1.3.1.jar:lib/jetty-security-9.4.57.v20241219.jar:lib/google-http-client-1.42.3.jar:lib/httpcore5-5.2.3.jar:lib/cron-utils-9.2.0.jar:lib/netty-transport-4.1.122.Final.jar:lib/ipaddress-5.3.4.jar:lib/jdbi-2.63.1.jar:lib/google-oauth-client-1.34.1.jar:lib/maven-resolver-impl-1.3.1.jar:lib/grpc-context-1.27.2.jar:lib/jetty-client-9.4.57.v20241219.jar:lib/commons-math3-3.6.1.jar:lib/commons-collections4-4.2.jar:lib/aws-java-sdk-core-1.12.784.jar:lib/zstd-jni-1.5.2-3.jar:lib/jna-platform-5.13.0.jar:lib/commons-io-2.17.0.jar:lib/gson-2.10.1.jar:lib/guice-5.1.0.jar:lib/netty-resolver-dns-4.1.122.Final.jar:lib/jcl-over-slf4j-2.0.16.jar:lib/zookeeper-jute-3.8.4.jar:lib/asm-commons-9.8.jar:lib/zookeeper-3.8.4.jar:lib/druid-server-34.0.0.jar:lib/plexus-utils-3.1.0.jar:lib/jackson-jq-0.0.10.jar:lib/google-http-client-jackson2-1.42.3.jar:lib/checker-qual-3.48.1.jar:lib/asm-9.8.jar:lib/jackson-jaxrs-smile-provider-2.18.4.jar:lib/jackson-annotations-2.18.4.jar:lib/netty-resolver-4.1.122.Final.jar:lib/jakarta.validation-api-2.0.2.jar:lib/failureaccess-1.0.1.jar:lib/jackson-module-guice-2.18.4.jar:lib/aopalliance-1.0.jar:lib/javax.inject-1.jar:lib/opencsv-4.6.jar:lib/jackson-databind-2.18.4.jar:lib/asm-tree-9.8.jar:lib/google-http-client-gson-1.42.3.jar:lib/fastutil-core-8.5.4.jar:lib/fastutil-8.5.4.jar:lib/opencensus-contrib-http-util-0.31.1.jar:lib/audience-annotations-0.12.0.jar:lib/disruptor-3.3.6.jar:lib/jetty-proxy-9.4.57.v20241219.jar:lib/httpclient-4.5.13.jar:lib/icu4j-73.2.jar:lib/js-22.3.5.jar:lib/jetty-http-9.4.57.v20241219.jar:lib/curator-x-discovery-5.8.0.jar:lib/datasketches-memory-2.2.0.jar:lib/commons-compiler-3.1.11.jar:lib/classmate-1.5.1.jar:lib/jersey-core-1.19.4.jar:lib/opencensus-api-0.31.1.jar:lib/log4j-slf4j2-impl-2.22.1.jar:lib/derbynet-10.14.2.0.jar:lib/jetty-server-9.4.57.v20241219.jar:lib/jaxb-runtime-2.3.3.jar:lib/lz4-java-1.8.0.jar:lib/curator-client-5.8.0.jar:lib/datasketches-java-4.2.0.jar:lib/commons-logging-1.3.5.jar:lib/avatica-core-1.25.0.jar:lib/web-console-34.0.0.jar:lib/jetty-servlets-9.4.57.v20241219.jar:lib/aws-java-sdk-ec2-1.12.784.jar:lib/jakarta.el-3.0.4.jar:lib/druid-indexing-service-34.0.0.jar:lib/log4j-jul-2.22.1.jar:lib/snappy-java-1.1.10.7.jar:lib/fastutil-extra-8.5.4.jar:lib/commons-pool2-2.2.jar:lib/netty-handler-proxy-4.1.122.Final.jar:lib/httpcore5-h2-5.2.jar:lib/httpcore-4.4.16.jar:lib/jackson-jaxrs-base-2.18.4.jar:lib/metrics-core-4.2.22.jar:lib/plexus-component-annotations-1.7.1.jar:lib/plexus-interpolation-1.25.jar:lib/derbyclient-10.14.2.0.jar:lib/uzaygezen-core-0.2.jar:lib/netty-transport-native-unix-common-4.1.122.Final.jar:lib/hibernate-validator-6.2.5.Final.jar:lib/jetty-servlet-9.4.57.v20241219.jar:lib/accessors-smart-2.5.2.jar:lib/regex-22.3.5.jar:lib/aws-java-sdk-s3-1.12.784.jar:lib/druid-gcp-common-34.0.0.jar:lib/derby-10.14.2.0.jar:lib/javax.servlet-api-3.1.0.jar:lib/maven-resolver-util-1.3.1.jar:lib/druid-indexing-hadoop-34.0.0.jar:lib/airline-io-2.8.4.jar:lib/vavr-match-0.10.2.jar:lib/maven-resolver-provider-3.6.0.jar:lib/js-scriptengine-22.3.5.jar:lib/calcite-linq4j-1.37.0.jar:lib/slf4j-api-2.0.16.jar:lib/jetty-io-9.4.57.v20241219.jar:lib/curator-recipes-5.8.0.jar:lib/jts-io-common-1.19.0.jar:lib/jsr311-api-1.1.1.jar:lib/compress-lzf-1.0.4.jar:lib/json-path-2.9.0.jar:lib/elasticache-java-cluster-client-1.2.0.jar:lib/jackson-module-jaxb-annotations-2.18.4.jar:lib/guice-servlet-5.1.0.jar:lib/commons-lang3-3.17.0.jar:lib/jackson-datatype-joda-2.18.4.jar:lib/guava-32.1.3-jre.jar:lib/maven-repository-metadata-3.6.0.jar:lib/json-smart-2.5.2.jar:lib/graal-sdk-22.3.5.jar:lib/jetty-util-ajax-9.4.57.v20241219.jar:lib/caffeine-2.8.0.jar:lib/jakarta.xml.bind-api-2.3.3.jar:lib/aws-java-sdk-sts-1.12.784.jar:lib/netty-common-4.1.122.Final.jar:lib/avatica-metrics-1.25.0.jar:lib/maven-builder-support-3.6.0.jar:lib/google-http-client-apache-v2-1.42.3.jar:lib/guice-assistedinject-5.1.0.jar:lib/jersey-guice-1.19.4.jar:lib/jackson-jaxrs-json-provider-2.18.4.jar:lib/druid-aws-common-34.0.0.jar:lib/error_prone_annotations-2.35.1.jar:lib/jetty-rewrite-9.4.57.v20241219.jar:lib/maven-resolver-api-1.3.1.jar:lib/druid-services-34.0.0.jar:lib/jetty-continuation-9.4.57.v20241219.jar:lib/oshi-core-6.4.4.jar:lib/log4j-core-2.22.1.jar:lib/txw2-2.3.3.jar:lib/protobuf-java-3.25.5.jar:lib/j2objc-annotations-2.8.jar:lib/vavr-0.10.2.jar:lib/commons-compress-1.26.0.jar:lib/annotations-26.0.2.jar:lib/jersey-server-1.19.4.jar:lib/truffle-api-22.3.5.jar:lib/netty-codec-dns-4.1.122.Final.jar:lib/proj4j-1.2.2.jar:lib/resilience4j-core-1.3.1.jar:lib/jsr305-3.0.2.jar:lib/druid-sql-34.0.0.jar:lib/shims-0.9.49.jar:lib/async-http-client-3.0.2.jar:lib/curator-framework-5.8.0.jar:lib/avatica-server-1.25.0.jar:lib/netty-3.10.6.Final.jar:lib/netty-codec-4.1.122.Final.jar:
2025-09-26T01:29:29,881 INFO [main] org.apache.druid.cli.CliPeon - * java.class.version: 61.0
2025-09-26T01:29:29,881 INFO [main] org.apache.druid.cli.CliPeon - * java.home: /usr/lib/jvm/java-17-openjdk-amd64
2025-09-26T01:29:29,882 INFO [main] org.apache.druid.cli.CliPeon - * java.io.tmpdir: var/tmp
2025-09-26T01:29:29,882 INFO [main] org.apache.druid.cli.CliPeon - * java.library.path: /usr/java/packages/lib:/usr/lib/x86_64-linux-gnu/jni:/lib/x86_64-linux-gnu:/usr/lib/x86_64-linux-gnu:/usr/lib/jni:/lib:/usr/lib
2025-09-26T01:29:29,882 INFO [main] org.apache.druid.cli.CliPeon - * java.runtime.name: OpenJDK Runtime Environment
2025-09-26T01:29:29,882 INFO [main] org.apache.druid.cli.CliPeon - * java.runtime.version: 17.0.15+6-Debian-1deb12u1
2025-09-26T01:29:29,882 INFO [main] org.apache.druid.cli.CliPeon - * java.specification.maintenance.version: 1
2025-09-26T01:29:29,882 INFO [main] org.apache.druid.cli.CliPeon - * java.specification.name: Java Platform API Specification
2025-09-26T01:29:29,882 INFO [main] org.apache.druid.cli.CliPeon - * java.specification.vendor: Oracle Corporation
2025-09-26T01:29:29,882 INFO [main] org.apache.druid.cli.CliPeon - * java.specification.version: 17
2025-09-26T01:29:29,882 INFO [main] org.apache.druid.cli.CliPeon - * java.util.logging.manager: org.apache.logging.log4j.jul.LogManager
2025-09-26T01:29:29,882 INFO [main] org.apache.druid.cli.CliPeon - * java.vendor: Debian
2025-09-26T01:29:29,882 INFO [main] org.apache.druid.cli.CliPeon - * java.vendor.url: https://tracker.debian.org/openjdk-17
2025-09-26T01:29:29,882 INFO [main] org.apache.druid.cli.CliPeon - * java.vendor.url.bug: https://bugs.debian.org/openjdk-17
2025-09-26T01:29:29,882 INFO [main] org.apache.druid.cli.CliPeon - * java.version: 17.0.15
2025-09-26T01:29:29,882 INFO [main] org.apache.druid.cli.CliPeon - * java.version.date: 2025-04-15
2025-09-26T01:29:29,882 INFO [main] org.apache.druid.cli.CliPeon - * java.vm.compressedOopsMode: 32-bit
2025-09-26T01:29:29,882 INFO [main] org.apache.druid.cli.CliPeon - * java.vm.info: mixed mode, sharing
2025-09-26T01:29:29,882 INFO [main] org.apache.druid.cli.CliPeon - * java.vm.name: OpenJDK 64-Bit Server VM
2025-09-26T01:29:29,882 INFO [main] org.apache.druid.cli.CliPeon - * java.vm.specification.name: Java Virtual Machine Specification
2025-09-26T01:29:29,882 INFO [main] org.apache.druid.cli.CliPeon - * java.vm.specification.vendor: Oracle Corporation
2025-09-26T01:29:29,882 INFO [main] org.apache.druid.cli.CliPeon - * java.vm.specification.version: 17
2025-09-26T01:29:29,882 INFO [main] org.apache.druid.cli.CliPeon - * java.vm.vendor: Debian
2025-09-26T01:29:29,882 INFO [main] org.apache.druid.cli.CliPeon - * java.vm.version: 17.0.15+6-Debian-1deb12u1
2025-09-26T01:29:29,882 INFO [main] org.apache.druid.cli.CliPeon - * jdk.debug: release
2025-09-26T01:29:29,882 INFO [main] org.apache.druid.cli.CliPeon - * line.separator: 

2025-09-26T01:29:29,883 INFO [main] org.apache.druid.cli.CliPeon - * log4j.shutdownCallbackRegistry: org.apache.druid.common.config.Log4jShutdown
2025-09-26T01:29:29,883 INFO [main] org.apache.druid.cli.CliPeon - * log4j.shutdownHookEnabled: true
2025-09-26T01:29:29,883 INFO [main] org.apache.druid.cli.CliPeon - * log4j2.configurationFactory: org.apache.druid.indexing.common.tasklogs.ConsoleLoggingEnforcementConfigurationFactory
2025-09-26T01:29:29,883 INFO [main] org.apache.druid.cli.CliPeon - * log4j2.is.webapp: false
2025-09-26T01:29:29,883 INFO [main] org.apache.druid.cli.CliPeon - * native.encoding: UTF-8
2025-09-26T01:29:29,883 INFO [main] org.apache.druid.cli.CliPeon - * os.arch: amd64
2025-09-26T01:29:29,883 INFO [main] org.apache.druid.cli.CliPeon - * os.name: Linux
2025-09-26T01:29:29,883 INFO [main] org.apache.druid.cli.CliPeon - * os.version: 6.14.0-29-generic
2025-09-26T01:29:29,883 INFO [main] org.apache.druid.cli.CliPeon - * path.separator: :
2025-09-26T01:29:29,883 INFO [main] org.apache.druid.cli.CliPeon - * sun.arch.data.model: 64
2025-09-26T01:29:29,883 INFO [main] org.apache.druid.cli.CliPeon - * sun.boot.library.path: /usr/lib/jvm/java-17-openjdk-amd64/lib
2025-09-26T01:29:29,883 INFO [main] org.apache.druid.cli.CliPeon - * sun.cpu.endian: little
2025-09-26T01:29:29,883 INFO [main] org.apache.druid.cli.CliPeon - * sun.io.unicode.encoding: UnicodeLittle
2025-09-26T01:29:29,883 INFO [main] org.apache.druid.cli.CliPeon - * sun.java.command: org.apache.druid.cli.Main internal peon var/druid/task/slot1/query-ce67b922-c28e-4b6d-a13f-74ee10316e99 1 --loadBroadcastDatasourceMode NONE
2025-09-26T01:29:29,883 INFO [main] org.apache.druid.cli.CliPeon - * sun.java.launcher: SUN_STANDARD
2025-09-26T01:29:29,883 INFO [main] org.apache.druid.cli.CliPeon - * sun.jnu.encoding: UTF-8
2025-09-26T01:29:29,883 INFO [main] org.apache.druid.cli.CliPeon - * sun.management.compiler: HotSpot 64-Bit Tiered Compilers
2025-09-26T01:29:29,883 INFO [main] org.apache.druid.cli.CliPeon - * user.dir: /opt/druid
2025-09-26T01:29:29,883 INFO [main] org.apache.druid.cli.CliPeon - * user.home: /root
2025-09-26T01:29:29,883 INFO [main] org.apache.druid.cli.CliPeon - * user.language: en
2025-09-26T01:29:29,883 INFO [main] org.apache.druid.cli.CliPeon - * user.name: root
2025-09-26T01:29:29,883 INFO [main] org.apache.druid.cli.CliPeon - * user.timezone: UTC
2025-09-26T01:29:29,930 INFO [main] org.apache.druid.query.DruidProcessingConfig - Detected max direct memory size of [3,221,225,472] bytes
2025-09-26T01:29:29,933 WARN [main] org.apache.druid.guice.PeonProcessingModule - Ignoring the configured numThreads[2] because task[query-ce67b922-c28e-4b6d-a13f-74ee10316e99] of type[query_controller] does not support queries
2025-09-26T01:29:29,941 INFO [main] org.apache.druid.segment.loading.SegmentLocalCacheManager - Using storage location strategy[LeastBytesUsedStorageLocationSelectorStrategy].
2025-09-26T01:29:29,941 INFO [main] org.apache.druid.segment.loading.SegmentLocalCacheManager - Number of threads to load segments into page cache - on bootstrap: [0], on download: [0].
2025-09-26T01:29:29,971 INFO [main] org.apache.druid.guice.StorageNodeModule - Segment cache not configured on ServerType [indexer-executor]. It will not be assignable for segment placement
2025-09-26T01:29:30,018 INFO [main] org.eclipse.jetty.util.log - Logging initialized @2597ms to org.eclipse.jetty.util.log.Slf4jLog
2025-09-26T01:29:30,027 INFO [main] org.apache.druid.server.initialization.jetty.JettyServerModule - Creating http connector with port [8100]
2025-09-26T01:29:30,158 WARN [main] org.eclipse.jetty.server.handler.gzip.GzipHandler - minGzipSize of 0 is inefficient for short content, break even is size 23
2025-09-26T01:29:30,176 WARN [main] org.apache.druid.guice.PeonProcessingModule - Ignoring the configured numMergeBuffers[2] because task[query-ce67b922-c28e-4b6d-a13f-74ee10316e99] of type[query_controller] does not support queries
2025-09-26T01:29:30,199 INFO [main] org.apache.druid.java.util.common.lifecycle.Lifecycle - Starting lifecycle [module] stage [INIT]
2025-09-26T01:29:30,199 INFO [main] org.apache.druid.java.util.common.lifecycle.Lifecycle$AnnotationBasedHandler - Starting lifecycle [Log4jShutterDowner#start]
2025-09-26T01:29:30,200 INFO [main] org.apache.druid.java.util.common.lifecycle.Lifecycle - Starting lifecycle [module] stage [NORMAL]
2025-09-26T01:29:30,200 INFO [main] org.apache.druid.java.util.common.lifecycle.Lifecycle$AnnotationBasedHandler - Starting lifecycle [ServiceEmitter#start]
2025-09-26T01:29:30,200 INFO [main] org.apache.druid.java.util.common.lifecycle.Lifecycle$AnnotationBasedHandler - Starting lifecycle [NettyHttpClient#start]
2025-09-26T01:29:30,201 INFO [main] org.apache.curator.framework.imps.CuratorFrameworkImpl - Starting
2025-09-26T01:29:30,204 INFO [main] org.apache.zookeeper.ZooKeeper - Client environment:zookeeper.version=3.8.4-9316c2a7a97e1666d8f4593f34dd6fc36ecc436c, built on 2024-02-12 22:16 UTC
2025-09-26T01:29:30,204 INFO [main] org.apache.zookeeper.ZooKeeper - Client environment:host.name=fb5a65d7543e
2025-09-26T01:29:30,204 INFO [main] org.apache.zookeeper.ZooKeeper - Client environment:java.version=17.0.15
2025-09-26T01:29:30,204 INFO [main] org.apache.zookeeper.ZooKeeper - Client environment:java.vendor=Debian
2025-09-26T01:29:30,204 INFO [main] org.apache.zookeeper.ZooKeeper - Client environment:java.home=/usr/lib/jvm/java-17-openjdk-amd64
2025-09-26T01:29:30,204 INFO [main] org.apache.zookeeper.ZooKeeper - Client environment:java.class.path=/tmp/conf/druid/single-server/micro-quickstart/_common:/tmp/conf/druid/single-server/micro-quickstart/middleManager:lib/joni-2.1.34.jar:lib/jcodings-1.0.50.jar:lib/commons-dbcp2-2.0.1.jar:lib/airline-2.8.4.jar:lib/jackson-datatype-guava-2.18.4.jar:lib/cron-scheduler-0.1.jar:lib/jackson-dataformat-cbor-2.18.4.jar:lib/commons-beanutils-1.11.0.jar:lib/netty-codec-socks-4.1.122.Final.jar:lib/jmespath-java-1.12.784.jar:lib/calcite-core-1.37.0.jar:lib/netty-handler-4.1.122.Final.jar:lib/jboss-logging-3.4.1.Final.jar:lib/commons-codec-1.16.1.jar:lib/maven-model-builder-3.6.0.jar:lib/httpclient5-5.2.1.jar:lib/commons-collections-3.2.2.jar:lib/joda-time-2.14.0.jar:lib/xz-1.9.jar:lib/maven-resolver-spi-1.3.1.jar:lib/druid-processing-34.0.0.jar:lib/antlr4-runtime-4.5.3.jar:lib/jna-5.13.0.jar:lib/apiguardian-api-1.1.2.jar:lib/janino-3.1.11.jar:lib/maven-resolver-connector-basic-1.3.1.jar:lib/jts-core-1.19.0.jar:lib/log4j-api-2.22.1.jar:lib/jakarta.inject-api-1.0.3.jar:lib/jersey-servlet-1.19.4.jar:lib/jackson-core-2.18.4.1.jar:lib/rhino-1.7.14.jar:lib/istack-commons-runtime-3.0.11.jar:lib/maven-resolver-transport-http-1.3.1.jar:lib/google-api-client-2.2.0.jar:lib/log4j-1.2-api-2.22.1.jar:lib/jakarta.activation-1.2.2.jar:lib/jetty-util-9.4.57.v20241219.jar:lib/RoaringBitmap-0.9.49.jar:lib/maven-artifact-3.6.0.jar:lib/sigar-1.6.5.132.jar:lib/netty-buffer-4.1.122.Final.jar:lib/netty-codec-http-4.1.122.Final.jar:lib/maven-model-3.6.0.jar:lib/aws-java-sdk-kms-1.12.784.jar:lib/commons-text-1.13.1.jar:lib/jakarta.activation-api-1.2.2.jar:lib/javax.el-api-3.0.0.jar:lib/jackson-dataformat-smile-2.18.4.jar:lib/json-simple-1.1.1.jar:lib/resilience4j-bulkhead-1.3.1.jar:lib/jetty-security-9.4.57.v20241219.jar:lib/google-http-client-1.42.3.jar:lib/httpcore5-5.2.3.jar:lib/cron-utils-9.2.0.jar:lib/netty-transport-4.1.122.Final.jar:lib/ipaddress-5.3.4.jar:lib/jdbi-2.63.1.jar:lib/google-oauth-client-1.34.1.jar:lib/maven-resolver-impl-1.3.1.jar:lib/grpc-context-1.27.2.jar:lib/jetty-client-9.4.57.v20241219.jar:lib/commons-math3-3.6.1.jar:lib/commons-collections4-4.2.jar:lib/aws-java-sdk-core-1.12.784.jar:lib/zstd-jni-1.5.2-3.jar:lib/jna-platform-5.13.0.jar:lib/commons-io-2.17.0.jar:lib/gson-2.10.1.jar:lib/guice-5.1.0.jar:lib/netty-resolver-dns-4.1.122.Final.jar:lib/jcl-over-slf4j-2.0.16.jar:lib/zookeeper-jute-3.8.4.jar:lib/asm-commons-9.8.jar:lib/zookeeper-3.8.4.jar:lib/druid-server-34.0.0.jar:lib/plexus-utils-3.1.0.jar:lib/jackson-jq-0.0.10.jar:lib/google-http-client-jackson2-1.42.3.jar:lib/checker-qual-3.48.1.jar:lib/asm-9.8.jar:lib/jackson-jaxrs-smile-provider-2.18.4.jar:lib/jackson-annotations-2.18.4.jar:lib/netty-resolver-4.1.122.Final.jar:lib/jakarta.validation-api-2.0.2.jar:lib/failureaccess-1.0.1.jar:lib/jackson-module-guice-2.18.4.jar:lib/aopalliance-1.0.jar:lib/javax.inject-1.jar:lib/opencsv-4.6.jar:lib/jackson-databind-2.18.4.jar:lib/asm-tree-9.8.jar:lib/google-http-client-gson-1.42.3.jar:lib/fastutil-core-8.5.4.jar:lib/fastutil-8.5.4.jar:lib/opencensus-contrib-http-util-0.31.1.jar:lib/audience-annotations-0.12.0.jar:lib/disruptor-3.3.6.jar:lib/jetty-proxy-9.4.57.v20241219.jar:lib/httpclient-4.5.13.jar:lib/icu4j-73.2.jar:lib/js-22.3.5.jar:lib/jetty-http-9.4.57.v20241219.jar:lib/curator-x-discovery-5.8.0.jar:lib/datasketches-memory-2.2.0.jar:lib/commons-compiler-3.1.11.jar:lib/classmate-1.5.1.jar:lib/jersey-core-1.19.4.jar:lib/opencensus-api-0.31.1.jar:lib/log4j-slf4j2-impl-2.22.1.jar:lib/derbynet-10.14.2.0.jar:lib/jetty-server-9.4.57.v20241219.jar:lib/jaxb-runtime-2.3.3.jar:lib/lz4-java-1.8.0.jar:lib/curator-client-5.8.0.jar:lib/datasketches-java-4.2.0.jar:lib/commons-logging-1.3.5.jar:lib/avatica-core-1.25.0.jar:lib/web-console-34.0.0.jar:lib/jetty-servlets-9.4.57.v20241219.jar:lib/aws-java-sdk-ec2-1.12.784.jar:lib/jakarta.el-3.0.4.jar:lib/druid-indexing-service-34.0.0.jar:lib/log4j-jul-2.22.1.jar:lib/snappy-java-1.1.10.7.jar:lib/fastutil-extra-8.5.4.jar:lib/commons-pool2-2.2.jar:lib/netty-handler-proxy-4.1.122.Final.jar:lib/httpcore5-h2-5.2.jar:lib/httpcore-4.4.16.jar:lib/jackson-jaxrs-base-2.18.4.jar:lib/metrics-core-4.2.22.jar:lib/plexus-component-annotations-1.7.1.jar:lib/plexus-interpolation-1.25.jar:lib/derbyclient-10.14.2.0.jar:lib/uzaygezen-core-0.2.jar:lib/netty-transport-native-unix-common-4.1.122.Final.jar:lib/hibernate-validator-6.2.5.Final.jar:lib/jetty-servlet-9.4.57.v20241219.jar:lib/accessors-smart-2.5.2.jar:lib/regex-22.3.5.jar:lib/aws-java-sdk-s3-1.12.784.jar:lib/druid-gcp-common-34.0.0.jar:lib/derby-10.14.2.0.jar:lib/javax.servlet-api-3.1.0.jar:lib/maven-resolver-util-1.3.1.jar:lib/druid-indexing-hadoop-34.0.0.jar:lib/airline-io-2.8.4.jar:lib/vavr-match-0.10.2.jar:lib/maven-resolver-provider-3.6.0.jar:lib/js-scriptengine-22.3.5.jar:lib/calcite-linq4j-1.37.0.jar:lib/slf4j-api-2.0.16.jar:lib/jetty-io-9.4.57.v20241219.jar:lib/curator-recipes-5.8.0.jar:lib/jts-io-common-1.19.0.jar:lib/jsr311-api-1.1.1.jar:lib/compress-lzf-1.0.4.jar:lib/json-path-2.9.0.jar:lib/elasticache-java-cluster-client-1.2.0.jar:lib/jackson-module-jaxb-annotations-2.18.4.jar:lib/guice-servlet-5.1.0.jar:lib/commons-lang3-3.17.0.jar:lib/jackson-datatype-joda-2.18.4.jar:lib/guava-32.1.3-jre.jar:lib/maven-repository-metadata-3.6.0.jar:lib/json-smart-2.5.2.jar:lib/graal-sdk-22.3.5.jar:lib/jetty-util-ajax-9.4.57.v20241219.jar:lib/caffeine-2.8.0.jar:lib/jakarta.xml.bind-api-2.3.3.jar:lib/aws-java-sdk-sts-1.12.784.jar:lib/netty-common-4.1.122.Final.jar:lib/avatica-metrics-1.25.0.jar:lib/maven-builder-support-3.6.0.jar:lib/google-http-client-apache-v2-1.42.3.jar:lib/guice-assistedinject-5.1.0.jar:lib/jersey-guice-1.19.4.jar:lib/jackson-jaxrs-json-provider-2.18.4.jar:lib/druid-aws-common-34.0.0.jar:lib/error_prone_annotations-2.35.1.jar:lib/jetty-rewrite-9.4.57.v20241219.jar:lib/maven-resolver-api-1.3.1.jar:lib/druid-services-34.0.0.jar:lib/jetty-continuation-9.4.57.v20241219.jar:lib/oshi-core-6.4.4.jar:lib/log4j-core-2.22.1.jar:lib/txw2-2.3.3.jar:lib/protobuf-java-3.25.5.jar:lib/j2objc-annotations-2.8.jar:lib/vavr-0.10.2.jar:lib/commons-compress-1.26.0.jar:lib/annotations-26.0.2.jar:lib/jersey-server-1.19.4.jar:lib/truffle-api-22.3.5.jar:lib/netty-codec-dns-4.1.122.Final.jar:lib/proj4j-1.2.2.jar:lib/resilience4j-core-1.3.1.jar:lib/jsr305-3.0.2.jar:lib/druid-sql-34.0.0.jar:lib/shims-0.9.49.jar:lib/async-http-client-3.0.2.jar:lib/curator-framework-5.8.0.jar:lib/avatica-server-1.25.0.jar:lib/netty-3.10.6.Final.jar:lib/netty-codec-4.1.122.Final.jar:
2025-09-26T01:29:30,204 INFO [main] org.apache.zookeeper.ZooKeeper - Client environment:java.library.path=/usr/java/packages/lib:/usr/lib/x86_64-linux-gnu/jni:/lib/x86_64-linux-gnu:/usr/lib/x86_64-linux-gnu:/usr/lib/jni:/lib:/usr/lib
2025-09-26T01:29:30,204 INFO [main] org.apache.zookeeper.ZooKeeper - Client environment:java.io.tmpdir=var/tmp
2025-09-26T01:29:30,205 INFO [main] org.apache.zookeeper.ZooKeeper - Client environment:java.compiler=<NA>
2025-09-26T01:29:30,205 INFO [main] org.apache.zookeeper.ZooKeeper - Client environment:os.name=Linux
2025-09-26T01:29:30,205 INFO [main] org.apache.zookeeper.ZooKeeper - Client environment:os.arch=amd64
2025-09-26T01:29:30,205 INFO [main] org.apache.zookeeper.ZooKeeper - Client environment:os.version=6.14.0-29-generic
2025-09-26T01:29:30,205 INFO [main] org.apache.zookeeper.ZooKeeper - Client environment:user.name=root
2025-09-26T01:29:30,205 INFO [main] org.apache.zookeeper.ZooKeeper - Client environment:user.home=/root
2025-09-26T01:29:30,205 INFO [main] org.apache.zookeeper.ZooKeeper - Client environment:user.dir=/opt/druid
2025-09-26T01:29:30,205 INFO [main] org.apache.zookeeper.ZooKeeper - Client environment:os.memory.free=905MB
2025-09-26T01:29:30,205 INFO [main] org.apache.zookeeper.ZooKeeper - Client environment:os.memory.max=1024MB
2025-09-26T01:29:30,205 INFO [main] org.apache.zookeeper.ZooKeeper - Client environment:os.memory.total=1024MB
2025-09-26T01:29:30,208 INFO [main] org.apache.zookeeper.ZooKeeper - Initiating client connection, connectString=zookeeper sessionTimeout=30000 watcher=org.apache.curator.ConnectionState@2bc2e022
2025-09-26T01:29:30,223 INFO [main] org.apache.zookeeper.common.X509Util - Setting -D jdk.tls.rejectClientInitiatedRenegotiation=true to disable client-initiated TLS renegotiation
2025-09-26T01:29:30,226 INFO [main] org.apache.zookeeper.ClientCnxnSocket - jute.maxbuffer value is 1048575 Bytes
2025-09-26T01:29:30,232 INFO [main] org.apache.zookeeper.ClientCnxn - zookeeper.request.timeout value is 0. feature enabled=false
2025-09-26T01:29:30,259 INFO [main] org.apache.curator.framework.imps.CuratorFrameworkImpl - Default schema
2025-09-26T01:29:30,260 INFO [main] org.apache.druid.java.util.common.lifecycle.Lifecycle$AnnotationBasedHandler - Starting lifecycle [CuratorDruidNodeDiscoveryProvider#start]
2025-09-26T01:29:30,261 INFO [main] org.apache.druid.java.util.common.lifecycle.Lifecycle$AnnotationBasedHandler - Starting lifecycle [DiscoveryServiceLocator#start]
2025-09-26T01:29:30,262 INFO [main-SendThread(zookeeper:2181)] org.apache.zookeeper.ClientCnxn - Opening socket connection to server zookeeper/172.20.0.3:2181.
2025-09-26T01:29:30,263 INFO [main-SendThread(zookeeper:2181)] org.apache.zookeeper.ClientCnxn - SASL config status: Will not attempt to authenticate using SASL (unknown error)
2025-09-26T01:29:30,268 INFO [main-SendThread(zookeeper:2181)] org.apache.zookeeper.ClientCnxn - Socket connection established, initiating session, client: /172.20.0.8:39812, server: zookeeper/172.20.0.3:2181
2025-09-26T01:29:30,269 INFO [main] org.apache.druid.java.util.common.lifecycle.Lifecycle$AnnotationBasedHandler - Starting lifecycle [LookupReferencesManager#start]
2025-09-26T01:29:30,270 INFO [main] org.apache.druid.query.lookup.LookupReferencesManager - Loading lookups using spec[LookupLoadingSpec{mode=NONE, lookupsToLoad=null}].
2025-09-26T01:29:30,271 INFO [main] org.apache.druid.java.util.common.lifecycle.Lifecycle$AnnotationBasedHandler - Starting lifecycle [BasicMonitorScheduler#start]
2025-09-26T01:29:30,272 INFO [main] org.apache.druid.java.util.common.lifecycle.Lifecycle$AnnotationBasedHandler - Starting lifecycle [DiscoveryServiceLocator#start]
2025-09-26T01:29:30,274 INFO [main] org.apache.druid.java.util.common.lifecycle.Lifecycle$AnnotationBasedHandler - Starting lifecycle [LocalIntermediaryDataManager#start]
2025-09-26T01:29:30,275 INFO [main] org.apache.druid.java.util.common.lifecycle.Lifecycle$AnnotationBasedHandler - Starting lifecycle [NettyHttpClient#start]
2025-09-26T01:29:30,275 INFO [main] org.apache.druid.java.util.common.lifecycle.Lifecycle$AnnotationBasedHandler - Starting lifecycle [ExecutorLifecycle#start]
2025-09-26T01:29:30,277 INFO [main-SendThread(zookeeper:2181)] org.apache.zookeeper.ClientCnxn - Session establishment complete on server zookeeper/172.20.0.3:2181, session id = 0x100001022a7000b, negotiated timeout = 30000
2025-09-26T01:29:30,281 INFO [main-EventThread] org.apache.curator.framework.state.ConnectionStateManager - State change: CONNECTED
2025-09-26T01:29:30,290 INFO [main-EventThread] org.apache.curator.framework.imps.EnsembleTracker - New config event received: {}
2025-09-26T01:29:30,291 INFO [main-EventThread] org.apache.curator.framework.imps.EnsembleTracker - New config event received: {}
2025-09-26T01:29:30,294 WARN [NodeRoleWatcher[COORDINATOR]] org.apache.druid.curator.discovery.CuratorDruidNodeDiscoveryProvider$NodeRoleWatcher - Ignored event type [CONNECTION_RECONNECTED] for node watcher of role [coordinator].
2025-09-26T01:29:30,294 WARN [NodeRoleWatcher[OVERLORD]] org.apache.druid.curator.discovery.CuratorDruidNodeDiscoveryProvider$NodeRoleWatcher - Ignored event type [CONNECTION_RECONNECTED] for node watcher of role [overlord].
2025-09-26T01:29:30,321 INFO [NodeRoleWatcher[OVERLORD]] org.apache.druid.discovery.BaseNodeRoleWatcher - Node [http://172.20.0.4:8081] of role [overlord] detected.
2025-09-26T01:29:30,321 INFO [NodeRoleWatcher[COORDINATOR]] org.apache.druid.discovery.BaseNodeRoleWatcher - Node [http://172.20.0.4:8081] of role [coordinator] detected.
2025-09-26T01:29:30,322 INFO [NodeRoleWatcher[COORDINATOR]] org.apache.druid.discovery.BaseNodeRoleWatcher - Node watcher of role [coordinator] is now initialized with 1 nodes.
2025-09-26T01:29:30,322 INFO [NodeRoleWatcher[OVERLORD]] org.apache.druid.discovery.BaseNodeRoleWatcher - Node watcher of role [overlord] is now initialized with 1 nodes.
2025-09-26T01:29:30,338 INFO [main] org.apache.druid.indexing.worker.executor.ExecutorLifecycle - Running with task: {
  "type" : "query_controller",
  "id" : "query-ce67b922-c28e-4b6d-a13f-74ee10316e99",
  "spec" : {
    "query" : {
      "queryType" : "scan",
      "dataSource" : {
        "type" : "external",
        "inputSource" : {
          "type" : "local",
          "baseDir" : "quickstart/tutorial",
          "filter" : "wikiticker-2015-09-12-sampled.json.gz"
        },
        "inputFormat" : {
          "type" : "json"
        },
        "signature" : [ {
          "name" : "time",
          "type" : "STRING"
        }, {
          "name" : "channel",
          "type" : "STRING"
        }, {
          "name" : "cityName",
          "type" : "STRING"
        }, {
          "name" : "comment",
          "type" : "STRING"
        }, {
          "name" : "countryIsoCode",
          "type" : "STRING"
        }, {
          "name" : "countryName",
          "type" : "STRING"
        }, {
          "name" : "isAnonymous",
          "type" : "STRING"
        }, {
          "name" : "isMinor",
          "type" : "STRING"
        }, {
          "name" : "isNew",
          "type" : "STRING"
        }, {
          "name" : "isRobot",
          "type" : "STRING"
        }, {
          "name" : "isUnpatrolled",
          "type" : "STRING"
        }, {
          "name" : "metroCode",
          "type" : "LONG"
        }, {
          "name" : "namespace",
          "type" : "STRING"
        }, {
          "name" : "page",
          "type" : "STRING"
        }, {
          "name" : "regionIsoCode",
          "type" : "STRING"
        }, {
          "name" : "regionName",
          "type" : "STRING"
        }, {
          "name" : "user",
          "type" : "STRING"
        }, {
          "name" : "delta",
          "type" : "LONG"
        }, {
          "name" : "added",
          "type" : "LONG"
        }, {
          "name" : "deleted",
          "type" : "LONG"
        } ]
      },
      "intervals" : {
        "type" : "intervals",
        "intervals" : [ "-146136543-09-08T08:23:32.096Z/146140482-04-24T15:36:27.903Z" ]
      },
      "virtualColumns" : [ {
        "type" : "expression",
        "name" : "v0",
        "expression" : "timestamp_parse(\"time\",null,'UTC')",
        "outputType" : "LONG"
      } ],
      "resultFormat" : "compactedList",
      "columns" : [ "v0", "channel", "cityName", "comment", "countryIsoCode", "countryName", "isAnonymous", "isMinor", "isNew", "isRobot", "isUnpatrolled", "metroCode", "namespace", "page", "regionIsoCode", "regionName", "user", "delta", "added", "deleted" ],
      "context" : {
        "__resultFormat" : "array",
        "__user" : "allowAll",
        "executionMode" : "async",
        "finalize" : false,
        "finalizeAggregations" : false,
        "groupByEnableMultiValueUnnesting" : false,
        "maxNumTasks" : 2,
        "maxParseExceptions" : 0,
        "queryId" : "ce67b922-c28e-4b6d-a13f-74ee10316e99",
        "rowBasedFrameType" : 19,
        "scanSignature" : "[{\"name\":\"v0\",\"type\":\"LONG\"},{\"name\":\"channel\",\"type\":\"STRING\"},{\"name\":\"cityName\",\"type\":\"STRING\"},{\"name\":\"comment\",\"type\":\"STRING\"},{\"name\":\"countryIsoCode\",\"type\":\"STRING\"},{\"name\":\"countryName\",\"type\":\"STRING\"},{\"name\":\"isAnonymous\",\"type\":\"STRING\"},{\"name\":\"isMinor\",\"type\":\"STRING\"},{\"name\":\"isNew\",\"type\":\"STRING\"},{\"name\":\"isRobot\",\"type\":\"STRING\"},{\"name\":\"isUnpatrolled\",\"type\":\"STRING\"},{\"name\":\"metroCode\",\"type\":\"LONG\"},{\"name\":\"namespace\",\"type\":\"STRING\"},{\"name\":\"page\",\"type\":\"STRING\"},{\"name\":\"regionIsoCode\",\"type\":\"STRING\"},{\"name\":\"regionName\",\"type\":\"STRING\"},{\"name\":\"user\",\"type\":\"STRING\"},{\"name\":\"delta\",\"type\":\"LONG\"},{\"name\":\"added\",\"type\":\"LONG\"},{\"name\":\"deleted\",\"type\":\"LONG\"}]",
        "sqlInsertSegmentGranularity" : "\"DAY\"",
        "sqlQueryId" : "ce67b922-c28e-4b6d-a13f-74ee10316e99",
        "sqlReplaceTimeChunks" : "all",
        "sqlStringifyArrays" : false,
        "startTime" : "2025-09-26T01:29:26.800Z",
        "waitUntilSegmentsLoad" : true,
        "windowFunctionOperatorTransformation" : true
      },
      "columnTypes" : [ "LONG", "STRING", "STRING", "STRING", "STRING", "STRING", "STRING", "STRING", "STRING", "STRING", "STRING", "LONG", "STRING", "STRING", "STRING", "STRING", "STRING", "LONG", "LONG", "LONG" ],
      "granularity" : {
        "type" : "all"
      },
      "legacy" : false
    },
    "columnMappings" : [ {
      "queryColumn" : "v0",
      "outputColumn" : "__time"
    }, {
      "queryColumn" : "channel",
      "outputColumn" : "channel"
    }, {
      "queryColumn" : "cityName",
      "outputColumn" : "cityName"
    }, {
      "queryColumn" : "comment",
      "outputColumn" : "comment"
    }, {
      "queryColumn" : "countryIsoCode",
      "outputColumn" : "countryIsoCode"
    }, {
      "queryColumn" : "countryName",
      "outputColumn" : "countryName"
    }, {
      "queryColumn" : "isAnonymous",
      "outputColumn" : "isAnonymous"
    }, {
      "queryColumn" : "isMinor",
      "outputColumn" : "isMinor"
    }, {
      "queryColumn" : "isNew",
      "outputColumn" : "isNew"
    }, {
      "queryColumn" : "isRobot",
      "outputColumn" : "isRobot"
    }, {
      "queryColumn" : "isUnpatrolled",
      "outputColumn" : "isUnpatrolled"
    }, {
      "queryColumn" : "metroCode",
      "outputColumn" : "metroCode"
    }, {
      "queryColumn" : "namespace",
      "outputColumn" : "namespace"
    }, {
      "queryColumn" : "page",
      "outputColumn" : "page"
    }, {
      "queryColumn" : "regionIsoCode",
      "outputColumn" : "regionIsoCode"
    }, {
      "queryColumn" : "regionName",
      "outputColumn" : "regionName"
    }, {
      "queryColumn" : "user",
      "outputColumn" : "user"
    }, {
      "queryColumn" : "delta",
      "outputColumn" : "delta"
    }, {
      "queryColumn" : "added",
      "outputColumn" : "added"
    }, {
      "queryColumn" : "deleted",
      "outputColumn" : "deleted"
    } ],
    "destination" : {
      "type" : "dataSource",
      "dataSource" : "wikiticker-2015-09-12-sampled",
      "segmentGranularity" : "DAY",
      "replaceTimeChunks" : [ "-146136543-09-08T08:23:32.096Z/146140482-04-24T15:36:27.903Z" ],
      "terminalStageSpec" : {
        "type" : "segmentGeneration"
      }
    },
    "assignmentStrategy" : "max",
    "tuningConfig" : {
      "maxNumWorkers" : 1,
      "maxRowsInMemory" : 100000,
      "rowsPerSegment" : 3000000
    }
  },
  "sqlQuery" : "REPLACE INTO \"wikiticker-2015-09-12-sampled\" OVERWRITE ALL\nWITH input_data AS (SELECT *\nFROM TABLE(\n  EXTERN(\n    '{\"type\":\"local\",\"baseDir\":\"quickstart/tutorial/\",\"filter\":\"wikiticker-2015-09-12-sampled.json.gz\"}',\n    '{\"type\":\"json\"}',\n    '[{\"name\":\"time\",\"type\":\"string\"},{\"name\":\"channel\",\"type\":\"string\"},{\"name\":\"cityName\",\"type\":\"string\"},{\"name\":\"comment\",\"type\":\"string\"},{\"name\":\"countryIsoCode\",\"type\":\"string\"},{\"name\":\"countryName\",\"type\":\"string\"},{\"name\":\"isAnonymous\",\"type\":\"string\"},{\"name\":\"isMinor\",\"type\":\"string\"},{\"name\":\"isNew\",\"type\":\"string\"},{\"name\":\"isRobot\",\"type\":\"string\"},{\"name\":\"isUnpatrolled\",\"type\":\"string\"},{\"name\":\"metroCode\",\"type\":\"long\"},{\"name\":\"namespace\",\"type\":\"string\"},{\"name\":\"page\",\"type\":\"string\"},{\"name\":\"regionIsoCode\",\"type\":\"string\"},{\"name\":\"regionName\",\"type\":\"string\"},{\"name\":\"user\",\"type\":\"string\"},{\"name\":\"delta\",\"type\":\"long\"},{\"name\":\"added\",\"type\":\"long\"},{\"name\":\"deleted\",\"type\":\"long\"}]'\n     )\n   ))\nSELECT\n  TIME_PARSE(\"time\") AS __time,\n  channel,\n  cityName,\n  comment,\n  countryIsoCode,\n  countryName,\n  isAnonymous,\n  isMinor,\n  isNew,\n  isRobot,\n  isUnpatrolled,\n  metroCode,\n  namespace,\n  page,\n  regionIsoCode,\n  regionName,\n  user,\n  delta,\n  added,\n  deleted\nFROM input_data\nPARTITIONED BY DAY",
  "sqlQueryContext" : {
    "finalizeAggregations" : false,
    "sqlQueryId" : "ce67b922-c28e-4b6d-a13f-74ee10316e99",
    "groupByEnableMultiValueUnnesting" : false,
    "maxNumTasks" : 2,
    "waitUntilSegmentsLoad" : true,
    "executionMode" : "async",
    "__resultFormat" : "array",
    "sqlStringifyArrays" : false,
    "queryId" : "ce67b922-c28e-4b6d-a13f-74ee10316e99",
    "sqlInsertSegmentGranularity" : "\"DAY\"",
    "sqlReplaceTimeChunks" : "all"
  },
  "sqlResultsContext" : {
    "timeZone" : "UTC",
    "stringifyArrays" : false
  },
  "sqlTypeNames" : [ "TIMESTAMP", "VARCHAR", "VARCHAR", "VARCHAR", "VARCHAR", "VARCHAR", "VARCHAR", "VARCHAR", "VARCHAR", "VARCHAR", "VARCHAR", "BIGINT", "VARCHAR", "VARCHAR", "VARCHAR", "VARCHAR", "VARCHAR", "BIGINT", "BIGINT", "BIGINT" ],
  "nativeTypeNames" : [ "LONG", "STRING", "STRING", "STRING", "STRING", "STRING", "STRING", "STRING", "STRING", "STRING", "STRING", "LONG", "STRING", "STRING", "STRING", "STRING", "STRING", "LONG", "LONG", "LONG" ],
  "context" : {
    "lookupLoadingMode" : "NONE",
    "useLineageBasedSegmentAllocation" : true,
    "forceTimeChunkLock" : true
  },
  "groupId" : "query-ce67b922-c28e-4b6d-a13f-74ee10316e99",
  "dataSource" : "wikiticker-2015-09-12-sampled",
  "resource" : {
    "availabilityGroup" : "query-ce67b922-c28e-4b6d-a13f-74ee10316e99",
    "requiredCapacity" : 1
  }
}
2025-09-26T01:29:30,339 INFO [main] org.apache.druid.indexing.worker.executor.ExecutorLifecycle - Attempting to lock file[/opt/druid/var/druid/task/slot1/query-ce67b922-c28e-4b6d-a13f-74ee10316e99/lock].
2025-09-26T01:29:30,340 INFO [main] org.apache.druid.indexing.worker.executor.ExecutorLifecycle - Acquired lock file[/opt/druid/var/druid/task/slot1/query-ce67b922-c28e-4b6d-a13f-74ee10316e99/lock] in 1ms.
2025-09-26T01:29:30,601 INFO [main] org.apache.druid.segment.loading.SegmentLocalCacheManager - Using storage location strategy[LeastBytesUsedStorageLocationSelectorStrategy].
2025-09-26T01:29:30,601 INFO [main] org.apache.druid.segment.loading.SegmentLocalCacheManager - Number of threads to load segments into page cache - on bootstrap: [0], on download: [0].
2025-09-26T01:29:30,608 INFO [task-runner-0-priority-0] org.apache.druid.indexing.overlord.SingleTaskBackgroundRunner - Running task: query-ce67b922-c28e-4b6d-a13f-74ee10316e99
2025-09-26T01:29:30,609 INFO [main] org.apache.druid.java.util.common.lifecycle.Lifecycle - Starting lifecycle [module] stage [SERVER]
2025-09-26T01:29:30,609 INFO [main] org.apache.druid.java.util.common.lifecycle.Lifecycle$AnnotationBasedHandler - Starting lifecycle [SingleTaskBackgroundRunner#start]
2025-09-26T01:29:30,611 INFO [main] org.eclipse.jetty.server.Server - jetty-9.4.57.v20241219; built: 2025-01-08T21:24:30.412Z; git: df524e6b29271c2e09ba9aea83c18dc9db464a31; jvm 17.0.15+6-Debian-1deb12u1
2025-09-26T01:29:30,628 INFO [main] org.eclipse.jetty.server.session - DefaultSessionIdManager workerName=node0
2025-09-26T01:29:30,628 INFO [main] org.eclipse.jetty.server.session - No SessionScavenger set, using defaults
2025-09-26T01:29:30,628 INFO [main] org.eclipse.jetty.server.session - node0 Scavenging every 660000ms
2025-09-26T01:29:30,632 INFO [task-runner-0-priority-0] org.apache.druid.msq.exec.MemoryIntrospectorImpl - Lookup footprint: lookup count[0], total bytes[0].
2025-09-26T01:29:30,725 INFO [main] com.sun.jersey.guice.spi.container.GuiceComponentProviderFactory - Registering com.fasterxml.jackson.jaxrs.json.JacksonJsonProvider as a provider class
2025-09-26T01:29:30,725 INFO [main] com.sun.jersey.guice.spi.container.GuiceComponentProviderFactory - Registering com.fasterxml.jackson.jaxrs.smile.JacksonSmileProvider as a provider class
2025-09-26T01:29:30,725 INFO [main] com.sun.jersey.guice.spi.container.GuiceComponentProviderFactory - Registering org.apache.druid.server.initialization.jetty.CustomExceptionMapper as a provider class
2025-09-26T01:29:30,725 INFO [main] com.sun.jersey.guice.spi.container.GuiceComponentProviderFactory - Registering org.apache.druid.server.initialization.jetty.ForbiddenExceptionMapper as a provider class
2025-09-26T01:29:30,725 INFO [main] com.sun.jersey.guice.spi.container.GuiceComponentProviderFactory - Registering org.apache.druid.server.initialization.jetty.BadRequestExceptionMapper as a provider class
2025-09-26T01:29:30,726 INFO [main] com.sun.jersey.guice.spi.container.GuiceComponentProviderFactory - Registering org.apache.druid.server.initialization.jetty.ServiceUnavailableExceptionMapper as a provider class
2025-09-26T01:29:30,726 INFO [main] com.sun.jersey.guice.spi.container.GuiceComponentProviderFactory - Registering org.apache.druid.server.initialization.jetty.HttpExceptionMapper as a provider class
2025-09-26T01:29:30,726 INFO [main] com.sun.jersey.guice.spi.container.GuiceComponentProviderFactory - Registering org.apache.druid.server.StatusResource as a root resource class
2025-09-26T01:29:30,728 INFO [main] com.sun.jersey.server.impl.application.WebApplicationImpl - Initiating Jersey application, version 'Jersey: 1.19.4 05/24/2017 03:20 PM'
2025-09-26T01:29:30,771 INFO [main] com.sun.jersey.guice.spi.container.GuiceComponentProviderFactory - Binding org.apache.druid.server.initialization.jetty.CustomExceptionMapper to GuiceManagedComponentProvider with the scope "Singleton"
2025-09-26T01:29:30,773 INFO [main] com.sun.jersey.guice.spi.container.GuiceComponentProviderFactory - Binding org.apache.druid.server.initialization.jetty.ForbiddenExceptionMapper to GuiceManagedComponentProvider with the scope "Singleton"
2025-09-26T01:29:30,773 INFO [main] com.sun.jersey.guice.spi.container.GuiceComponentProviderFactory - Binding org.apache.druid.server.initialization.jetty.BadRequestExceptionMapper to GuiceManagedComponentProvider with the scope "Singleton"
2025-09-26T01:29:30,773 INFO [main] com.sun.jersey.guice.spi.container.GuiceComponentProviderFactory - Binding org.apache.druid.server.initialization.jetty.ServiceUnavailableExceptionMapper to GuiceManagedComponentProvider with the scope "Singleton"
2025-09-26T01:29:30,774 INFO [main] com.sun.jersey.guice.spi.container.GuiceComponentProviderFactory - Binding org.apache.druid.server.initialization.jetty.HttpExceptionMapper to GuiceManagedComponentProvider with the scope "Singleton"
2025-09-26T01:29:30,774 INFO [main] com.sun.jersey.guice.spi.container.GuiceComponentProviderFactory - Binding com.fasterxml.jackson.jaxrs.json.JacksonJsonProvider to GuiceManagedComponentProvider with the scope "Singleton"
2025-09-26T01:29:30,778 INFO [main] com.sun.jersey.guice.spi.container.GuiceComponentProviderFactory - Binding com.fasterxml.jackson.jaxrs.smile.JacksonSmileProvider to GuiceManagedComponentProvider with the scope "Singleton"
2025-09-26T01:29:30,834 INFO [task-runner-0-priority-0] org.apache.druid.msq.exec.ControllerImpl - Query [query-ce67b922-c28e-4b6d-a13f-74ee10316e99] using workers[1] for stage[0], writing to[localStorage], shuffle[globalSort].
2025-09-26T01:29:31,045 INFO [main] com.sun.jersey.guice.spi.container.GuiceComponentProviderFactory - Binding org.apache.druid.server.http.security.StateResourceFilter to GuiceInstantiatedComponentProvider
2025-09-26T01:29:31,069 INFO [main] com.sun.jersey.guice.spi.container.GuiceComponentProviderFactory - Binding org.apache.druid.server.http.SegmentListerResource to GuiceInstantiatedComponentProvider
2025-09-26T01:29:31,077 INFO [main] com.sun.jersey.guice.spi.container.GuiceComponentProviderFactory - Binding org.apache.druid.server.QueryResource to GuiceInstantiatedComponentProvider
2025-09-26T01:29:31,078 INFO [main] com.sun.jersey.guice.spi.container.GuiceComponentProviderFactory - Binding org.apache.druid.segment.realtime.ChatHandlerResource to GuiceInstantiatedComponentProvider
2025-09-26T01:29:31,080 INFO [main] com.sun.jersey.guice.spi.container.GuiceComponentProviderFactory - Binding org.apache.druid.server.http.security.ConfigResourceFilter to GuiceInstantiatedComponentProvider
2025-09-26T01:29:31,082 INFO [main] com.sun.jersey.guice.spi.container.GuiceComponentProviderFactory - Binding org.apache.druid.query.lookup.LookupListeningResource to GuiceInstantiatedComponentProvider
2025-09-26T01:29:31,083 INFO [main] com.sun.jersey.guice.spi.container.GuiceComponentProviderFactory - Binding org.apache.druid.query.lookup.LookupIntrospectionResource to GuiceInstantiatedComponentProvider
2025-09-26T01:29:31,084 INFO [main] com.sun.jersey.guice.spi.container.GuiceComponentProviderFactory - Binding org.apache.druid.server.StatusResource to GuiceManagedComponentProvider with the scope "Singleton"
2025-09-26T01:29:31,103 INFO [main] org.eclipse.jetty.server.handler.ContextHandler - Started o.e.j.s.ServletContextHandler@7a053795{/,null,AVAILABLE}
2025-09-26T01:29:31,112 INFO [main] org.eclipse.jetty.server.AbstractConnector - Started ServerConnector@6d4c7248{HTTP/1.1, (http/1.1)}{0.0.0.0:8100}
2025-09-26T01:29:31,113 INFO [main] org.eclipse.jetty.server.Server - Started @3692ms
2025-09-26T01:29:31,113 INFO [main] org.apache.druid.java.util.common.lifecycle.Lifecycle - Starting lifecycle [module] stage [ANNOUNCEMENTS]
2025-09-26T01:29:31,113 INFO [main] org.apache.druid.java.util.common.lifecycle.Lifecycle$AnnotationBasedHandler - Starting lifecycle [PathChildrenAnnouncer#start]
2025-09-26T01:29:31,113 INFO [main] org.apache.druid.java.util.common.lifecycle.Lifecycle - Successfully started lifecycle [module]
2025-09-26T01:29:32,392 DEBUG [qtp1055772899-116] org.apache.druid.jetty.RequestLog - 172.20.0.4 GET //172.20.0.8:8100/druid/worker/v1/chat/query-ce67b922-c28e-4b6d-a13f-74ee10316e99/liveReports HTTP/1.1 200
2025-09-26T01:29:34,034 DEBUG [qtp1055772899-112] org.apache.druid.jetty.RequestLog - 172.20.0.4 GET //172.20.0.8:8100/druid/worker/v1/chat/query-ce67b922-c28e-4b6d-a13f-74ee10316e99/liveReports HTTP/1.1 200
2025-09-26T01:29:50,967 INFO [ServiceClientFactory-3] org.apache.druid.rpc.ServiceClientImpl - Service [overlord] request [POST http://172.20.0.4:8081/druid/indexer/v1/taskStatus] encountered server error [503 Service Unavailable] on attempt #1; retrying in 100 ms; body: <html>
<head>
<meta http-equiv="Content-Type" content="text/html;charset=ISO-8859-1"/>
<title>Error 503 Service Unavailable</title>
</head>
<body><h2>HTTP ERROR 503 Service Unavailable</h2>
<table>
<tr><th>URI:</th><td>/druid/indexer/v1/taskStatus</td></tr>
<tr><th>STATUS:</th><td>503</td></tr>
<tr><th>MESSAGE:</th><td>Service Unavailable</td></tr>
<tr><th>SERVLET:</th><td>default</td></tr>
</table>

</body>
</html>

2025-09-26T01:29:51,079 INFO [ServiceClientFactory-2] org.apache.druid.rpc.ServiceClientImpl - Service [overlord] request [POST http://172.20.0.4:8081/druid/indexer/v1/taskStatus] encountered server error [503 Service Unavailable] on attempt #2; retrying in 200 ms; body: <html>
<head>
<meta http-equiv="Content-Type" content="text/html;charset=ISO-8859-1"/>
<title>Error 503 Service Unavailable</title>
</head>
<body><h2>HTTP ERROR 503 Service Unavailable</h2>
<table>
<tr><th>URI:</th><td>/druid/indexer/v1/taskStatus</td></tr>
<tr><th>STATUS:</th><td>503</td></tr>
<tr><th>MESSAGE:</th><td>Service Unavailable</td></tr>
<tr><th>SERVLET:</th><td>default</td></tr>
</table>

</body>
</html>

2025-09-26T01:29:51,293 INFO [ServiceClientFactory-1] org.apache.druid.rpc.ServiceClientImpl - Service [overlord] request [POST http://172.20.0.4:8081/druid/indexer/v1/taskStatus] encountered server error [503 Service Unavailable] on attempt #3; retrying in 400 ms; body: <html>
<head>
<meta http-equiv="Content-Type" content="text/html;charset=ISO-8859-1"/>
<title>Error 503 Service Unavailable</title>
</head>
<body><h2>HTTP ERROR 503 Service Unavailable</h2>
<table>
<tr><th>URI:</th><td>/druid/indexer/v1/taskStatus</td></tr>
<tr><th>STATUS:</th><td>503</td></tr>
<tr><th>MESSAGE:</th><td>Service Unavailable</td></tr>
<tr><th>SERVLET:</th><td>default</td></tr>
</table>

</body>
</html>

2025-09-26T01:29:51,715 INFO [ServiceClientFactory-3] org.apache.druid.rpc.ServiceClientImpl - Service [overlord] request [POST http://172.20.0.4:8081/druid/indexer/v1/taskStatus] encountered server error [503 Service Unavailable] on attempt #4; retrying in 800 ms; body: <html>
<head>
<meta http-equiv="Content-Type" content="text/html;charset=ISO-8859-1"/>
<title>Error 503 Service Unavailable</title>
</head>
<body><h2>HTTP ERROR 503 Service Unavailable</h2>
<table>
<tr><th>URI:</th><td>/druid/indexer/v1/taskStatus</td></tr>
<tr><th>STATUS:</th><td>503</td></tr>
<tr><th>MESSAGE:</th><td>Service Unavailable</td></tr>
<tr><th>SERVLET:</th><td>default</td></tr>
</table>

</body>
</html>

2025-09-26T01:29:52,548 INFO [ServiceClientFactory-2] org.apache.druid.rpc.ServiceClientImpl - Service [overlord] request [POST http://172.20.0.4:8081/druid/indexer/v1/taskStatus] encountered server error [503 Service Unavailable] on attempt #5; retrying in 1,600 ms; body: <html>
<head>
<meta http-equiv="Content-Type" content="text/html;charset=ISO-8859-1"/>
<title>Error 503 Service Unavailable</title>
</head>
<body><h2>HTTP ERROR 503 Service Unavailable</h2>
<table>
<tr><th>URI:</th><td>/druid/indexer/v1/taskStatus</td></tr>
<tr><th>STATUS:</th><td>503</td></tr>
<tr><th>MESSAGE:</th><td>Service Unavailable</td></tr>
<tr><th>SERVLET:</th><td>default</td></tr>
</table>

</body>
</html>

2025-09-26T01:29:54,151 INFO [ServiceClientFactory-0] org.apache.druid.rpc.ServiceClientImpl - Service [overlord] request [POST http://172.20.0.4:8081/druid/indexer/v1/taskStatus] completed.
2025-09-26T01:29:54,264 DEBUG [qtp1055772899-115] org.apache.druid.jetty.RequestLog - 172.20.0.4 GET //172.20.0.8:8100/druid/worker/v1/chat/query-ce67b922-c28e-4b6d-a13f-74ee10316e99/liveReports HTTP/1.1 200
2025-09-26T01:29:54,992 INFO [ServiceClientFactory-2] org.apache.druid.rpc.ServiceClientImpl - Service [query-ce67b922-c28e-4b6d-a13f-74ee10316e99-worker0_0] request [POST http://172.20.0.8:8101/druid/worker/v1/chat/query-ce67b922-c28e-4b6d-a13f-74ee10316e99-worker0_0/workOrder] completed.
2025-09-26T01:29:55,355 DEBUG [qtp1055772899-117] org.apache.druid.jetty.RequestLog - 172.20.0.8 POST //172.20.0.8:8100/druid/worker/v1/chat/query-ce67b922-c28e-4b6d-a13f-74ee10316e99/counters/query-ce67b922-c28e-4b6d-a13f-74ee10316e99-worker0_0 HTTP/1.1 200
2025-09-26T01:29:55,382 DEBUG [qtp1055772899-115] org.apache.druid.jetty.RequestLog - 172.20.0.4 GET //172.20.0.8:8100/druid/worker/v1/chat/query-ce67b922-c28e-4b6d-a13f-74ee10316e99/liveReports HTTP/1.1 200
2025-09-26T01:29:56,488 DEBUG [qtp1055772899-117] org.apache.druid.jetty.RequestLog - 172.20.0.4 GET //172.20.0.8:8100/druid/worker/v1/chat/query-ce67b922-c28e-4b6d-a13f-74ee10316e99/liveReports HTTP/1.1 200
2025-09-26T01:29:56,528 DEBUG [qtp1055772899-115] org.apache.druid.jetty.RequestLog - 172.20.0.8 POST //172.20.0.8:8100/druid/worker/v1/chat/query-ce67b922-c28e-4b6d-a13f-74ee10316e99/partialKeyStatisticsInformation/query-ce67b922-c28e-4b6d-a13f-74ee10316e99/0/0 HTTP/1.1 202
2025-09-26T01:29:56,536 DEBUG [qtp1055772899-117] org.apache.druid.jetty.RequestLog - 172.20.0.8 POST //172.20.0.8:8100/druid/worker/v1/chat/query-ce67b922-c28e-4b6d-a13f-74ee10316e99/counters/query-ce67b922-c28e-4b6d-a13f-74ee10316e99-worker0_0 HTTP/1.1 200
2025-09-26T01:29:56,550 DEBUG [qtp1055772899-115] org.apache.druid.jetty.RequestLog - 172.20.0.8 POST //172.20.0.8:8100/druid/worker/v1/chat/query-ce67b922-c28e-4b6d-a13f-74ee10316e99/counters/query-ce67b922-c28e-4b6d-a13f-74ee10316e99-worker0_0 HTTP/1.1 200
2025-09-26T01:29:56,723 INFO [task-runner-0-priority-0] org.apache.druid.msq.kernel.controller.ControllerStageTracker - Generating partition boundaries from stage: 0 of time chunk: [Sat Sep 12 00:00:00 UTC 2015] GMT
2025-09-26T01:29:56,731 INFO [task-runner-0-priority-0] org.apache.druid.msq.statistics.ClusterByStatisticsCollectorImpl - Most downsampled keyCollectors: [[DelegateOrMinKeyCollector{delegate=QuantilesSketchKeyCollector{sketch=ItemsSketch{N=39244, K=32768, retainedKeys=39244}, averageKeyLength=50.0}, minKey=null}]]
2025-09-26T01:29:56,743 INFO [task-runner-0-priority-0] org.apache.druid.msq.exec.ControllerImpl - Query [query-ce67b922-c28e-4b6d-a13f-74ee10316e99] sending out partition boundaries for stage 0 for workers {0}
2025-09-26T01:29:56,759 DEBUG [qtp1055772899-117] org.apache.druid.jetty.RequestLog - 172.20.0.8 POST //172.20.0.8:8100/druid/worker/v1/chat/query-ce67b922-c28e-4b6d-a13f-74ee10316e99/counters/query-ce67b922-c28e-4b6d-a13f-74ee10316e99-worker0_0 HTTP/1.1 200
2025-09-26T01:29:57,290 DEBUG [qtp1055772899-115] org.apache.druid.jetty.RequestLog - 172.20.0.8 POST //172.20.0.8:8100/druid/worker/v1/chat/query-ce67b922-c28e-4b6d-a13f-74ee10316e99/resultsComplete/query-ce67b922-c28e-4b6d-a13f-74ee10316e99/0/0 HTTP/1.1 202
2025-09-26T01:29:57,292 INFO [task-runner-0-priority-0] org.apache.druid.msq.exec.ControllerImpl - ShardSpec chosen: CLUSTERED BY clause is empty.
2025-09-26T01:29:57,293 DEBUG [qtp1055772899-117] org.apache.druid.jetty.RequestLog - 172.20.0.8 POST //172.20.0.8:8100/druid/worker/v1/chat/query-ce67b922-c28e-4b6d-a13f-74ee10316e99/counters/query-ce67b922-c28e-4b6d-a13f-74ee10316e99-worker0_0 HTTP/1.1 200
2025-09-26T01:29:57,305 INFO [task-runner-0-priority-0] org.apache.druid.msq.exec.ControllerImpl - Query [query-ce67b922-c28e-4b6d-a13f-74ee10316e99] generating 1 segments.
2025-09-26T01:29:57,306 INFO [task-runner-0-priority-0] org.apache.druid.msq.exec.ControllerImpl - Query [query-ce67b922-c28e-4b6d-a13f-74ee10316e99] using workers[1] for stage[1], writing to[localStorage], shuffle[none].
2025-09-26T01:29:57,374 DEBUG [qtp1055772899-115] org.apache.druid.jetty.RequestLog - 172.20.0.8 GET //172.20.0.8:8100/druid/worker/v1/chat/query-ce67b922-c28e-4b6d-a13f-74ee10316e99/taskList HTTP/1.1 200
2025-09-26T01:29:57,402 DEBUG [qtp1055772899-117] org.apache.druid.jetty.RequestLog - 172.20.0.8 POST //172.20.0.8:8100/druid/worker/v1/chat/query-ce67b922-c28e-4b6d-a13f-74ee10316e99/counters/query-ce67b922-c28e-4b6d-a13f-74ee10316e99-worker0_0 HTTP/1.1 200
2025-09-26T01:29:57,618 DEBUG [qtp1055772899-115] org.apache.druid.jetty.RequestLog - 172.20.0.4 GET //172.20.0.8:8100/druid/worker/v1/chat/query-ce67b922-c28e-4b6d-a13f-74ee10316e99/liveReports HTTP/1.1 200
2025-09-26T01:30:00,673 DEBUG [qtp1055772899-117] org.apache.druid.jetty.RequestLog - 172.20.0.4 GET //172.20.0.8:8100/druid/worker/v1/chat/query-ce67b922-c28e-4b6d-a13f-74ee10316e99/liveReports HTTP/1.1 200
2025-09-26T01:30:01,239 DEBUG [qtp1055772899-115] org.apache.druid.jetty.RequestLog - 172.20.0.8 POST //172.20.0.8:8100/druid/worker/v1/chat/query-ce67b922-c28e-4b6d-a13f-74ee10316e99/resultsComplete/query-ce67b922-c28e-4b6d-a13f-74ee10316e99/1/0 HTTP/1.1 202
2025-09-26T01:30:01,249 DEBUG [qtp1055772899-117] org.apache.druid.jetty.RequestLog - 172.20.0.8 POST //172.20.0.8:8100/druid/worker/v1/chat/query-ce67b922-c28e-4b6d-a13f-74ee10316e99/counters/query-ce67b922-c28e-4b6d-a13f-74ee10316e99-worker0_0 HTTP/1.1 200
2025-09-26T01:30:01,300 INFO [task-runner-0-priority-0] org.apache.druid.msq.exec.ControllerImpl - Query [query-ce67b922-c28e-4b6d-a13f-74ee10316e99] issuing cleanup order for stage 1.
2025-09-26T01:30:01,314 INFO [task-runner-0-priority-0] org.apache.druid.msq.exec.ControllerImpl - Query [query-ce67b922-c28e-4b6d-a13f-74ee10316e99] issuing cleanup order for stage 0.
2025-09-26T01:30:01,318 INFO [task-runner-0-priority-0] org.apache.druid.msq.exec.ControllerImpl - Query [query-ce67b922-c28e-4b6d-a13f-74ee10316e99] publishing 1 segments.
2025-09-26T01:30:01,320 DEBUG [qtp1055772899-115] org.apache.druid.jetty.RequestLog - 172.20.0.8 POST //172.20.0.8:8100/druid/worker/v1/chat/query-ce67b922-c28e-4b6d-a13f-74ee10316e99/counters/query-ce67b922-c28e-4b6d-a13f-74ee10316e99-worker0_0 HTTP/1.1 200
2025-09-26T01:30:01,330 DEBUG [qtp1055772899-117] org.apache.druid.jetty.RequestLog - 172.20.0.8 POST //172.20.0.8:8100/druid/worker/v1/chat/query-ce67b922-c28e-4b6d-a13f-74ee10316e99/counters/query-ce67b922-c28e-4b6d-a13f-74ee10316e99-worker0_0 HTTP/1.1 200
2025-09-26T01:30:01,544 INFO [task-runner-0-priority-0] org.apache.druid.java.util.common.lifecycle.Lifecycle$AnnotationBasedHandler - Starting lifecycle [DiscoveryServiceLocator#start]
2025-09-26T01:30:01,624 INFO [NodeRoleWatcher[BROKER]] org.apache.druid.discovery.BaseNodeRoleWatcher - Node [http://172.20.0.6:8082] of role [broker] detected.
2025-09-26T01:30:01,624 INFO [NodeRoleWatcher[BROKER]] org.apache.druid.discovery.BaseNodeRoleWatcher - Node watcher of role [broker] is now initialized with 1 nodes.
2025-09-26T01:30:02,306 DEBUG [qtp1055772899-117] org.apache.druid.jetty.RequestLog - 172.20.0.4 GET //172.20.0.8:8100/druid/worker/v1/chat/query-ce67b922-c28e-4b6d-a13f-74ee10316e99/liveReports HTTP/1.1 200
2025-09-26T01:30:03,715 DEBUG [qtp1055772899-115] org.apache.druid.jetty.RequestLog - 172.20.0.4 GET //172.20.0.8:8100/druid/worker/v1/chat/query-ce67b922-c28e-4b6d-a13f-74ee10316e99/liveReports HTTP/1.1 200
2025-09-26T01:30:04,782 DEBUG [qtp1055772899-117] org.apache.druid.jetty.RequestLog - 172.20.0.4 GET //172.20.0.8:8100/druid/worker/v1/chat/query-ce67b922-c28e-4b6d-a13f-74ee10316e99/liveReports HTTP/1.1 200
2025-09-26T01:30:05,678 INFO [task-runner-0-priority-0] org.apache.druid.msq.exec.ControllerImpl - Controller will now wait for segments to be loaded. The query has already finished executing, and results will be included once the segments are loaded, even if this query is canceled now.
2025-09-26T01:30:05,680 INFO [query-ce67b922-c28e-4b6d-a13f-74ee10316e99-segment-load-waiter-0] org.apache.druid.msq.exec.SegmentLoadStatusFetcher - Fetching segment load status for datasource[wikiticker-2015-09-12-sampled] from broker
2025-09-26T01:30:05,824 DEBUG [qtp1055772899-115] org.apache.druid.jetty.RequestLog - 172.20.0.4 GET //172.20.0.8:8100/druid/worker/v1/chat/query-ce67b922-c28e-4b6d-a13f-74ee10316e99/liveReports HTTP/1.1 200
2025-09-26T01:30:06,077 INFO [query-ce67b922-c28e-4b6d-a13f-74ee10316e99-segment-load-waiter-0] org.apache.druid.msq.exec.SegmentLoadStatusFetcher - Segment loading completed for datasource[wikiticker-2015-09-12-sampled]
2025-09-26T01:30:06,092 INFO [task-runner-0-priority-0] org.apache.druid.indexing.worker.executor.ExecutorLifecycle - Task completed with status: {
  "id" : "query-ce67b922-c28e-4b6d-a13f-74ee10316e99",
  "status" : "SUCCESS",
  "duration" : 35483,
  "errorMsg" : null,
  "location" : {
    "host" : null,
    "port" : -1,
    "tlsPort" : -1
  }
}
2025-09-26T01:30:06,098 INFO [main] org.apache.druid.java.util.common.lifecycle.Lifecycle - Stopping lifecycle [module] stage [ANNOUNCEMENTS]
2025-09-26T01:30:06,099 INFO [main] org.apache.druid.java.util.common.lifecycle.Lifecycle - Stopping lifecycle [module] stage [SERVER]
2025-09-26T01:30:06,105 INFO [main] org.eclipse.jetty.server.AbstractConnector - Stopped ServerConnector@6d4c7248{HTTP/1.1, (http/1.1)}{0.0.0.0:8100}
2025-09-26T01:30:06,106 INFO [main] org.eclipse.jetty.server.session - node0 Stopped scavenging
2025-09-26T01:30:06,107 INFO [main] org.eclipse.jetty.server.handler.ContextHandler - Stopped o.e.j.s.ServletContextHandler@7a053795{/,null,STOPPED}
2025-09-26T01:30:06,110 INFO [main] org.apache.druid.indexing.overlord.SingleTaskBackgroundRunner - Starting graceful shutdown of task[query-ce67b922-c28e-4b6d-a13f-74ee10316e99].
2025-09-26T01:30:06,111 INFO [main] org.apache.druid.msq.exec.ControllerImpl - Query [query-ce67b922-c28e-4b6d-a13f-74ee10316e99] canceled.
2025-09-26T01:30:06,111 INFO [main] org.apache.druid.java.util.common.lifecycle.Lifecycle - Stopping lifecycle [module] stage [NORMAL]
2025-09-26T01:30:06,127 INFO [LookupExtractorFactoryContainerProvider-MainThread] org.apache.druid.query.lookup.LookupReferencesManager - Lookup Management loop exited. Lookup notices are not handled anymore.
2025-09-26T01:30:06,132 INFO [Curator-Framework-0] org.apache.curator.framework.imps.CuratorFrameworkImpl - backgroundOperationsLoop exiting
2025-09-26T01:30:06,241 INFO [main] org.apache.zookeeper.ZooKeeper - Session: 0x100001022a7000b closed
2025-09-26T01:30:06,241 INFO [main-EventThread] org.apache.zookeeper.ClientCnxn - EventThread shut down for session: 0x100001022a7000b
2025-09-26T01:30:06,245 INFO [main] org.apache.druid.java.util.common.lifecycle.Lifecycle - Stopping lifecycle [module] stage [INIT]
Finished peon task
